{"/Users/andy/Development/erc725/src/index.ts": {"path":"/Users/andy/Development/erc725/src/index.ts","statementMap":{"0":{"start":{"line":142,"column":0},"end":{"line":142,"column":7}},"1":{"start":{"line":24,"column":0},"end":{"line":24,"column":46}},"2":{"start":{"line":26,"column":0},"end":{"line":26,"column":60}},"3":{"start":{"line":28,"column":0},"end":{"line":28,"column":null}},"4":{"start":{"line":37,"column":0},"end":{"line":37,"column":46}},"5":{"start":{"line":38,"column":0},"end":{"line":38,"column":57}},"6":{"start":{"line":40,"column":0},"end":{"line":40,"column":null}},"7":{"start":{"line":45,"column":0},"end":{"line":45,"column":69}},"8":{"start":{"line":63,"column":0},"end":{"line":63,"column":45}},"9":{"start":{"line":64,"column":0},"end":{"line":64,"column":77}},"10":{"start":{"line":66,"column":0},"end":{"line":66,"column":39}},"11":{"start":{"line":67,"column":0},"end":{"line":67,"column":null}},"12":{"start":{"line":75,"column":0},"end":{"line":75,"column":58}},"13":{"start":{"line":76,"column":0},"end":{"line":76,"column":57}},"14":{"start":{"line":77,"column":0},"end":{"line":77,"column":null}},"15":{"start":{"line":85,"column":0},"end":{"line":85,"column":42}},"16":{"start":{"line":96,"column":0},"end":{"line":96,"column":null}},"17":{"start":{"line":97,"column":2},"end":{"line":97,"column":null}},"18":{"start":{"line":98,"column":2},"end":{"line":98,"column":null}},"19":{"start":{"line":99,"column":2},"end":{"line":99,"column":null}},"20":{"start":{"line":100,"column":2},"end":{"line":100,"column":null}},"21":{"start":{"line":102,"column":0},"end":{"line":102,"column":9}},"22":{"start":{"line":102,"column":9},"end":{"line":102,"column":45}},"23":{"start":{"line":103,"column":0},"end":{"line":103,"column":9}},"24":{"start":{"line":103,"column":9},"end":{"line":103,"column":24}},"25":{"start":{"line":103,"column":24},"end":{"line":103,"column":69}},"26":{"start":{"line":104,"column":0},"end":{"line":104,"column":9}},"27":{"start":{"line":104,"column":9},"end":{"line":104,"column":57}},"28":{"start":{"line":105,"column":0},"end":{"line":105,"column":null}},"29":{"start":{"line":106,"column":2},"end":{"line":106,"column":null}},"30":{"start":{"line":107,"column":2},"end":{"line":107,"column":null}},"31":{"start":{"line":108,"column":2},"end":{"line":108,"column":null}},"32":{"start":{"line":109,"column":2},"end":{"line":109,"column":null}},"33":{"start":{"line":110,"column":2},"end":{"line":110,"column":null}},"34":{"start":{"line":111,"column":2},"end":{"line":111,"column":null}},"35":{"start":{"line":113,"column":0},"end":{"line":113,"column":9}},"36":{"start":{"line":113,"column":9},"end":{"line":113,"column":77}},"37":{"start":{"line":114,"column":0},"end":{"line":114,"column":null}},"38":{"start":{"line":115,"column":2},"end":{"line":115,"column":null}},"39":{"start":{"line":116,"column":2},"end":{"line":116,"column":null}},"40":{"start":{"line":117,"column":2},"end":{"line":117,"column":null}},"41":{"start":{"line":118,"column":2},"end":{"line":118,"column":null}},"42":{"start":{"line":120,"column":0},"end":{"line":120,"column":9}},"43":{"start":{"line":120,"column":9},"end":{"line":120,"column":46}},"44":{"start":{"line":125,"column":2},"end":{"line":125,"column":null}},"45":{"start":{"line":125,"column":25},"end":{"line":125,"column":null}},"46":{"start":{"line":128,"column":2},"end":{"line":130,"column":3}},"47":{"start":{"line":129,"column":4},"end":{"line":129,"column":null}},"48":{"start":{"line":132,"column":2},"end":{"line":136,"column":null}},"49":{"start":{"line":136,"column":4},"end":{"line":136,"column":null}},"50":{"start":{"line":138,"column":2},"end":{"line":138,"column":null}},"51":{"start":{"line":151,"column":2},"end":{"line":153,"column":3}},"52":{"start":{"line":152,"column":4},"end":{"line":152,"column":null}},"53":{"start":{"line":154,"column":2},"end":{"line":156,"column":3}},"54":{"start":{"line":155,"column":4},"end":{"line":155,"column":null}},"55":{"start":{"line":158,"column":2},"end":{"line":166,"column":null}},"56":{"start":{"line":195,"column":4},"end":{"line":197,"column":5}},"57":{"start":{"line":196,"column":6},"end":{"line":196,"column":null}},"58":{"start":{"line":199,"column":26},"end":{"line":202,"column":null}},"59":{"start":{"line":204,"column":4},"end":{"line":219,"column":null}},"60":{"start":{"line":206,"column":36},"end":{"line":206,"column":79}},"61":{"start":{"line":230,"column":4},"end":{"line":272,"column":null}},"62":{"start":{"line":231,"column":6},"end":{"line":240,"column":7}},"63":{"start":{"line":235,"column":8},"end":{"line":239,"column":9}},"64":{"start":{"line":236,"column":10},"end":{"line":238,"column":null}},"65":{"start":{"line":242,"column":6},"end":{"line":271,"column":7}},"66":{"start":{"line":243,"column":41},"end":{"line":243,"column":45}},"67":{"start":{"line":245,"column":8},"end":{"line":251,"column":null}},"68":{"start":{"line":246,"column":10},"end":{"line":248,"column":11}},"69":{"start":{"line":247,"column":12},"end":{"line":247,"column":null}},"70":{"start":{"line":249,"column":10},"end":{"line":249,"column":null}},"71":{"start":{"line":250,"column":10},"end":{"line":250,"column":null}},"72":{"start":{"line":253,"column":29},"end":{"line":253,"column":31}},"73":{"start":{"line":254,"column":8},"end":{"line":259,"column":9}},"74":{"start":{"line":256,"column":10},"end":{"line":256,"column":null}},"75":{"start":{"line":258,"column":10},"end":{"line":258,"column":null}},"76":{"start":{"line":261,"column":8},"end":{"line":265,"column":9}},"77":{"start":{"line":262,"column":10},"end":{"line":264,"column":null}},"78":{"start":{"line":267,"column":8},"end":{"line":267,"column":null}},"79":{"start":{"line":270,"column":8},"end":{"line":270,"column":null}},"80":{"start":{"line":276,"column":4},"end":{"line":276,"column":null}},"81":{"start":{"line":280,"column":4},"end":{"line":282,"column":5}},"82":{"start":{"line":281,"column":6},"end":{"line":281,"column":null}},"83":{"start":{"line":283,"column":4},"end":{"line":285,"column":5}},"84":{"start":{"line":284,"column":6},"end":{"line":284,"column":null}},"85":{"start":{"line":287,"column":4},"end":{"line":290,"column":null}},"86":{"start":{"line":315,"column":4},"end":{"line":315,"column":null}},"87":{"start":{"line":316,"column":4},"end":{"line":316,"column":null}},"88":{"start":{"line":341,"column":4},"end":{"line":349,"column":5}},"89":{"start":{"line":342,"column":6},"end":{"line":342,"column":null}},"90":{"start":{"line":343,"column":11},"end":{"line":349,"column":5}},"91":{"start":{"line":344,"column":6},"end":{"line":346,"column":null}},"92":{"start":{"line":345,"column":26},"end":{"line":345,"column":38}},"93":{"start":{"line":346,"column":25},"end":{"line":346,"column":47}},"94":{"start":{"line":348,"column":6},"end":{"line":348,"column":null}},"95":{"start":{"line":351,"column":26},"end":{"line":351,"column":54}},"96":{"start":{"line":355,"column":20},"end":{"line":357,"column":null}},"97":{"start":{"line":360,"column":36},"end":{"line":363,"column":null}},"98":{"start":{"line":366,"column":4},"end":{"line":372,"column":5}},"99":{"start":{"line":371,"column":6},"end":{"line":371,"column":null}},"100":{"start":{"line":374,"column":4},"end":{"line":374,"column":null}},"101":{"start":{"line":399,"column":4},"end":{"line":399,"column":null}},"102":{"start":{"line":417,"column":4},"end":{"line":417,"column":null}},"103":{"start":{"line":435,"column":4},"end":{"line":435,"column":null}},"104":{"start":{"line":454,"column":4},"end":{"line":454,"column":null}},"105":{"start":{"line":473,"column":4},"end":{"line":473,"column":null}},"106":{"start":{"line":494,"column":34},"end":{"line":494,"column":62}},"107":{"start":{"line":496,"column":4},"end":{"line":496,"column":null}},"108":{"start":{"line":510,"column":4},"end":{"line":512,"column":5}},"109":{"start":{"line":511,"column":6},"end":{"line":511,"column":null}},"110":{"start":{"line":513,"column":4},"end":{"line":515,"column":5}},"111":{"start":{"line":514,"column":6},"end":{"line":514,"column":null}},"112":{"start":{"line":517,"column":4},"end":{"line":522,"column":null}},"113":{"start":{"line":537,"column":4},"end":{"line":537,"column":null}},"114":{"start":{"line":549,"column":4},"end":{"line":549,"column":null}},"115":{"start":{"line":564,"column":4},"end":{"line":564,"column":null}},"116":{"start":{"line":579,"column":4},"end":{"line":579,"column":null}},"117":{"start":{"line":590,"column":34},"end":{"line":590,"column":62}},"118":{"start":{"line":592,"column":4},"end":{"line":595,"column":null}},"119":{"start":{"line":610,"column":4},"end":{"line":610,"column":null}},"120":{"start":{"line":624,"column":4},"end":{"line":624,"column":null}},"121":{"start":{"line":635,"column":4},"end":{"line":635,"column":null}},"122":{"start":{"line":646,"column":4},"end":{"line":646,"column":null}},"123":{"start":{"line":657,"column":4},"end":{"line":657,"column":null}},"124":{"start":{"line":672,"column":4},"end":{"line":672,"column":null}},"125":{"start":{"line":687,"column":4},"end":{"line":687,"column":null}},"126":{"start":{"line":691,"column":4},"end":{"line":691,"column":null}},"127":{"start":{"line":695,"column":4},"end":{"line":695,"column":null}},"128":{"start":{"line":710,"column":4},"end":{"line":710,"column":null}},"129":{"start":{"line":717,"column":4},"end":{"line":717,"column":null}},"130":{"start":{"line":726,"column":4},"end":{"line":726,"column":null}},"131":{"start":{"line":730,"column":4},"end":{"line":730,"column":null}},"132":{"start":{"line":737,"column":4},"end":{"line":737,"column":null}},"133":{"start":{"line":744,"column":4},"end":{"line":744,"column":null}},"134":{"start":{"line":751,"column":4},"end":{"line":751,"column":null}},"135":{"start":{"line":758,"column":4},"end":{"line":758,"column":null}},"136":{"start":{"line":768,"column":4},"end":{"line":768,"column":null}},"137":{"start":{"line":775,"column":4},"end":{"line":775,"column":null}},"138":{"start":{"line":779,"column":4},"end":{"line":779,"column":null}},"139":{"start":{"line":783,"column":4},"end":{"line":783,"column":null}},"140":{"start":{"line":793,"column":4},"end":{"line":793,"column":null}},"141":{"start":{"line":803,"column":4},"end":{"line":803,"column":null}},"142":{"start":{"line":810,"column":4},"end":{"line":810,"column":null}},"143":{"start":{"line":817,"column":4},"end":{"line":817,"column":null}},"144":{"start":{"line":175,"column":0},"end":{"line":175,"column":13}},"145":{"start":{"line":821,"column":0},"end":{"line":821,"column":null}}},"fnMap":{"0":{"name":"(anonymous_1)","decl":{"start":{"line":97,"column":2},"end":{"line":97,"column":12}},"loc":{"start":{"line":97,"column":2},"end":{"line":97,"column":null}}},"1":{"name":"(anonymous_2)","decl":{"start":{"line":98,"column":2},"end":{"line":98,"column":16}},"loc":{"start":{"line":98,"column":2},"end":{"line":98,"column":null}}},"2":{"name":"(anonymous_3)","decl":{"start":{"line":99,"column":2},"end":{"line":99,"column":23}},"loc":{"start":{"line":99,"column":2},"end":{"line":99,"column":null}}},"3":{"name":"(anonymous_4)","decl":{"start":{"line":100,"column":2},"end":{"line":100,"column":17}},"loc":{"start":{"line":100,"column":2},"end":{"line":100,"column":null}}},"4":{"name":"(anonymous_5)","decl":{"start":{"line":102,"column":9},"end":{"line":102,"column":19}},"loc":{"start":{"line":102,"column":9},"end":{"line":102,"column":45}}},"5":{"name":"(anonymous_6)","decl":{"start":{"line":103,"column":9},"end":{"line":103,"column":22}},"loc":{"start":{"line":103,"column":9},"end":{"line":103,"column":24}}},"6":{"name":"(anonymous_7)","decl":{"start":{"line":103,"column":24},"end":{"line":103,"column":40}},"loc":{"start":{"line":103,"column":24},"end":{"line":103,"column":69}}},"7":{"name":"(anonymous_8)","decl":{"start":{"line":104,"column":9},"end":{"line":104,"column":25}},"loc":{"start":{"line":104,"column":9},"end":{"line":104,"column":57}}},"8":{"name":"(anonymous_9)","decl":{"start":{"line":106,"column":2},"end":{"line":106,"column":26}},"loc":{"start":{"line":106,"column":2},"end":{"line":106,"column":null}}},"9":{"name":"(anonymous_10)","decl":{"start":{"line":107,"column":2},"end":{"line":107,"column":26}},"loc":{"start":{"line":107,"column":2},"end":{"line":107,"column":null}}},"10":{"name":"(anonymous_11)","decl":{"start":{"line":108,"column":2},"end":{"line":108,"column":17}},"loc":{"start":{"line":108,"column":2},"end":{"line":108,"column":null}}},"11":{"name":"(anonymous_12)","decl":{"start":{"line":109,"column":2},"end":{"line":109,"column":17}},"loc":{"start":{"line":109,"column":2},"end":{"line":109,"column":null}}},"12":{"name":"(anonymous_13)","decl":{"start":{"line":110,"column":2},"end":{"line":110,"column":20}},"loc":{"start":{"line":110,"column":2},"end":{"line":110,"column":null}}},"13":{"name":"(anonymous_14)","decl":{"start":{"line":111,"column":2},"end":{"line":111,"column":20}},"loc":{"start":{"line":111,"column":2},"end":{"line":111,"column":null}}},"14":{"name":"(anonymous_15)","decl":{"start":{"line":113,"column":9},"end":{"line":113,"column":35}},"loc":{"start":{"line":113,"column":9},"end":{"line":113,"column":77}}},"15":{"name":"(anonymous_16)","decl":{"start":{"line":115,"column":2},"end":{"line":115,"column":19}},"loc":{"start":{"line":115,"column":2},"end":{"line":115,"column":null}}},"16":{"name":"(anonymous_17)","decl":{"start":{"line":116,"column":2},"end":{"line":116,"column":19}},"loc":{"start":{"line":116,"column":2},"end":{"line":116,"column":null}}},"17":{"name":"(anonymous_18)","decl":{"start":{"line":117,"column":2},"end":{"line":117,"column":18}},"loc":{"start":{"line":117,"column":2},"end":{"line":117,"column":null}}},"18":{"name":"(anonymous_19)","decl":{"start":{"line":118,"column":2},"end":{"line":118,"column":15}},"loc":{"start":{"line":118,"column":2},"end":{"line":118,"column":null}}},"19":{"name":"(anonymous_20)","decl":{"start":{"line":120,"column":9},"end":{"line":120,"column":18}},"loc":{"start":{"line":120,"column":9},"end":{"line":120,"column":46}}},"20":{"name":"initializeProvider","decl":{"start":{"line":123,"column":9},"end":{"line":123,"column":27}},"loc":{"start":{"line":123,"column":53},"end":{"line":139,"column":1}}},"21":{"name":"supportsInterface","decl":{"start":{"line":142,"column":22},"end":{"line":142,"column":39}},"loc":{"start":{"line":149,"column":3},"end":{"line":167,"column":1}}},"22":{"name":"(anonymous_23)","decl":{"start":{"line":186,"column":2},"end":{"line":186,"column":null}},"loc":{"start":{"line":190,"column":25},"end":{"line":220,"column":3}}},"23":{"name":"(anonymous_24)","decl":{"start":{"line":206,"column":24},"end":{"line":206,"column":25}},"loc":{"start":{"line":206,"column":36},"end":{"line":206,"column":79}}},"24":{"name":"(anonymous_25)","decl":{"start":{"line":229,"column":10},"end":{"line":229,"column":25}},"loc":{"start":{"line":229,"column":53},"end":{"line":273,"column":3}}},"25":{"name":"(anonymous_26)","decl":{"start":{"line":230,"column":26},"end":{"line":230,"column":27}},"loc":{"start":{"line":230,"column":37},"end":{"line":272,"column":5}}},"26":{"name":"(anonymous_27)","decl":{"start":{"line":245,"column":40},"end":{"line":245,"column":41}},"loc":{"start":{"line":245,"column":52},"end":{"line":251,"column":9}}},"27":{"name":"(anonymous_28)","decl":{"start":{"line":275,"column":12},"end":{"line":275,"column":18}},"loc":{"start":{"line":275,"column":63},"end":{"line":277,"column":3}}},"28":{"name":"(anonymous_29)","decl":{"start":{"line":279,"column":10},"end":{"line":279,"column":31}},"loc":{"start":{"line":279,"column":31},"end":{"line":291,"column":3}}},"29":{"name":"(anonymous_30)","decl":{"start":{"line":312,"column":2},"end":{"line":312,"column":7}},"loc":{"start":{"line":313,"column":28},"end":{"line":317,"column":3}}},"30":{"name":"(anonymous_31)","decl":{"start":{"line":337,"column":2},"end":{"line":337,"column":7}},"loc":{"start":{"line":338,"column":28},"end":{"line":375,"column":3}}},"31":{"name":"(anonymous_32)","decl":{"start":{"line":345,"column":13},"end":{"line":345,"column":14}},"loc":{"start":{"line":345,"column":26},"end":{"line":345,"column":38}}},"32":{"name":"(anonymous_33)","decl":{"start":{"line":346,"column":16},"end":{"line":346,"column":17}},"loc":{"start":{"line":346,"column":25},"end":{"line":346,"column":47}}},"33":{"name":"(anonymous_34)","decl":{"start":{"line":395,"column":2},"end":{"line":395,"column":11}},"loc":{"start":{"line":397,"column":40},"end":{"line":400,"column":3}}},"34":{"name":"(anonymous_35)","decl":{"start":{"line":413,"column":2},"end":{"line":413,"column":12}},"loc":{"start":{"line":415,"column":32},"end":{"line":418,"column":3}}},"35":{"name":"(anonymous_36)","decl":{"start":{"line":431,"column":2},"end":{"line":431,"column":8}},"loc":{"start":{"line":433,"column":31},"end":{"line":436,"column":3}}},"36":{"name":"(anonymous_37)","decl":{"start":{"line":450,"column":2},"end":{"line":450,"column":12}},"loc":{"start":{"line":452,"column":32},"end":{"line":455,"column":3}}},"37":{"name":"(anonymous_38)","decl":{"start":{"line":469,"column":2},"end":{"line":469,"column":8}},"loc":{"start":{"line":471,"column":31},"end":{"line":474,"column":3}}},"38":{"name":"(anonymous_39)","decl":{"start":{"line":493,"column":2},"end":{"line":493,"column":7}},"loc":{"start":{"line":493,"column":34},"end":{"line":497,"column":3}}},"39":{"name":"(anonymous_40)","decl":{"start":{"line":506,"column":2},"end":{"line":506,"column":7}},"loc":{"start":{"line":508,"column":21},"end":{"line":523,"column":3}}},"40":{"name":"(anonymous_41)","decl":{"start":{"line":533,"column":2},"end":{"line":533,"column":8}},"loc":{"start":{"line":535,"column":37},"end":{"line":538,"column":3}}},"41":{"name":"(anonymous_42)","decl":{"start":{"line":548,"column":2},"end":{"line":548,"column":15}},"loc":{"start":{"line":548,"column":66},"end":{"line":550,"column":3}}},"42":{"name":"(anonymous_43)","decl":{"start":{"line":560,"column":2},"end":{"line":560,"column":8}},"loc":{"start":{"line":562,"column":46},"end":{"line":565,"column":3}}},"43":{"name":"(anonymous_44)","decl":{"start":{"line":575,"column":2},"end":{"line":575,"column":18}},"loc":{"start":{"line":577,"column":46},"end":{"line":580,"column":3}}},"44":{"name":"(anonymous_45)","decl":{"start":{"line":589,"column":2},"end":{"line":589,"column":7}},"loc":{"start":{"line":589,"column":51},"end":{"line":596,"column":3}}},"45":{"name":"(anonymous_46)","decl":{"start":{"line":606,"column":2},"end":{"line":606,"column":8}},"loc":{"start":{"line":608,"column":62},"end":{"line":611,"column":3}}},"46":{"name":"(anonymous_47)","decl":{"start":{"line":623,"column":2},"end":{"line":623,"column":8}},"loc":{"start":{"line":623,"column":51},"end":{"line":625,"column":3}}},"47":{"name":"(anonymous_48)","decl":{"start":{"line":634,"column":2},"end":{"line":634,"column":19}},"loc":{"start":{"line":634,"column":44},"end":{"line":636,"column":3}}},"48":{"name":"(anonymous_49)","decl":{"start":{"line":645,"column":2},"end":{"line":645,"column":8}},"loc":{"start":{"line":645,"column":48},"end":{"line":647,"column":3}}},"49":{"name":"(anonymous_50)","decl":{"start":{"line":656,"column":2},"end":{"line":656,"column":19}},"loc":{"start":{"line":656,"column":41},"end":{"line":658,"column":3}}},"50":{"name":"(anonymous_51)","decl":{"start":{"line":668,"column":2},"end":{"line":668,"column":8}},"loc":{"start":{"line":670,"column":30},"end":{"line":673,"column":3}}},"51":{"name":"(anonymous_52)","decl":{"start":{"line":683,"column":2},"end":{"line":683,"column":18}},"loc":{"start":{"line":685,"column":30},"end":{"line":688,"column":3}}},"52":{"name":"(anonymous_53)","decl":{"start":{"line":690,"column":2},"end":{"line":690,"column":8}},"loc":{"start":{"line":690,"column":41},"end":{"line":692,"column":3}}},"53":{"name":"(anonymous_54)","decl":{"start":{"line":694,"column":2},"end":{"line":694,"column":15}},"loc":{"start":{"line":694,"column":34},"end":{"line":696,"column":3}}},"54":{"name":"(anonymous_55)","decl":{"start":{"line":706,"column":2},"end":{"line":706,"column":8}},"loc":{"start":{"line":708,"column":70},"end":{"line":711,"column":3}}},"55":{"name":"(anonymous_56)","decl":{"start":{"line":713,"column":2},"end":{"line":713,"column":17}},"loc":{"start":{"line":715,"column":70},"end":{"line":718,"column":3}}},"56":{"name":"(anonymous_57)","decl":{"start":{"line":725,"column":2},"end":{"line":725,"column":8}},"loc":{"start":{"line":725,"column":51},"end":{"line":727,"column":3}}},"57":{"name":"(anonymous_58)","decl":{"start":{"line":729,"column":2},"end":{"line":729,"column":17}},"loc":{"start":{"line":729,"column":44},"end":{"line":731,"column":3}}},"58":{"name":"(anonymous_59)","decl":{"start":{"line":733,"column":2},"end":{"line":733,"column":8}},"loc":{"start":{"line":735,"column":71},"end":{"line":738,"column":3}}},"59":{"name":"(anonymous_60)","decl":{"start":{"line":740,"column":2},"end":{"line":740,"column":20}},"loc":{"start":{"line":742,"column":71},"end":{"line":745,"column":3}}},"60":{"name":"(anonymous_61)","decl":{"start":{"line":747,"column":2},"end":{"line":747,"column":8}},"loc":{"start":{"line":749,"column":17},"end":{"line":752,"column":3}}},"61":{"name":"(anonymous_62)","decl":{"start":{"line":754,"column":2},"end":{"line":754,"column":20}},"loc":{"start":{"line":756,"column":17},"end":{"line":759,"column":3}}},"62":{"name":"(anonymous_63)","decl":{"start":{"line":764,"column":2},"end":{"line":764,"column":26}},"loc":{"start":{"line":766,"column":22},"end":{"line":769,"column":3}}},"63":{"name":"(anonymous_64)","decl":{"start":{"line":771,"column":2},"end":{"line":771,"column":8}},"loc":{"start":{"line":773,"column":22},"end":{"line":776,"column":3}}},"64":{"name":"(anonymous_65)","decl":{"start":{"line":778,"column":2},"end":{"line":778,"column":26}},"loc":{"start":{"line":778,"column":40},"end":{"line":780,"column":3}}},"65":{"name":"(anonymous_66)","decl":{"start":{"line":782,"column":2},"end":{"line":782,"column":8}},"loc":{"start":{"line":782,"column":47},"end":{"line":784,"column":3}}},"66":{"name":"(anonymous_67)","decl":{"start":{"line":786,"column":2},"end":{"line":786,"column":8}},"loc":{"start":{"line":786,"column":48},"end":{"line":794,"column":3}}},"67":{"name":"(anonymous_68)","decl":{"start":{"line":796,"column":2},"end":{"line":796,"column":23}},"loc":{"start":{"line":796,"column":41},"end":{"line":804,"column":3}}},"68":{"name":"(anonymous_69)","decl":{"start":{"line":806,"column":2},"end":{"line":806,"column":8}},"loc":{"start":{"line":808,"column":37},"end":{"line":811,"column":3}}},"69":{"name":"(anonymous_70)","decl":{"start":{"line":813,"column":2},"end":{"line":813,"column":17}},"loc":{"start":{"line":815,"column":37},"end":{"line":818,"column":3}}}},"branchMap":{"0":{"loc":{"start":{"line":125,"column":2},"end":{"line":125,"column":null}},"type":"if","locations":[{"start":{"line":125,"column":2},"end":{"line":125,"column":null}}]},"1":{"loc":{"start":{"line":128,"column":2},"end":{"line":130,"column":3}},"type":"if","locations":[{"start":{"line":128,"column":2},"end":{"line":130,"column":3}}]},"2":{"loc":{"start":{"line":132,"column":2},"end":{"line":136,"column":null}},"type":"if","locations":[{"start":{"line":132,"column":2},"end":{"line":136,"column":null}}]},"3":{"loc":{"start":{"line":133,"column":4},"end":{"line":134,"column":47}},"type":"binary-expr","locations":[{"start":{"line":133,"column":4},"end":{"line":133,"column":50}},{"start":{"line":134,"column":4},"end":{"line":134,"column":47}}]},"4":{"loc":{"start":{"line":151,"column":2},"end":{"line":153,"column":3}},"type":"if","locations":[{"start":{"line":151,"column":2},"end":{"line":153,"column":3}}]},"5":{"loc":{"start":{"line":154,"column":2},"end":{"line":156,"column":3}},"type":"if","locations":[{"start":{"line":154,"column":2},"end":{"line":156,"column":3}}]},"6":{"loc":{"start":{"line":161,"column":6},"end":{"line":164,"column":null}},"type":"binary-expr","locations":[{"start":{"line":161,"column":6},"end":{"line":161,"column":22}},{"start":{"line":162,"column":6},"end":{"line":164,"column":null}}]},"7":{"loc":{"start":{"line":164,"column":8},"end":{"line":164,"column":55}},"type":"cond-expr","locations":[{"start":{"line":164,"column":23},"end":{"line":164,"column":35}},{"start":{"line":164,"column":38},"end":{"line":164,"column":55}}]},"8":{"loc":{"start":{"line":195,"column":4},"end":{"line":197,"column":5}},"type":"if","locations":[{"start":{"line":195,"column":4},"end":{"line":197,"column":5}}]},"9":{"loc":{"start":{"line":211,"column":8},"end":{"line":211,"column":53}},"type":"cond-expr","locations":[{"start":{"line":211,"column":22},"end":{"line":211,"column":33}},{"start":{"line":211,"column":36},"end":{"line":211,"column":53}}]},"10":{"loc":{"start":{"line":215,"column":19},"end":{"line":217,"column":35}},"type":"cond-expr","locations":[{"start":{"line":216,"column":10},"end":{"line":216,"column":52}},{"start":{"line":217,"column":10},"end":{"line":217,"column":35}}]},"11":{"loc":{"start":{"line":218,"column":11},"end":{"line":218,"column":56}},"type":"cond-expr","locations":[{"start":{"line":218,"column":25},"end":{"line":218,"column":36}},{"start":{"line":218,"column":39},"end":{"line":218,"column":56}}]},"12":{"loc":{"start":{"line":231,"column":6},"end":{"line":240,"column":7}},"type":"if","locations":[{"start":{"line":231,"column":6},"end":{"line":240,"column":7}}]},"13":{"loc":{"start":{"line":232,"column":8},"end":{"line":233,"column":41}},"type":"binary-expr","locations":[{"start":{"line":232,"column":8},"end":{"line":232,"column":42}},{"start":{"line":233,"column":8},"end":{"line":233,"column":41}}]},"14":{"loc":{"start":{"line":235,"column":8},"end":{"line":239,"column":9}},"type":"if","locations":[{"start":{"line":235,"column":8},"end":{"line":239,"column":9}}]},"15":{"loc":{"start":{"line":246,"column":10},"end":{"line":248,"column":11}},"type":"if","locations":[{"start":{"line":246,"column":10},"end":{"line":248,"column":11}}]},"16":{"loc":{"start":{"line":254,"column":8},"end":{"line":259,"column":9}},"type":"if","locations":[{"start":{"line":254,"column":8},"end":{"line":259,"column":9}}]},"17":{"loc":{"start":{"line":261,"column":8},"end":{"line":265,"column":9}},"type":"if","locations":[{"start":{"line":261,"column":8},"end":{"line":265,"column":9}}]},"18":{"loc":{"start":{"line":263,"column":115},"end":{"line":263,"column":188}},"type":"cond-expr","locations":[{"start":{"line":263,"column":132},"end":{"line":263,"column":183}},{"start":{"line":263,"column":186},"end":{"line":263,"column":188}}]},"19":{"loc":{"start":{"line":280,"column":4},"end":{"line":282,"column":5}},"type":"if","locations":[{"start":{"line":280,"column":4},"end":{"line":282,"column":5}}]},"20":{"loc":{"start":{"line":280,"column":8},"end":{"line":280,"column":65}},"type":"binary-expr","locations":[{"start":{"line":280,"column":8},"end":{"line":280,"column":29}},{"start":{"line":280,"column":33},"end":{"line":280,"column":65}}]},"21":{"loc":{"start":{"line":283,"column":4},"end":{"line":285,"column":5}},"type":"if","locations":[{"start":{"line":283,"column":4},"end":{"line":285,"column":5}}]},"22":{"loc":{"start":{"line":341,"column":4},"end":{"line":349,"column":5}},"type":"if","locations":[{"start":{"line":341,"column":4},"end":{"line":349,"column":5}},{"start":{"line":343,"column":11},"end":{"line":349,"column":5}}]},"23":{"loc":{"start":{"line":343,"column":11},"end":{"line":349,"column":5}},"type":"if","locations":[{"start":{"line":343,"column":11},"end":{"line":349,"column":5}},{"start":{"line":347,"column":11},"end":{"line":349,"column":5}}]},"24":{"loc":{"start":{"line":366,"column":4},"end":{"line":372,"column":5}},"type":"if","locations":[{"start":{"line":366,"column":4},"end":{"line":372,"column":5}}]},"25":{"loc":{"start":{"line":367,"column":6},"end":{"line":369,"column":40}},"type":"binary-expr","locations":[{"start":{"line":367,"column":6},"end":{"line":367,"column":15}},{"start":{"line":368,"column":6},"end":{"line":368,"column":31}},{"start":{"line":369,"column":6},"end":{"line":369,"column":40}}]},"26":{"loc":{"start":{"line":399,"column":32},"end":{"line":399,"column":71}},"type":"binary-expr","locations":[{"start":{"line":399,"column":32},"end":{"line":399,"column":47}},{"start":{"line":399,"column":51},"end":{"line":399,"column":71}}]},"27":{"loc":{"start":{"line":417,"column":28},"end":{"line":417,"column":59}},"type":"binary-expr","locations":[{"start":{"line":417,"column":28},"end":{"line":417,"column":35}},{"start":{"line":417,"column":39},"end":{"line":417,"column":59}}]},"28":{"loc":{"start":{"line":454,"column":28},"end":{"line":454,"column":59}},"type":"binary-expr","locations":[{"start":{"line":454,"column":28},"end":{"line":454,"column":35}},{"start":{"line":454,"column":39},"end":{"line":454,"column":59}}]},"29":{"loc":{"start":{"line":496,"column":29},"end":{"line":496,"column":48}},"type":"binary-expr","locations":[{"start":{"line":496,"column":29},"end":{"line":496,"column":37}},{"start":{"line":496,"column":41},"end":{"line":496,"column":48}}]},"30":{"loc":{"start":{"line":510,"column":4},"end":{"line":512,"column":5}},"type":"if","locations":[{"start":{"line":510,"column":4},"end":{"line":512,"column":5}}]},"31":{"loc":{"start":{"line":510,"column":8},"end":{"line":510,"column":65}},"type":"binary-expr","locations":[{"start":{"line":510,"column":8},"end":{"line":510,"column":29}},{"start":{"line":510,"column":33},"end":{"line":510,"column":65}}]},"32":{"loc":{"start":{"line":513,"column":4},"end":{"line":515,"column":5}},"type":"if","locations":[{"start":{"line":513,"column":4},"end":{"line":515,"column":5}}]}},"s":{"0":1,"1":1,"2":1,"3":1,"4":1,"5":1,"6":1,"7":1,"8":1,"9":1,"10":1,"11":1,"12":1,"13":1,"14":1,"15":1,"16":1,"17":1,"18":7,"19":1,"20":1,"21":1,"22":1,"23":1,"24":6,"25":1,"26":1,"27":5,"28":1,"29":1,"30":1,"31":1,"32":1,"33":1,"34":1,"35":1,"36":1,"37":1,"38":118,"39":17,"40":3,"41":1,"42":1,"43":3,"44":162,"45":68,"46":94,"47":2,"48":92,"49":91,"50":1,"51":2,"52":1,"53":1,"54":1,"55":0,"56":163,"57":1,"58":162,"59":162,"60":2033,"61":162,"62":2033,"63":293,"64":0,"65":2033,"66":2033,"67":2033,"68":220,"69":220,"70":220,"71":220,"72":2033,"73":2033,"74":1813,"75":1813,"76":2033,"77":0,"78":2033,"79":0,"80":0,"81":88,"82":1,"83":87,"84":1,"85":86,"86":86,"87":84,"88":9,"89":0,"90":9,"91":0,"92":0,"93":0,"94":9,"95":9,"96":9,"97":9,"98":9,"99":9,"100":0,"101":2,"102":49,"103":1,"104":26,"105":0,"106":0,"107":0,"108":9,"109":0,"110":9,"111":0,"112":9,"113":0,"114":5,"115":0,"116":4,"117":2,"118":2,"119":0,"120":0,"121":8,"122":0,"123":9,"124":0,"125":1,"126":0,"127":0,"128":0,"129":0,"130":0,"131":0,"132":0,"133":0,"134":0,"135":0,"136":0,"137":0,"138":0,"139":0,"140":0,"141":0,"142":0,"143":0,"144":1,"145":1},"f":{"0":0,"1":6,"2":0,"3":0,"4":0,"5":5,"6":0,"7":4,"8":0,"9":0,"10":0,"11":0,"12":0,"13":0,"14":0,"15":117,"16":16,"17":2,"18":0,"19":2,"20":162,"21":2,"22":163,"23":2033,"24":162,"25":2033,"26":220,"27":0,"28":88,"29":86,"30":9,"31":0,"32":0,"33":2,"34":49,"35":1,"36":26,"37":0,"38":0,"39":9,"40":0,"41":5,"42":0,"43":4,"44":2,"45":0,"46":0,"47":8,"48":0,"49":9,"50":0,"51":1,"52":0,"53":0,"54":0,"55":0,"56":0,"57":0,"58":0,"59":0,"60":0,"61":0,"62":0,"63":0,"64":0,"65":0,"66":0,"67":0,"68":0,"69":0},"b":{"0":[68],"1":[2],"2":[91],"3":[92,9],"4":[1],"5":[1],"6":[0,0],"7":[0,0],"8":[1],"9":[0,162],"10":[5,156],"11":[0,161],"12":[293],"13":[2033,1892],"14":[0],"15":[220],"16":[1813],"17":[0],"18":[0,0],"19":[1],"20":[88,87],"21":[1],"22":[0,9],"23":[0,9],"24":[9],"25":[9,9,9],"26":[2,1],"27":[49,35],"28":[26,26],"29":[0,0],"30":[0],"31":[9,9],"32":[0]}}
,"/Users/andy/Development/erc725/src/constants/constants.ts": {"path":"/Users/andy/Development/erc725/src/constants/constants.ts","statementMap":{"0":{"start":{"line":15,"column":0},"end":{"line":15,"column":58}},"1":{"start":{"line":17,"column":0},"end":{"line":17,"column":67}},"2":{"start":{"line":20,"column":13},"end":{"line":44,"column":null}},"3":{"start":{"line":46,"column":0},"end":{"line":46,"column":null}},"4":{"start":{"line":47,"column":2},"end":{"line":47,"column":null}},"5":{"start":{"line":49,"column":2},"end":{"line":49,"column":null}},"6":{"start":{"line":51,"column":2},"end":{"line":51,"column":null}},"7":{"start":{"line":53,"column":2},"end":{"line":53,"column":null}},"8":{"start":{"line":56,"column":13},"end":{"line":92,"column":null}},"9":{"start":{"line":94,"column":13},"end":{"line":94,"column":null}},"10":{"start":{"line":96,"column":0},"end":{"line":96,"column":null}},"11":{"start":{"line":97,"column":2},"end":{"line":97,"column":null}},"12":{"start":{"line":98,"column":2},"end":{"line":98,"column":null}},"13":{"start":{"line":101,"column":0},"end":{"line":101,"column":null}},"14":{"start":{"line":102,"column":2},"end":{"line":102,"column":null}},"15":{"start":{"line":103,"column":2},"end":{"line":103,"column":null}},"16":{"start":{"line":110,"column":13},"end":{"line":112,"column":null}},"17":{"start":{"line":115,"column":2},"end":{"line":117,"column":3}},"18":{"start":{"line":116,"column":4},"end":{"line":116,"column":null}},"19":{"start":{"line":118,"column":2},"end":{"line":121,"column":3}},"20":{"start":{"line":119,"column":19},"end":{"line":119,"column":30}},"21":{"start":{"line":120,"column":4},"end":{"line":120,"column":null}},"22":{"start":{"line":122,"column":2},"end":{"line":125,"column":3}},"23":{"start":{"line":123,"column":19},"end":{"line":123,"column":39}},"24":{"start":{"line":124,"column":4},"end":{"line":124,"column":null}},"25":{"start":{"line":126,"column":2},"end":{"line":126,"column":null}},"26":{"start":{"line":129,"column":23},"end":{"line":133,"column":null}},"27":{"start":{"line":135,"column":24},"end":{"line":139,"column":null}},"28":{"start":{"line":141,"column":13},"end":{"line":152,"column":null}},"29":{"start":{"line":156,"column":13},"end":{"line":182,"column":2}},"30":{"start":{"line":184,"column":13},"end":{"line":184,"column":null}},"31":{"start":{"line":185,"column":13},"end":{"line":185,"column":null}},"32":{"start":{"line":186,"column":13},"end":{"line":186,"column":null}}},"fnMap":{"0":{"name":"(anonymous_0)","decl":{"start":{"line":46,"column":0},"end":{"line":46,"column":12}},"loc":{"start":{"line":46,"column":26},"end":{"line":54,"column":1}}},"1":{"name":"(anonymous_1)","decl":{"start":{"line":96,"column":0},"end":{"line":96,"column":12}},"loc":{"start":{"line":96,"column":49},"end":{"line":99,"column":1}}},"2":{"name":"(anonymous_2)","decl":{"start":{"line":101,"column":0},"end":{"line":101,"column":12}},"loc":{"start":{"line":101,"column":48},"end":{"line":104,"column":1}}},"3":{"name":"keccak256Method","decl":{"start":{"line":114,"column":9},"end":{"line":114,"column":24}},"loc":{"start":{"line":114,"column":66},"end":{"line":127,"column":1}}}},"branchMap":{"0":{"loc":{"start":{"line":46,"column":12},"end":{"line":46,"column":null}},"type":"binary-expr","locations":[{"start":{"line":46,"column":12},"end":{"line":46,"column":26}},{"start":{"line":46,"column":26},"end":{"line":46,"column":null}}]},"1":{"loc":{"start":{"line":96,"column":12},"end":{"line":96,"column":null}},"type":"binary-expr","locations":[{"start":{"line":96,"column":12},"end":{"line":96,"column":49}},{"start":{"line":96,"column":49},"end":{"line":96,"column":null}}]},"2":{"loc":{"start":{"line":101,"column":12},"end":{"line":101,"column":null}},"type":"binary-expr","locations":[{"start":{"line":101,"column":12},"end":{"line":101,"column":48}},{"start":{"line":101,"column":48},"end":{"line":101,"column":null}}]},"3":{"loc":{"start":{"line":115,"column":2},"end":{"line":117,"column":3}},"type":"if","locations":[{"start":{"line":115,"column":2},"end":{"line":117,"column":3}}]},"4":{"loc":{"start":{"line":118,"column":2},"end":{"line":121,"column":3}},"type":"if","locations":[{"start":{"line":118,"column":2},"end":{"line":121,"column":3}}]},"5":{"loc":{"start":{"line":122,"column":2},"end":{"line":125,"column":3}},"type":"if","locations":[{"start":{"line":122,"column":2},"end":{"line":125,"column":3}}]}},"s":{"0":1,"1":1,"2":1,"3":1,"4":1,"5":1,"6":1,"7":1,"8":1,"9":1,"10":1,"11":1,"12":1,"13":1,"14":1,"15":1,"16":1,"17":13,"18":0,"19":13,"20":0,"21":0,"22":13,"23":11,"24":11,"25":2,"26":1,"27":1,"28":1,"29":1,"30":1,"31":1,"32":1},"f":{"0":1,"1":1,"2":1,"3":13},"b":{"0":[1,1],"1":[1,1],"2":[1,1],"3":[0],"4":[0],"5":[11]}}
,"/Users/andy/Development/erc725/src/constants/interfaces.ts": {"path":"/Users/andy/Development/erc725/src/constants/interfaces.ts","statementMap":{"0":{"start":{"line":16,"column":13},"end":{"line":34,"column":null}}},"fnMap":{},"branchMap":{},"s":{"0":1},"f":{},"b":{}}
,"/Users/andy/Development/erc725/src/lib/decodeData.ts": {"path":"/Users/andy/Development/erc725/src/lib/decodeData.ts","statementMap":{"0":{"start":{"line":174,"column":0},"end":{"line":174,"column":16}},"1":{"start":{"line":299,"column":0},"end":{"line":299,"column":16}},"2":{"start":{"line":22,"column":0},"end":{"line":22,"column":40}},"3":{"start":{"line":23,"column":0},"end":{"line":23,"column":null}},"4":{"start":{"line":29,"column":0},"end":{"line":29,"column":null}},"5":{"start":{"line":34,"column":0},"end":{"line":34,"column":50}},"6":{"start":{"line":35,"column":0},"end":{"line":35,"column":68}},"7":{"start":{"line":36,"column":0},"end":{"line":36,"column":53}},"8":{"start":{"line":37,"column":0},"end":{"line":37,"column":76}},"9":{"start":{"line":40,"column":29},"end":{"line":40,"column":41}},"10":{"start":{"line":41,"column":32},"end":{"line":41,"column":44}},"11":{"start":{"line":43,"column":31},"end":{"line":55,"column":1}},"12":{"start":{"line":44,"column":2},"end":{"line":46,"column":3}},"13":{"start":{"line":45,"column":4},"end":{"line":45,"column":null}},"14":{"start":{"line":47,"column":2},"end":{"line":52,"column":3}},"15":{"start":{"line":51,"column":4},"end":{"line":51,"column":null}},"16":{"start":{"line":54,"column":2},"end":{"line":54,"column":null}},"17":{"start":{"line":57,"column":29},"end":{"line":58,"column":63}},"18":{"start":{"line":58,"column":2},"end":{"line":58,"column":63}},"19":{"start":{"line":60,"column":28},"end":{"line":136,"column":1}},"20":{"start":{"line":61,"column":2},"end":{"line":66,"column":3}},"21":{"start":{"line":65,"column":4},"end":{"line":65,"column":null}},"22":{"start":{"line":72,"column":28},"end":{"line":72,"column":77}},"23":{"start":{"line":74,"column":25},"end":{"line":74,"column":64}},"24":{"start":{"line":75,"column":28},"end":{"line":75,"column":62}},"25":{"start":{"line":77,"column":2},"end":{"line":81,"column":3}},"26":{"start":{"line":78,"column":4},"end":{"line":80,"column":null}},"27":{"start":{"line":83,"column":2},"end":{"line":133,"column":3}},"28":{"start":{"line":83,"column":15},"end":{"line":83,"column":16}},"29":{"start":{"line":84,"column":4},"end":{"line":88,"column":5}},"30":{"start":{"line":85,"column":6},"end":{"line":87,"column":null}},"31":{"start":{"line":90,"column":33},"end":{"line":92,"column":24}},"32":{"start":{"line":94,"column":4},"end":{"line":105,"column":5}},"33":{"start":{"line":98,"column":38},"end":{"line":98,"column":67}},"34":{"start":{"line":100,"column":6},"end":{"line":104,"column":7}},"35":{"start":{"line":101,"column":8},"end":{"line":103,"column":null}},"36":{"start":{"line":107,"column":4},"end":{"line":115,"column":5}},"37":{"start":{"line":112,"column":6},"end":{"line":114,"column":null}},"38":{"start":{"line":117,"column":4},"end":{"line":132,"column":5}},"39":{"start":{"line":120,"column":31},"end":{"line":120,"column":62}},"40":{"start":{"line":122,"column":6},"end":{"line":126,"column":7}},"41":{"start":{"line":123,"column":8},"end":{"line":125,"column":null}},"42":{"start":{"line":127,"column":11},"end":{"line":132,"column":5}},"43":{"start":{"line":129,"column":6},"end":{"line":131,"column":null}},"44":{"start":{"line":135,"column":2},"end":{"line":135,"column":null}},"45":{"start":{"line":60,"column":13},"end":{"line":60,"column":28}},"46":{"start":{"line":138,"column":35},"end":{"line":165,"column":1}},"47":{"start":{"line":146,"column":28},"end":{"line":148,"column":null}},"48":{"start":{"line":151,"column":25},"end":{"line":151,"column":64}},"49":{"start":{"line":152,"column":28},"end":{"line":152,"column":62}},"50":{"start":{"line":154,"column":32},"end":{"line":156,"column":null}},"51":{"start":{"line":157,"column":2},"end":{"line":164,"column":null}},"52":{"start":{"line":158,"column":4},"end":{"line":163,"column":null}},"53":{"start":{"line":138,"column":13},"end":{"line":138,"column":35}},"54":{"start":{"line":175,"column":27},"end":{"line":175,"column":55}},"55":{"start":{"line":177,"column":2},"end":{"line":282,"column":3}},"56":{"start":{"line":180,"column":6},"end":{"line":182,"column":7}},"57":{"start":{"line":181,"column":8},"end":{"line":181,"column":null}},"58":{"start":{"line":185,"column":6},"end":{"line":187,"column":7}},"59":{"start":{"line":186,"column":8},"end":{"line":186,"column":null}},"60":{"start":{"line":189,"column":27},"end":{"line":189,"column":66}},"61":{"start":{"line":189,"column":45},"end":{"line":189,"column":65}},"62":{"start":{"line":191,"column":6},"end":{"line":193,"column":7}},"63":{"start":{"line":192,"column":8},"end":{"line":192,"column":null}},"64":{"start":{"line":195,"column":55},"end":{"line":198,"column":null}},"65":{"start":{"line":200,"column":8},"end":{"line":200,"column":79}},"66":{"start":{"line":202,"column":29},"end":{"line":202,"column":31}},"67":{"start":{"line":205,"column":6},"end":{"line":220,"column":7}},"68":{"start":{"line":205,"column":23},"end":{"line":205,"column":24}},"69":{"start":{"line":206,"column":28},"end":{"line":207,"column":null}},"70":{"start":{"line":207,"column":17},"end":{"line":207,"column":60}},"71":{"start":{"line":210,"column":8},"end":{"line":219,"column":9}},"72":{"start":{"line":211,"column":10},"end":{"line":218,"column":null}},"73":{"start":{"line":222,"column":6},"end":{"line":222,"column":null}},"74":{"start":{"line":227,"column":6},"end":{"line":241,"column":7}},"75":{"start":{"line":228,"column":25},"end":{"line":228,"column":64}},"76":{"start":{"line":228,"column":43},"end":{"line":228,"column":63}},"77":{"start":{"line":231,"column":8},"end":{"line":233,"column":9}},"78":{"start":{"line":232,"column":10},"end":{"line":232,"column":null}},"79":{"start":{"line":235,"column":8},"end":{"line":240,"column":null}},"80":{"start":{"line":243,"column":6},"end":{"line":263,"column":7}},"81":{"start":{"line":244,"column":26},"end":{"line":246,"column":null}},"82":{"start":{"line":248,"column":29},"end":{"line":250,"column":null}},"83":{"start":{"line":253,"column":8},"end":{"line":261,"column":9}},"84":{"start":{"line":254,"column":43},"end":{"line":256,"column":null}},"85":{"start":{"line":258,"column":10},"end":{"line":260,"column":null}},"86":{"start":{"line":259,"column":12},"end":{"line":259,"column":65}},"87":{"start":{"line":262,"column":8},"end":{"line":262,"column":null}},"88":{"start":{"line":265,"column":6},"end":{"line":267,"column":7}},"89":{"start":{"line":266,"column":8},"end":{"line":266,"column":null}},"90":{"start":{"line":269,"column":6},"end":{"line":274,"column":null}},"91":{"start":{"line":277,"column":6},"end":{"line":279,"column":null}},"92":{"start":{"line":280,"column":6},"end":{"line":280,"column":null}},"93":{"start":{"line":303,"column":27},"end":{"line":329,"column":3}},"94":{"start":{"line":307,"column":22},"end":{"line":307,"column":47}},"95":{"start":{"line":309,"column":44},"end":{"line":311,"column":41}},"96":{"start":{"line":312,"column":28},"end":{"line":312,"column":32}},"97":{"start":{"line":313,"column":4},"end":{"line":320,"column":5}},"98":{"start":{"line":314,"column":6},"end":{"line":314,"column":null}},"99":{"start":{"line":316,"column":6},"end":{"line":318,"column":7}},"100":{"start":{"line":317,"column":8},"end":{"line":317,"column":null}},"101":{"start":{"line":319,"column":6},"end":{"line":319,"column":null}},"102":{"start":{"line":321,"column":39},"end":{"line":321,"column":52}},"103":{"start":{"line":322,"column":4},"end":{"line":328,"column":null}},"104":{"start":{"line":331,"column":2},"end":{"line":333,"column":3}},"105":{"start":{"line":332,"column":4},"end":{"line":332,"column":null}},"106":{"start":{"line":332,"column":35},"end":{"line":332,"column":69}},"107":{"start":{"line":335,"column":2},"end":{"line":335,"column":null}}},"fnMap":{"0":{"name":"(anonymous_0)","decl":{"start":{"line":43,"column":31},"end":{"line":43,"column":32}},"loc":{"start":{"line":43,"column":65},"end":{"line":55,"column":1}}},"1":{"name":"(anonymous_1)","decl":{"start":{"line":57,"column":29},"end":{"line":57,"column":30}},"loc":{"start":{"line":58,"column":2},"end":{"line":58,"column":63}}},"2":{"name":"(anonymous_2)","decl":{"start":{"line":60,"column":28},"end":{"line":60,"column":29}},"loc":{"start":{"line":60,"column":72},"end":{"line":136,"column":1}}},"3":{"name":"(anonymous_3)","decl":{"start":{"line":138,"column":35},"end":{"line":138,"column":null}},"loc":{"start":{"line":142,"column":19},"end":{"line":165,"column":1}}},"4":{"name":"(anonymous_4)","decl":{"start":{"line":157,"column":28},"end":{"line":157,"column":29}},"loc":{"start":{"line":157,"column":53},"end":{"line":164,"column":3}}},"5":{"name":"decodeKey","decl":{"start":{"line":174,"column":16},"end":{"line":174,"column":25}},"loc":{"start":{"line":174,"column":57},"end":{"line":283,"column":1}}},"6":{"name":"(anonymous_6)","decl":{"start":{"line":189,"column":38},"end":{"line":189,"column":39}},"loc":{"start":{"line":189,"column":45},"end":{"line":189,"column":65}}},"7":{"name":"(anonymous_7)","decl":{"start":{"line":207,"column":10},"end":{"line":207,"column":11}},"loc":{"start":{"line":207,"column":17},"end":{"line":207,"column":60}}},"8":{"name":"(anonymous_8)","decl":{"start":{"line":228,"column":36},"end":{"line":228,"column":37}},"loc":{"start":{"line":228,"column":43},"end":{"line":228,"column":63}}},"9":{"name":"(anonymous_9)","decl":{"start":{"line":258,"column":46},"end":{"line":258,"column":47}},"loc":{"start":{"line":259,"column":12},"end":{"line":259,"column":65}}},"10":{"name":"decodeData","decl":{"start":{"line":299,"column":16},"end":{"line":299,"column":26}},"loc":{"start":{"line":301,"column":28},"end":{"line":336,"column":1}}},"11":{"name":"(anonymous_11)","decl":{"start":{"line":303,"column":27},"end":{"line":303,"column":null}},"loc":{"start":{"line":306,"column":6},"end":{"line":329,"column":3}}},"12":{"name":"(anonymous_12)","decl":{"start":{"line":332,"column":20},"end":{"line":332,"column":21}},"loc":{"start":{"line":332,"column":35},"end":{"line":332,"column":69}}}},"branchMap":{"0":{"loc":{"start":{"line":44,"column":2},"end":{"line":46,"column":3}},"type":"if","locations":[{"start":{"line":44,"column":2},"end":{"line":46,"column":3}}]},"1":{"loc":{"start":{"line":47,"column":2},"end":{"line":52,"column":3}},"type":"if","locations":[{"start":{"line":47,"column":2},"end":{"line":52,"column":3}}]},"2":{"loc":{"start":{"line":48,"column":4},"end":{"line":49,"column":49}},"type":"binary-expr","locations":[{"start":{"line":48,"column":4},"end":{"line":48,"column":27}},{"start":{"line":49,"column":4},"end":{"line":49,"column":49}}]},"3":{"loc":{"start":{"line":61,"column":2},"end":{"line":66,"column":3}},"type":"if","locations":[{"start":{"line":61,"column":2},"end":{"line":66,"column":3}}]},"4":{"loc":{"start":{"line":62,"column":4},"end":{"line":63,"column":41}},"type":"binary-expr","locations":[{"start":{"line":62,"column":4},"end":{"line":62,"column":38}},{"start":{"line":63,"column":4},"end":{"line":63,"column":41}}]},"5":{"loc":{"start":{"line":77,"column":2},"end":{"line":81,"column":3}},"type":"if","locations":[{"start":{"line":77,"column":2},"end":{"line":81,"column":3}}]},"6":{"loc":{"start":{"line":84,"column":4},"end":{"line":88,"column":5}},"type":"if","locations":[{"start":{"line":84,"column":4},"end":{"line":88,"column":5}}]},"7":{"loc":{"start":{"line":94,"column":4},"end":{"line":105,"column":5}},"type":"if","locations":[{"start":{"line":94,"column":4},"end":{"line":105,"column":5}}]},"8":{"loc":{"start":{"line":95,"column":6},"end":{"line":96,"column":57}},"type":"binary-expr","locations":[{"start":{"line":95,"column":6},"end":{"line":95,"column":51}},{"start":{"line":96,"column":6},"end":{"line":96,"column":57}}]},"9":{"loc":{"start":{"line":100,"column":6},"end":{"line":104,"column":7}},"type":"if","locations":[{"start":{"line":100,"column":6},"end":{"line":104,"column":7}}]},"10":{"loc":{"start":{"line":107,"column":4},"end":{"line":115,"column":5}},"type":"if","locations":[{"start":{"line":107,"column":4},"end":{"line":115,"column":5}}]},"11":{"loc":{"start":{"line":108,"column":6},"end":{"line":110,"column":47}},"type":"binary-expr","locations":[{"start":{"line":108,"column":6},"end":{"line":108,"column":70}},{"start":{"line":109,"column":6},"end":{"line":109,"column":50}},{"start":{"line":110,"column":6},"end":{"line":110,"column":47}}]},"12":{"loc":{"start":{"line":117,"column":4},"end":{"line":132,"column":5}},"type":"if","locations":[{"start":{"line":117,"column":4},"end":{"line":132,"column":5}},{"start":{"line":127,"column":11},"end":{"line":132,"column":5}}]},"13":{"loc":{"start":{"line":122,"column":6},"end":{"line":126,"column":7}},"type":"if","locations":[{"start":{"line":122,"column":6},"end":{"line":126,"column":7}}]},"14":{"loc":{"start":{"line":127,"column":11},"end":{"line":132,"column":5}},"type":"if","locations":[{"start":{"line":127,"column":11},"end":{"line":132,"column":5}}]},"15":{"loc":{"start":{"line":161,"column":11},"end":{"line":161,"column":59}},"type":"cond-expr","locations":[{"start":{"line":161,"column":19},"end":{"line":161,"column":54}},{"start":{"line":161,"column":57},"end":{"line":161,"column":59}}]},"16":{"loc":{"start":{"line":177,"column":2},"end":{"line":282,"column":3}},"type":"switch","locations":[{"start":{"line":178,"column":4},"end":{"line":223,"column":5}},{"start":{"line":224,"column":4},"end":{"line":224,"column":31}},{"start":{"line":225,"column":4},"end":{"line":225,"column":21}},{"start":{"line":226,"column":4},"end":{"line":275,"column":5}},{"start":{"line":276,"column":4},"end":{"line":281,"column":5}}]},"17":{"loc":{"start":{"line":180,"column":6},"end":{"line":182,"column":7}},"type":"if","locations":[{"start":{"line":180,"column":6},"end":{"line":182,"column":7}}]},"18":{"loc":{"start":{"line":180,"column":10},"end":{"line":180,"column":34}},"type":"binary-expr","locations":[{"start":{"line":180,"column":10},"end":{"line":180,"column":16}},{"start":{"line":180,"column":20},"end":{"line":180,"column":34}}]},"19":{"loc":{"start":{"line":185,"column":6},"end":{"line":187,"column":7}},"type":"if","locations":[{"start":{"line":185,"column":6},"end":{"line":187,"column":7}}]},"20":{"loc":{"start":{"line":185,"column":10},"end":{"line":185,"column":71}},"type":"binary-expr","locations":[{"start":{"line":185,"column":10},"end":{"line":185,"column":35}},{"start":{"line":185,"column":39},"end":{"line":185,"column":71}}]},"21":{"loc":{"start":{"line":186,"column":15},"end":{"line":186,"column":76}},"type":"binary-expr","locations":[{"start":{"line":186,"column":15},"end":{"line":186,"column":71}},{"start":{"line":186,"column":75},"end":{"line":186,"column":76}}]},"22":{"loc":{"start":{"line":191,"column":6},"end":{"line":193,"column":7}},"type":"if","locations":[{"start":{"line":191,"column":6},"end":{"line":193,"column":7}}]},"23":{"loc":{"start":{"line":200,"column":8},"end":{"line":200,"column":79}},"type":"binary-expr","locations":[{"start":{"line":200,"column":8},"end":{"line":200,"column":74}},{"start":{"line":200,"column":78},"end":{"line":200,"column":79}}]},"24":{"loc":{"start":{"line":210,"column":8},"end":{"line":219,"column":9}},"type":"if","locations":[{"start":{"line":210,"column":8},"end":{"line":219,"column":9}}]},"25":{"loc":{"start":{"line":227,"column":6},"end":{"line":241,"column":7}},"type":"if","locations":[{"start":{"line":227,"column":6},"end":{"line":241,"column":7}}]},"26":{"loc":{"start":{"line":231,"column":8},"end":{"line":233,"column":9}},"type":"if","locations":[{"start":{"line":231,"column":8},"end":{"line":233,"column":9}}]},"27":{"loc":{"start":{"line":243,"column":6},"end":{"line":263,"column":7}},"type":"if","locations":[{"start":{"line":243,"column":6},"end":{"line":263,"column":7}}]},"28":{"loc":{"start":{"line":253,"column":8},"end":{"line":261,"column":9}},"type":"if","locations":[{"start":{"line":253,"column":8},"end":{"line":261,"column":9}}]},"29":{"loc":{"start":{"line":253,"column":12},"end":{"line":253,"column":75}},"type":"binary-expr","locations":[{"start":{"line":253,"column":12},"end":{"line":253,"column":32}},{"start":{"line":253,"column":36},"end":{"line":253,"column":75}}]},"30":{"loc":{"start":{"line":265,"column":6},"end":{"line":267,"column":7}},"type":"if","locations":[{"start":{"line":265,"column":6},"end":{"line":267,"column":7}}]},"31":{"loc":{"start":{"line":305,"column":4},"end":{"line":305,"column":25}},"type":"default-arg","locations":[{"start":{"line":305,"column":21},"end":{"line":305,"column":25}}]},"32":{"loc":{"start":{"line":309,"column":44},"end":{"line":311,"column":41}},"type":"cond-expr","locations":[{"start":{"line":310,"column":8},"end":{"line":310,"column":58}},{"start":{"line":311,"column":8},"end":{"line":311,"column":41}}]},"33":{"loc":{"start":{"line":316,"column":6},"end":{"line":318,"column":7}},"type":"if","locations":[{"start":{"line":316,"column":6},"end":{"line":318,"column":7}}]},"34":{"loc":{"start":{"line":325,"column":10},"end":{"line":325,"column":63}},"type":"cond-expr","locations":[{"start":{"line":325,"column":24},"end":{"line":325,"column":39}},{"start":{"line":325,"column":42},"end":{"line":325,"column":63}}]},"35":{"loc":{"start":{"line":326,"column":10},"end":{"line":326,"column":52}},"type":"cond-expr","locations":[{"start":{"line":326,"column":28},"end":{"line":326,"column":47}},{"start":{"line":326,"column":50},"end":{"line":326,"column":52}}]},"36":{"loc":{"start":{"line":331,"column":2},"end":{"line":333,"column":3}},"type":"if","locations":[{"start":{"line":331,"column":2},"end":{"line":333,"column":3}}]}},"s":{"0":1,"1":1,"2":1,"3":1,"4":1,"5":1,"6":1,"7":1,"8":1,"9":1,"10":1,"11":1,"12":394,"13":1,"14":393,"15":331,"16":62,"17":1,"18":106,"19":1,"20":363,"21":332,"22":31,"23":31,"24":31,"25":31,"26":1,"27":30,"28":30,"29":75,"30":1,"31":74,"32":74,"33":41,"34":41,"35":1,"36":73,"37":1,"38":72,"39":1,"40":1,"41":1,"42":71,"43":1,"44":25,"45":1,"46":1,"47":22,"48":22,"49":22,"50":22,"51":22,"52":61,"53":1,"54":337,"55":337,"56":44,"57":3,"58":41,"59":1,"60":40,"61":100,"62":40,"63":0,"64":40,"65":40,"66":40,"67":40,"68":40,"69":80,"70":140,"71":80,"72":80,"73":40,"74":293,"75":0,"76":0,"77":0,"78":0,"79":0,"80":293,"81":3,"82":3,"83":3,"84":3,"85":3,"86":9,"87":0,"88":290,"89":10,"90":280,"91":0,"92":0,"93":119,"94":321,"95":321,"96":321,"97":321,"98":321,"99":0,"100":0,"101":0,"102":321,"103":321,"104":119,"105":113,"106":315,"107":6},"f":{"0":394,"1":106,"2":363,"3":22,"4":61,"5":337,"6":100,"7":140,"8":0,"9":9,"10":119,"11":321,"12":315},"b":{"0":[1],"1":[331],"2":[393,331],"3":[332],"4":[363,31],"5":[1],"6":[1],"7":[41],"8":[74,68],"9":[1],"10":[1],"11":[73,3,3],"12":[1,71],"13":[1],"14":[1],"15":[61,0],"16":[44,10,276,293,0],"17":[3],"18":[44,42],"19":[1],"20":[41,1],"21":[1,0],"22":[0],"23":[40,0],"24":[80],"25":[0],"26":[0],"27":[3],"28":[3],"29":[3,3],"30":[10],"31":[6],"32":[3,318],"33":[0],"34":[290,31],"35":[3,318],"36":[113]}}
,"/Users/andy/Development/erc725/src/lib/decodeMappingKey.ts": {"path":"/Users/andy/Development/erc725/src/lib/decodeMappingKey.ts","statementMap":{"0":{"start":{"line":76,"column":0},"end":{"line":76,"column":16}},"1":{"start":{"line":21,"column":0},"end":{"line":21,"column":46}},"2":{"start":{"line":22,"column":0},"end":{"line":22,"column":38}},"3":{"start":{"line":23,"column":0},"end":{"line":23,"column":43}},"4":{"start":{"line":28,"column":2},"end":{"line":31,"column":null}},"5":{"start":{"line":44,"column":2},"end":{"line":44,"column":null}},"6":{"start":{"line":44,"column":38},"end":{"line":44,"column":null}},"7":{"start":{"line":47,"column":15},"end":{"line":47,"column":59}},"8":{"start":{"line":48,"column":2},"end":{"line":65,"column":3}},"9":{"start":{"line":49,"column":4},"end":{"line":49,"column":null}},"10":{"start":{"line":50,"column":9},"end":{"line":65,"column":3}},"11":{"start":{"line":51,"column":4},"end":{"line":51,"column":null}},"12":{"start":{"line":52,"column":7},"end":{"line":65,"column":3}},"13":{"start":{"line":53,"column":23},"end":{"line":53,"column":73}},"14":{"start":{"line":54,"column":4},"end":{"line":57,"column":null}},"15":{"start":{"line":58,"column":9},"end":{"line":65,"column":3}},"16":{"start":{"line":60,"column":30},"end":{"line":60,"column":64}},"17":{"start":{"line":62,"column":4},"end":{"line":62,"column":null}},"18":{"start":{"line":64,"column":4},"end":{"line":64,"column":null}},"19":{"start":{"line":67,"column":2},"end":{"line":67,"column":null}},"20":{"start":{"line":80,"column":18},"end":{"line":80,"column":25}},"21":{"start":{"line":81,"column":2},"end":{"line":82,"column":null}},"22":{"start":{"line":82,"column":4},"end":{"line":82,"column":null}},"23":{"start":{"line":84,"column":2},"end":{"line":87,"column":null}},"24":{"start":{"line":85,"column":4},"end":{"line":87,"column":null}},"25":{"start":{"line":88,"column":2},"end":{"line":89,"column":null}},"26":{"start":{"line":89,"column":4},"end":{"line":89,"column":null}},"27":{"start":{"line":93,"column":2},"end":{"line":94,"column":null}},"28":{"start":{"line":93,"column":43},"end":{"line":93,"column":null}},"29":{"start":{"line":94,"column":7},"end":{"line":94,"column":null}},"30":{"start":{"line":96,"column":2},"end":{"line":100,"column":3}},"31":{"start":{"line":96,"column":27},"end":{"line":96,"column":47}},"32":{"start":{"line":97,"column":4},"end":{"line":99,"column":null}},"33":{"start":{"line":102,"column":51},"end":{"line":102,"column":53}},"34":{"start":{"line":103,"column":2},"end":{"line":114,"column":3}},"35":{"start":{"line":105,"column":6},"end":{"line":105,"column":null}},"36":{"start":{"line":106,"column":6},"end":{"line":106,"column":11}},"37":{"start":{"line":109,"column":6},"end":{"line":109,"column":null}},"38":{"start":{"line":110,"column":6},"end":{"line":110,"column":null}},"39":{"start":{"line":111,"column":6},"end":{"line":111,"column":11}},"40":{"start":{"line":113,"column":6},"end":{"line":113,"column":11}},"41":{"start":{"line":116,"column":2},"end":{"line":116,"column":null}},"42":{"start":{"line":116,"column":36},"end":{"line":116,"column":47}}},"fnMap":{"0":{"name":"isDynamicKeyPart","decl":{"start":{"line":27,"column":9},"end":{"line":27,"column":25}},"loc":{"start":{"line":27,"column":45},"end":{"line":32,"column":1}}},"1":{"name":"decodeKeyPart","decl":{"start":{"line":40,"column":9},"end":{"line":40,"column":22}},"loc":{"start":{"line":42,"column":21},"end":{"line":68,"column":1}}},"2":{"name":"decodeMappingKey","decl":{"start":{"line":76,"column":16},"end":{"line":76,"column":32}},"loc":{"start":{"line":78,"column":44},"end":{"line":117,"column":1}}},"3":{"name":"(anonymous_3)","decl":{"start":{"line":96,"column":20},"end":{"line":96,"column":21}},"loc":{"start":{"line":96,"column":27},"end":{"line":96,"column":47}}},"4":{"name":"(anonymous_4)","decl":{"start":{"line":116,"column":29},"end":{"line":116,"column":30}},"loc":{"start":{"line":116,"column":36},"end":{"line":116,"column":47}}}},"branchMap":{"0":{"loc":{"start":{"line":29,"column":4},"end":{"line":30,"column":53}},"type":"binary-expr","locations":[{"start":{"line":29,"column":4},"end":{"line":29,"column":35}},{"start":{"line":30,"column":4},"end":{"line":30,"column":53}}]},"1":{"loc":{"start":{"line":44,"column":2},"end":{"line":44,"column":null}},"type":"if","locations":[{"start":{"line":44,"column":2},"end":{"line":44,"column":null}}]},"2":{"loc":{"start":{"line":48,"column":2},"end":{"line":65,"column":3}},"type":"if","locations":[{"start":{"line":48,"column":2},"end":{"line":65,"column":3}},{"start":{"line":50,"column":9},"end":{"line":65,"column":3}}]},"3":{"loc":{"start":{"line":50,"column":9},"end":{"line":65,"column":3}},"type":"if","locations":[{"start":{"line":50,"column":9},"end":{"line":65,"column":3}},{"start":{"line":52,"column":7},"end":{"line":65,"column":3}}]},"4":{"loc":{"start":{"line":52,"column":7},"end":{"line":65,"column":3}},"type":"if","locations":[{"start":{"line":52,"column":7},"end":{"line":65,"column":3}},{"start":{"line":58,"column":9},"end":{"line":65,"column":3}}]},"5":{"loc":{"start":{"line":58,"column":9},"end":{"line":65,"column":3}},"type":"if","locations":[{"start":{"line":58,"column":9},"end":{"line":65,"column":3}},{"start":{"line":63,"column":9},"end":{"line":65,"column":3}}]},"6":{"loc":{"start":{"line":81,"column":2},"end":{"line":82,"column":null}},"type":"if","locations":[{"start":{"line":81,"column":2},"end":{"line":82,"column":null}}]},"7":{"loc":{"start":{"line":81,"column":6},"end":{"line":81,"column":63}},"type":"binary-expr","locations":[{"start":{"line":81,"column":6},"end":{"line":81,"column":29}},{"start":{"line":81,"column":33},"end":{"line":81,"column":63}}]},"8":{"loc":{"start":{"line":84,"column":2},"end":{"line":87,"column":null}},"type":"if","locations":[{"start":{"line":84,"column":2},"end":{"line":87,"column":null}}]},"9":{"loc":{"start":{"line":88,"column":2},"end":{"line":89,"column":null}},"type":"if","locations":[{"start":{"line":88,"column":2},"end":{"line":89,"column":null}}]},"10":{"loc":{"start":{"line":93,"column":2},"end":{"line":94,"column":null}},"type":"if","locations":[{"start":{"line":93,"column":2},"end":{"line":94,"column":null}},{"start":{"line":94,"column":7},"end":{"line":94,"column":null}}]},"11":{"loc":{"start":{"line":96,"column":2},"end":{"line":100,"column":3}},"type":"if","locations":[{"start":{"line":96,"column":2},"end":{"line":100,"column":3}}]},"12":{"loc":{"start":{"line":103,"column":2},"end":{"line":114,"column":3}},"type":"switch","locations":[{"start":{"line":104,"column":4},"end":{"line":106,"column":11}},{"start":{"line":108,"column":4},"end":{"line":111,"column":11}},{"start":{"line":112,"column":4},"end":{"line":113,"column":11}}]}},"s":{"0":1,"1":1,"2":1,"3":1,"4":24,"5":24,"6":2,"7":22,"8":22,"9":4,"10":18,"11":2,"12":16,"13":7,"14":7,"15":9,"16":9,"17":9,"18":0,"19":22,"20":23,"21":23,"22":1,"23":23,"24":1,"25":22,"26":1,"27":21,"28":21,"29":0,"30":21,"31":47,"32":2,"33":19,"34":19,"35":14,"36":14,"37":5,"38":5,"39":5,"40":0,"41":19,"42":24},"f":{"0":24,"1":24,"2":23,"3":47,"4":24},"b":{"0":[24,22],"1":[2],"2":[4,18],"3":[2,16],"4":[7,9],"5":[9,0],"6":[1],"7":[23,1],"8":[1],"9":[1],"10":[21,0],"11":[2],"12":[14,5,0]}}
,"/Users/andy/Development/erc725/src/lib/detector.ts": {"path":"/Users/andy/Development/erc725/src/lib/detector.ts","statementMap":{"0":{"start":{"line":24,"column":0},"end":{"line":24,"column":null}},"1":{"start":{"line":37,"column":41},"end":{"line":56,"column":1}},"2":{"start":{"line":42,"column":2},"end":{"line":46,"column":3}},"3":{"start":{"line":43,"column":4},"end":{"line":43,"column":null}},"4":{"start":{"line":45,"column":4},"end":{"line":45,"column":null}},"5":{"start":{"line":48,"column":2},"end":{"line":55,"column":3}},"6":{"start":{"line":49,"column":4},"end":{"line":52,"column":null}},"7":{"start":{"line":54,"column":4},"end":{"line":54,"column":null}},"8":{"start":{"line":37,"column":13},"end":{"line":37,"column":41}},"9":{"start":{"line":58,"column":34},"end":{"line":65,"column":1}},"10":{"start":{"line":61,"column":2},"end":{"line":63,"column":3}},"11":{"start":{"line":62,"column":4},"end":{"line":62,"column":null}},"12":{"start":{"line":64,"column":2},"end":{"line":64,"column":8}},"13":{"start":{"line":58,"column":13},"end":{"line":58,"column":34}}},"fnMap":{"0":{"name":"(anonymous_0)","decl":{"start":{"line":37,"column":41},"end":{"line":37,"column":46}},"loc":{"start":{"line":40,"column":22},"end":{"line":56,"column":1}}},"1":{"name":"(anonymous_1)","decl":{"start":{"line":58,"column":34},"end":{"line":58,"column":null}},"loc":{"start":{"line":60,"column":31},"end":{"line":65,"column":1}}}},"branchMap":{"0":{"loc":{"start":{"line":42,"column":2},"end":{"line":46,"column":3}},"type":"if","locations":[{"start":{"line":42,"column":2},"end":{"line":46,"column":3}},{"start":{"line":44,"column":9},"end":{"line":46,"column":3}}]},"1":{"loc":{"start":{"line":61,"column":2},"end":{"line":63,"column":3}},"type":"if","locations":[{"start":{"line":61,"column":2},"end":{"line":63,"column":3}}]}},"s":{"0":1,"1":1,"2":4,"3":2,"4":2,"5":4,"6":4,"7":0,"8":1,"9":1,"10":1,"11":1,"12":0,"13":1},"f":{"0":4,"1":1},"b":{"0":[2,2],"1":[1]}}
,"/Users/andy/Development/erc725/src/lib/encodeKeyName.ts": {"path":"/Users/andy/Development/erc725/src/lib/encodeKeyName.ts","statementMap":{"0":{"start":{"line":136,"column":0},"end":{"line":136,"column":16}},"1":{"start":{"line":274,"column":0},"end":{"line":274,"column":16}},"2":{"start":{"line":20,"column":0},"end":{"line":20,"column":49}},"3":{"start":{"line":21,"column":0},"end":{"line":21,"column":79}},"4":{"start":{"line":23,"column":0},"end":{"line":23,"column":65}},"5":{"start":{"line":28,"column":21},"end":{"line":28,"column":56}},"6":{"start":{"line":31,"column":13},"end":{"line":31,"column":null}},"7":{"start":{"line":39,"column":36},"end":{"line":133,"column":1}},"8":{"start":{"line":44,"column":17},"end":{"line":44,"column":19}},"9":{"start":{"line":45,"column":13},"end":{"line":45,"column":14}},"10":{"start":{"line":46,"column":14},"end":{"line":46,"column":20}},"11":{"start":{"line":48,"column":2},"end":{"line":60,"column":3}},"12":{"start":{"line":49,"column":4},"end":{"line":49,"column":null}},"13":{"start":{"line":51,"column":23},"end":{"line":51,"column":52}},"14":{"start":{"line":53,"column":4},"end":{"line":55,"column":5}},"15":{"start":{"line":54,"column":6},"end":{"line":54,"column":null}},"16":{"start":{"line":58,"column":4},"end":{"line":58,"column":null}},"17":{"start":{"line":59,"column":4},"end":{"line":59,"column":null}},"18":{"start":{"line":62,"column":2},"end":{"line":132,"column":3}},"19":{"start":{"line":64,"column":6},"end":{"line":64,"column":null}},"20":{"start":{"line":66,"column":6},"end":{"line":70,"column":7}},"21":{"start":{"line":67,"column":8},"end":{"line":69,"column":null}},"22":{"start":{"line":71,"column":6},"end":{"line":75,"column":null}},"23":{"start":{"line":78,"column":6},"end":{"line":80,"column":7}},"24":{"start":{"line":79,"column":8},"end":{"line":79,"column":null}},"25":{"start":{"line":81,"column":6},"end":{"line":85,"column":7}},"26":{"start":{"line":82,"column":8},"end":{"line":84,"column":null}},"27":{"start":{"line":86,"column":6},"end":{"line":88,"column":23}},"28":{"start":{"line":91,"column":6},"end":{"line":95,"column":7}},"29":{"start":{"line":92,"column":8},"end":{"line":94,"column":null}},"30":{"start":{"line":100,"column":16},"end":{"line":100,"column":43}},"31":{"start":{"line":101,"column":6},"end":{"line":103,"column":7}},"32":{"start":{"line":102,"column":8},"end":{"line":102,"column":null}},"33":{"start":{"line":104,"column":6},"end":{"line":108,"column":7}},"34":{"start":{"line":105,"column":8},"end":{"line":105,"column":null}},"35":{"start":{"line":107,"column":8},"end":{"line":107,"column":null}},"36":{"start":{"line":109,"column":6},"end":{"line":109,"column":null}},"37":{"start":{"line":113,"column":6},"end":{"line":113,"column":null}},"38":{"start":{"line":115,"column":6},"end":{"line":117,"column":7}},"39":{"start":{"line":116,"column":8},"end":{"line":116,"column":null}},"40":{"start":{"line":118,"column":6},"end":{"line":122,"column":7}},"41":{"start":{"line":119,"column":8},"end":{"line":121,"column":null}},"42":{"start":{"line":123,"column":6},"end":{"line":127,"column":7}},"43":{"start":{"line":124,"column":8},"end":{"line":126,"column":null}},"44":{"start":{"line":128,"column":6},"end":{"line":128,"column":null}},"45":{"start":{"line":131,"column":6},"end":{"line":131,"column":null}},"46":{"start":{"line":39,"column":13},"end":{"line":39,"column":36}},"47":{"start":{"line":137,"column":2},"end":{"line":139,"column":3}},"48":{"start":{"line":138,"column":4},"end":{"line":138,"column":null}},"49":{"start":{"line":140,"column":23},"end":{"line":140,"column":38}},"50":{"start":{"line":142,"column":2},"end":{"line":149,"column":3}},"51":{"start":{"line":142,"column":15},"end":{"line":142,"column":16}},"52":{"start":{"line":143,"column":4},"end":{"line":148,"column":5}},"53":{"start":{"line":147,"column":6},"end":{"line":147,"column":null}},"54":{"start":{"line":150,"column":2},"end":{"line":150,"column":null}},"55":{"start":{"line":163,"column":29},"end":{"line":179,"column":1}},"56":{"start":{"line":164,"column":2},"end":{"line":168,"column":3}},"57":{"start":{"line":165,"column":4},"end":{"line":167,"column":null}},"58":{"start":{"line":170,"column":23},"end":{"line":170,"column":38}},"59":{"start":{"line":172,"column":21},"end":{"line":172,"column":60}},"60":{"start":{"line":174,"column":2},"end":{"line":178,"column":null}},"61":{"start":{"line":190,"column":41},"end":{"line":235,"column":1}},"62":{"start":{"line":194,"column":23},"end":{"line":194,"column":38}},"63":{"start":{"line":196,"column":26},"end":{"line":196,"column":27}},"64":{"start":{"line":197,"column":2},"end":{"line":199,"column":3}},"65":{"start":{"line":198,"column":4},"end":{"line":198,"column":null}},"66":{"start":{"line":200,"column":2},"end":{"line":202,"column":3}},"67":{"start":{"line":201,"column":4},"end":{"line":201,"column":null}},"68":{"start":{"line":204,"column":2},"end":{"line":208,"column":3}},"69":{"start":{"line":205,"column":4},"end":{"line":207,"column":null}},"70":{"start":{"line":210,"column":20},"end":{"line":210,"column":59}},"71":{"start":{"line":212,"column":19},"end":{"line":212,"column":21}},"72":{"start":{"line":213,"column":2},"end":{"line":219,"column":3}},"73":{"start":{"line":214,"column":4},"end":{"line":214,"column":null}},"74":{"start":{"line":215,"column":9},"end":{"line":219,"column":3}},"75":{"start":{"line":216,"column":4},"end":{"line":216,"column":null}},"76":{"start":{"line":218,"column":4},"end":{"line":218,"column":null}},"77":{"start":{"line":221,"column":17},"end":{"line":221,"column":19}},"78":{"start":{"line":222,"column":2},"end":{"line":232,"column":3}},"79":{"start":{"line":223,"column":4},"end":{"line":223,"column":null}},"80":{"start":{"line":224,"column":9},"end":{"line":232,"column":3}},"81":{"start":{"line":225,"column":4},"end":{"line":229,"column":null}},"82":{"start":{"line":231,"column":4},"end":{"line":231,"column":null}},"83":{"start":{"line":234,"column":2},"end":{"line":234,"column":null}},"84":{"start":{"line":241,"column":2},"end":{"line":245,"column":3}},"85":{"start":{"line":242,"column":4},"end":{"line":244,"column":null}},"86":{"start":{"line":248,"column":4},"end":{"line":248,"column":77}},"87":{"start":{"line":250,"column":18},"end":{"line":250,"column":47}},"88":{"start":{"line":252,"column":2},"end":{"line":264,"column":3}},"89":{"start":{"line":254,"column":6},"end":{"line":254,"column":null}},"90":{"start":{"line":256,"column":6},"end":{"line":259,"column":null}},"91":{"start":{"line":261,"column":6},"end":{"line":263,"column":null}},"92":{"start":{"line":275,"column":2},"end":{"line":277,"column":3}},"93":{"start":{"line":276,"column":4},"end":{"line":276,"column":null}},"94":{"start":{"line":279,"column":18},"end":{"line":279,"column":47}},"95":{"start":{"line":281,"column":2},"end":{"line":315,"column":3}},"96":{"start":{"line":283,"column":27},"end":{"line":283,"column":42}},"97":{"start":{"line":285,"column":6},"end":{"line":288,"column":null}},"98":{"start":{"line":292,"column":27},"end":{"line":292,"column":42}},"99":{"start":{"line":293,"column":6},"end":{"line":297,"column":7}},"100":{"start":{"line":294,"column":8},"end":{"line":296,"column":null}},"101":{"start":{"line":299,"column":6},"end":{"line":301,"column":null}},"102":{"start":{"line":305,"column":6},"end":{"line":307,"column":7}},"103":{"start":{"line":306,"column":8},"end":{"line":306,"column":null}},"104":{"start":{"line":310,"column":6},"end":{"line":310,"column":null}},"105":{"start":{"line":312,"column":6},"end":{"line":312,"column":null}},"106":{"start":{"line":314,"column":6},"end":{"line":314,"column":null}},"107":{"start":{"line":318,"column":38},"end":{"line":356,"column":1}},"108":{"start":{"line":322,"column":29},"end":{"line":322,"column":30}},"109":{"start":{"line":324,"column":4},"end":{"line":324,"column":77}},"110":{"start":{"line":326,"column":2},"end":{"line":355,"column":null}},"111":{"start":{"line":329,"column":6},"end":{"line":331,"column":7}},"112":{"start":{"line":330,"column":8},"end":{"line":330,"column":null}},"113":{"start":{"line":334,"column":6},"end":{"line":338,"column":7}},"114":{"start":{"line":335,"column":8},"end":{"line":337,"column":null}},"115":{"start":{"line":340,"column":29},"end":{"line":340,"column":71}},"116":{"start":{"line":342,"column":6},"end":{"line":348,"column":7}},"117":{"start":{"line":343,"column":8},"end":{"line":347,"column":9}},"118":{"start":{"line":344,"column":10},"end":{"line":346,"column":null}},"119":{"start":{"line":351,"column":6},"end":{"line":351,"column":null}},"120":{"start":{"line":353,"column":6},"end":{"line":353,"column":null}},"121":{"start":{"line":318,"column":13},"end":{"line":318,"column":38}}},"fnMap":{"0":{"name":"(anonymous_0)","decl":{"start":{"line":39,"column":36},"end":{"line":39,"column":null}},"loc":{"start":{"line":43,"column":4},"end":{"line":133,"column":1}}},"1":{"name":"isDynamicKeyName","decl":{"start":{"line":136,"column":16},"end":{"line":136,"column":32}},"loc":{"start":{"line":136,"column":45},"end":{"line":151,"column":1}}},"2":{"name":"(anonymous_2)","decl":{"start":{"line":163,"column":29},"end":{"line":163,"column":30}},"loc":{"start":{"line":163,"column":73},"end":{"line":179,"column":1}}},"3":{"name":"(anonymous_3)","decl":{"start":{"line":190,"column":41},"end":{"line":190,"column":null}},"loc":{"start":{"line":193,"column":4},"end":{"line":235,"column":1}}},"4":{"name":"encodeDynamicKeyName","decl":{"start":{"line":237,"column":9},"end":{"line":237,"column":29}},"loc":{"start":{"line":239,"column":35},"end":{"line":265,"column":1}}},"5":{"name":"encodeKeyName","decl":{"start":{"line":274,"column":16},"end":{"line":274,"column":29}},"loc":{"start":{"line":274,"column":77},"end":{"line":316,"column":1}}},"6":{"name":"(anonymous_6)","decl":{"start":{"line":318,"column":38},"end":{"line":318,"column":null}},"loc":{"start":{"line":321,"column":4},"end":{"line":356,"column":1}}},"7":{"name":"(anonymous_7)","decl":{"start":{"line":328,"column":9},"end":{"line":328,"column":10}},"loc":{"start":{"line":328,"column":25},"end":{"line":354,"column":5}}}},"branchMap":{"0":{"loc":{"start":{"line":48,"column":2},"end":{"line":60,"column":3}},"type":"if","locations":[{"start":{"line":48,"column":2},"end":{"line":60,"column":3}},{"start":{"line":50,"column":9},"end":{"line":60,"column":3}}]},"1":{"loc":{"start":{"line":53,"column":4},"end":{"line":55,"column":5}},"type":"if","locations":[{"start":{"line":53,"column":4},"end":{"line":55,"column":5}}]},"2":{"loc":{"start":{"line":62,"column":2},"end":{"line":132,"column":3}},"type":"switch","locations":[{"start":{"line":63,"column":4},"end":{"line":64,"column":null}},{"start":{"line":65,"column":4},"end":{"line":76,"column":5}},{"start":{"line":77,"column":4},"end":{"line":89,"column":5}},{"start":{"line":90,"column":4},"end":{"line":110,"column":5}},{"start":{"line":111,"column":4},"end":{"line":113,"column":null}},{"start":{"line":114,"column":4},"end":{"line":129,"column":5}},{"start":{"line":130,"column":4},"end":{"line":131,"column":null}}]},"3":{"loc":{"start":{"line":66,"column":6},"end":{"line":70,"column":7}},"type":"if","locations":[{"start":{"line":66,"column":6},"end":{"line":70,"column":7}}]},"4":{"loc":{"start":{"line":66,"column":10},"end":{"line":66,"column":47}},"type":"binary-expr","locations":[{"start":{"line":66,"column":10},"end":{"line":66,"column":26}},{"start":{"line":66,"column":30},"end":{"line":66,"column":47}}]},"5":{"loc":{"start":{"line":73,"column":8},"end":{"line":73,"column":55}},"type":"cond-expr","locations":[{"start":{"line":73,"column":50},"end":{"line":73,"column":51}},{"start":{"line":73,"column":54},"end":{"line":73,"column":55}}]},"6":{"loc":{"start":{"line":73,"column":8},"end":{"line":73,"column":47}},"type":"binary-expr","locations":[{"start":{"line":73,"column":8},"end":{"line":73,"column":24}},{"start":{"line":73,"column":28},"end":{"line":73,"column":47}}]},"7":{"loc":{"start":{"line":78,"column":6},"end":{"line":80,"column":7}},"type":"if","locations":[{"start":{"line":78,"column":6},"end":{"line":80,"column":7}}]},"8":{"loc":{"start":{"line":81,"column":6},"end":{"line":85,"column":7}},"type":"if","locations":[{"start":{"line":81,"column":6},"end":{"line":85,"column":7}}]},"9":{"loc":{"start":{"line":91,"column":6},"end":{"line":95,"column":7}},"type":"if","locations":[{"start":{"line":91,"column":6},"end":{"line":95,"column":7}}]},"10":{"loc":{"start":{"line":91,"column":10},"end":{"line":91,"column":38}},"type":"binary-expr","locations":[{"start":{"line":91,"column":10},"end":{"line":91,"column":20}},{"start":{"line":91,"column":24},"end":{"line":91,"column":38}}]},"11":{"loc":{"start":{"line":101,"column":6},"end":{"line":103,"column":7}},"type":"if","locations":[{"start":{"line":101,"column":6},"end":{"line":103,"column":7}}]},"12":{"loc":{"start":{"line":104,"column":6},"end":{"line":108,"column":7}},"type":"if","locations":[{"start":{"line":104,"column":6},"end":{"line":108,"column":7}},{"start":{"line":106,"column":13},"end":{"line":108,"column":7}}]},"13":{"loc":{"start":{"line":115,"column":6},"end":{"line":117,"column":7}},"type":"if","locations":[{"start":{"line":115,"column":6},"end":{"line":117,"column":7}}]},"14":{"loc":{"start":{"line":118,"column":6},"end":{"line":122,"column":7}},"type":"if","locations":[{"start":{"line":118,"column":6},"end":{"line":122,"column":7}}]},"15":{"loc":{"start":{"line":123,"column":6},"end":{"line":127,"column":7}},"type":"if","locations":[{"start":{"line":123,"column":6},"end":{"line":127,"column":7}}]},"16":{"loc":{"start":{"line":137,"column":2},"end":{"line":139,"column":3}},"type":"if","locations":[{"start":{"line":137,"column":2},"end":{"line":139,"column":3}}]},"17":{"loc":{"start":{"line":137,"column":6},"end":{"line":137,"column":49}},"type":"binary-expr","locations":[{"start":{"line":137,"column":6},"end":{"line":137,"column":27}},{"start":{"line":137,"column":31},"end":{"line":137,"column":49}}]},"18":{"loc":{"start":{"line":143,"column":4},"end":{"line":148,"column":5}},"type":"if","locations":[{"start":{"line":143,"column":4},"end":{"line":148,"column":5}}]},"19":{"loc":{"start":{"line":144,"column":6},"end":{"line":145,"column":46}},"type":"binary-expr","locations":[{"start":{"line":144,"column":6},"end":{"line":144,"column":44}},{"start":{"line":145,"column":6},"end":{"line":145,"column":46}}]},"20":{"loc":{"start":{"line":164,"column":2},"end":{"line":168,"column":3}},"type":"if","locations":[{"start":{"line":164,"column":2},"end":{"line":168,"column":3}}]},"21":{"loc":{"start":{"line":197,"column":2},"end":{"line":199,"column":3}},"type":"if","locations":[{"start":{"line":197,"column":2},"end":{"line":199,"column":3}}]},"22":{"loc":{"start":{"line":200,"column":2},"end":{"line":202,"column":3}},"type":"if","locations":[{"start":{"line":200,"column":2},"end":{"line":202,"column":3}}]},"23":{"loc":{"start":{"line":204,"column":2},"end":{"line":208,"column":3}},"type":"if","locations":[{"start":{"line":204,"column":2},"end":{"line":208,"column":3}}]},"24":{"loc":{"start":{"line":213,"column":2},"end":{"line":219,"column":3}},"type":"if","locations":[{"start":{"line":213,"column":2},"end":{"line":219,"column":3}},{"start":
[...]
5}},"23":{"start":{"line":96,"column":6},"end":{"line":96,"column":null}},"24":{"start":{"line":98,"column":4},"end":{"line":98,"column":null}},"25":{"start":{"line":111,"column":19},"end":{"line":117,"column":null}},"26":{"start":{"line":119,"column":4},"end":{"line":119,"column":null}},"27":{"start":{"line":134,"column":4},"end":{"line":158,"column":5}},"28":{"start":{"line":135,"column":28},"end":{"line":137,"column":null}},"29":{"start":{"line":140,"column":21},"end":{"line":146,"column":null}},"30":{"start":{"line":149,"column":6},"end":{"line":151,"column":7}},"31":{"start":{"line":150,"column":8},"end":{"line":150,"column":null}},"32":{"start":{"line":154,"column":6},"end":{"line":157,"column":null}},"33":{"start":{"line":160,"column":26},"end":{"line":162,"column":null}},"34":{"start":{"line":165,"column":20},"end":{"line":172,"column":6}},"35":{"start":{"line":175,"column":4},"end":{"line":178,"column":null}},"36":{"start":{"line":182,"column":19},"end":{"line":182,"column":60}},"37":{"start":{"line":183,"column":4},"end":{"line":187,"column":5}},"38":{"start":{"line":184,"column":6},"end":{"line":184,"column":null}},"39":{"start":{"line":186,"column":6},"end":{"line":186,"column":null}},"40":{"start":{"line":194,"column":26},"end":{"line":194,"column":63}},"41":{"start":{"line":196,"column":4},"end":{"line":200,"column":5}},"42":{"start":{"line":197,"column":6},"end":{"line":199,"column":null}},"43":{"start":{"line":202,"column":4},"end":{"line":215,"column":5}},"44":{"start":{"line":204,"column":8},"end":{"line":208,"column":null}},"45":{"start":{"line":210,"column":8},"end":{"line":210,"column":null}},"46":{"start":{"line":212,"column":8},"end":{"line":212,"column":null}},"47":{"start":{"line":214,"column":8},"end":{"line":214,"column":null}},"48":{"start":{"line":223,"column":4},"end":{"line":239,"column":5}},"49":{"start":{"line":224,"column":29},"end":{"line":230,"column":null}},"50":{"start":{"line":233,"column":28},"end":{"line":233,"column":64}},"51":{"start":{"line":235,"column":6},"end":{"line":238,"column":null}},"52":{"start":{"line":235,"column":63},"end":{"line":238,"column":8}},"53":{"start":{"line":241,"column":31},"end":{"line":248,"column":null}},"54":{"start":{"line":250,"column":25},"end":{"line":250,"column":57}},"55":{"start":{"line":251,"column":26},"end":{"line":251,"column":58}},"56":{"start":{"line":253,"column":4},"end":{"line":256,"column":null}},"57":{"start":{"line":253,"column":57},"end":{"line":256,"column":6}},"58":{"start":{"line":263,"column":4},"end":{"line":278,"column":5}},"59":{"start":{"line":266,"column":37},"end":{"line":269,"column":null}},"60":{"start":{"line":267,"column":8},"end":{"line":268,"column":null}},"61":{"start":{"line":272,"column":29},"end":{"line":272,"column":70}},"62":{"start":{"line":274,"column":6},"end":{"line":277,"column":null}},"63":{"start":{"line":274,"column":59},"end":{"line":277,"column":8}},"64":{"start":{"line":280,"column":31},"end":{"line":280,"column":33}},"65":{"start":{"line":283,"column":4},"end":{"line":292,"column":5}},"66":{"start":{"line":283,"column":21},"end":{"line":283,"column":22}},"67":{"start":{"line":284,"column":6},"end":{"line":291,"column":null}},"68":{"start":{"line":294,"column":30},"end":{"line":294,"column":62}},"69":{"start":{"line":296,"column":4},"end":{"line":301,"column":null}},"70":{"start":{"line":297,"column":6},"end":{"line":300,"column":null}},"71":{"start":{"line":308,"column":4},"end":{"line":319,"column":5}},"72":{"start":{"line":309,"column":21},"end":{"line":309,"column":57}},"73":{"start":{"line":310,"column":6},"end":{"line":314,"column":7}},"74":{"start":{"line":311,"column":22},"end":{"line":311,"column":46}},"75":{"start":{"line":312,"column":8},"end":{"line":312,"column":null}},"76":{"start":{"line":313,"column":8},"end":{"line":313,"column":null}},"77":{"start":{"line":315,"column":6},"end":{"line":317,"column":7}},"78":{"start":{"line":316,"column":8},"end":{"line":316,"column":null}},"79":{"start":{"line":318,"column":6},"end":{"line":318,"column":null}},"80":{"start":{"line":321,"column":22},"end":{"line":349,"column":5}},"81":{"start":{"line":322,"column":6},"end":{"line":348,"column":null}},"82":{"start":{"line":326,"column":26},"end":{"line":337,"column":9}},"83":{"start":{"line":327,"column":10},"end":{"line":335,"column":11}},"84":{"start":{"line":329,"column":13},"end":{"line":329,"column":null}},"85":{"start":{"line":330,"column":12},"end":{"line":333,"column":13}},"86":{"start":{"line":331,"column":14},"end":{"line":331,"column":null}},"87":{"start":{"line":332,"column":14},"end":{"line":332,"column":null}},"88":{"start":{"line":334,"column":12},"end":{"line":334,"column":null}},"89":{"start":{"line":336,"column":10},"end":{"line":336,"column":null}},"90":{"start":{"line":338,"column":24},"end":{"line":344,"column":10}},"91":{"start":{"line":339,"column":10},"end":{"line":343,"column":11}},"92":{"start":{"line":340,"column":12},"end":{"line":340,"column":null}},"93":{"start":{"line":342,"column":12},"end":{"line":342,"column":null}},"94":{"start":{"line":345,"column":8},"end":{"line":347,"column":9}},"95":{"start":{"line":346,"column":10},"end":{"line":346,"column":null}},"96":{"start":{"line":350,"column":4},"end":{"line":352,"column":5}},"97":{"start":{"line":351,"column":6},"end":{"line":351,"column":null}},"98":{"start":{"line":353,"column":4},"end":{"line":353,"column":null}},"99":{"start":{"line":38,"column":0},"end":{"line":38,"column":13}}},"fnMap":{"0":{"name":"(anonymous_0)","decl":{"start":{"line":42,"column":2},"end":{"line":42,"column":14}},"loc":{"start":{"line":42,"column":44},"end":{"line":50,"column":3}}},"1":{"name":"(anonymous_1)","decl":{"start":{"line":52,"column":2},"end":{"line":52,"column":7}},"loc":{"start":{"line":52,"column":32},"end":{"line":57,"column":3}}},"2":{"name":"(anonymous_2)","decl":{"start":{"line":59,"column":2},"end":{"line":59,"column":7}},"loc":{"start":{"line":59,"column":41},"end":{"line":99,"column":3}}},"3":{"name":"(anonymous_3)","decl":{"start":{"line":107,"column":2},"end":{"line":107,"column":7}},"loc":{"start":{"line":109,"column":23},"end":{"line":120,"column":3}}},"4":{"name":"(anonymous_4)","decl":{"start":{"line":129,"column":2},"end":{"line":129,"column":7}},"loc":{"start":{"line":132,"column":21},"end":{"line":179,"column":3}}},"5":{"name":"(anonymous_5)","decl":{"start":{"line":181,"column":2},"end":{"line":181,"column":7}},"loc":{"start":{"line":181,"column":48},"end":{"line":188,"column":3}}},"6":{"name":"(anonymous_6)","decl":{"start":{"line":190,"column":2},"end":{"line":190,"column":7}},"loc":{"start":{"line":192,"column":23},"end":{"line":216,"column":3}}},"7":{"name":"(anonymous_7)","decl":{"start":{"line":218,"column":10},"end":{"line":218,"column":15}},"loc":{"start":{"line":221,"column":51},"end":{"line":257,"column":3}}},"8":{"name":"(anonymous_8)","decl":{"start":{"line":235,"column":42},"end":{"line":235,"column":43}},"loc":{"start":{"line":235,"column":63},"end":{"line":238,"column":8}}},"9":{"name":"(anonymous_9)","decl":{"start":{"line":253,"column":40},"end":{"line":253,"column":41}},"loc":{"start":{"line":253,"column":57},"end":{"line":256,"column":6}}},"10":{"name":"(anonymous_10)","decl":{"start":{"line":259,"column":10},"end":{"line":259,"column":15}},"loc":{"start":{"line":261,"column":23},"end":{"line":302,"column":3}}},"11":{"name":"(anonymous_11)","decl":{"start":{"line":266,"column":51},"end":{"line":266,"column":52}},"loc":{"start":{"line":267,"column":8},"end":{"line":268,"column":null}}},"12":{"name":"(anonymous_12)","decl":{"start":{"line":274,"column":32},"end":{"line":274,"column":33}},"loc":{"start":{"line":274,"column":59},"end":{"line":277,"column":8}}},"13":{"name":"(anonymous_13)","decl":{"start":{"line":296,"column":38},"end":{"line":296,"column":39}},"loc":{"start":{"line":296,"column":62},"end":{"line":301,"column":5}}},"14":{"name":"(anonymous_14)","decl":{"start":{"line":304,"column":10},"end":{"line":304,"column":15}},"loc":{"start":{"line":304,"column":57},"end":{"line":354,"column":3}}},"15":{"name":"(anonymous_15)","decl":{"start":{"line":321,"column":22},"end":{"line":321,"column":27}},"loc":{"start":{"line":321,"column":49},"end":{"line":349,"column":5}}},"16":{"name":"(anonymous_16)","decl":{"start":{"line":322,"column":25},"end":{"line":322,"column":26}},"loc":{"start":{"line":322,"column":45},"end":{"line":348,"column":7}}},"17":{"name":"(anonymous_17)","decl":{"start":{"line":326,"column":26},"end":{"line":326,"column":27}},"loc":{"start":{"line":326,"column":32},"end":{"line":337,"column":9}}},"18":{"name":"(anonymous_18)","decl":{"start":{"line":338,"column":52},"end":{"line":338,"column":53}},"loc":{"start":{"line":338,"column":61},"end":{"line":344,"column":9}}}},"branchMap":{"0":{"loc":{"start":{"line":43,"column":4},"end":{"line":47,"column":5}},"type":"if","locations":[{"start":{"line":43,"column":4},"end":{"line":47,"column":5}},{"start":{"line":45,"column":11},"end":{"line":47,"column":5}}]},"1":{"loc":{"start":{"line":65,"column":4},"end":{"line":67,"column":5}},"type":"if","locations":[{"start":{"line":65,"column":4},"end":{"line":67,"column":5}}]},"2":{"loc":{"start":{"line":75,"column":4},"end":{"line":77,"column":5}},"type":"if","locations":[{"start":{"line":75,"column":4},"end":{"line":77,"column":5}}]},"3":{"loc":{"start":{"line":84,"column":4},"end":{"line":86,"column":5}},"type":"if","locations":[{"start":{"line":84,"column":4},"end":{"line":86,"column":5}}]},"4":{"loc":{"start":{"line":95,"column":4},"end":{"line":97,"column":5}},"type":"if","locations":[{"start":{"line":95,"column":4},"end":{"line":97,"column":5}}]},"5":{"loc":{"start":{"line":134,"column":4},"end":{"line":158,"column":5}},"type":"if","locations":[{"start":{"line":134,"column":4},"end":{"line":158,"column":5}}]},"6":{"loc":{"start":{"line":149,"column":6},"end":{"line":151,"column":7}},"type":"if","locations":[{"start":{"line":149,"column":6},"end":{"line":151,"column":7}}]},"7":{"loc":{"start":{"line":196,"column":4},"end":{"line":200,"column":5}},"type":"if","locations":[{"start":{"line":196,"column":4},"end":{"line":200,"column":5}}]},"8":{"loc":{"start":{"line":202,"column":4},"end":{"line":215,"column":5}},"type":"switch","locations":[{"start":{"line":203,"column":6},"end":{"line":208,"column":null}},{"start":{"line":209,"column":6},"end":{"line":210,"column":null}},{"start":{"line":211,"column":6},"end":{"line":212,"column":null}},{"start":{"line":213,"column":6},"end":{"line":214,"column":null}}]},"9":{"loc":{"start":{"line":223,"column":4},"end":{"line":239,"column":5}},"type":"if","locations":[{"start":{"line":223,"column":4},"end":{"line":239,"column":5}}]},"10":{"loc":{"start":{"line":237,"column":15},"end":{"line":237,"column":67}},"type":"cond-expr","locations":[{"start":{"line":237,"column":31},"end":{"line":237,"column":51}},{"start":{"line":237,"column":54},"end":{"line":237,"column":67}}]},"11":{"loc":{"start":{"line":255,"column":13},"end":{"line":255,"column":65}},"type":"cond-expr","locations":[{"start":{"line":255,"column":29},"end":{"line":255,"column":49}},{"start":{"line":255,"column":52},"end":{"line":255,"column":65}}]},"12":{"loc":{"start":{"line":263,"column":4},"end":{"line":278,"column":5}},"type":"if","locations":[{"start":{"line":263,"column":4},"end":{"line":278,"column":5}}]},"13":{"loc":{"start":{"line":308,"column":4},"end":{"line":319,"column":5}},"type":"if","locations":[{"start":{"line":308,"column":4},"end":{"line":319,"column":5}}]},"14":{"loc":{"start":{"line":310,"column":6},"end":{"line":314,"column":7}},"type":"if","locations":[{"start":{"line":310,"column":6},"end":{"line":314,"column":7}}]},"15":{"loc":{"start":{"line":315,"column":6},"end":{"line":317,"column":7}},"type":"if","locations":[{"start":{"line":315,"column":6},"end":{"line":317,"column":7}}]},"16":{"loc":{"start":{"line":327,"column":10},"end":{"line":335,"column":11}},"type":"if","locations":[{"start":{"line":327,"column":10},"end":{"line":335,"column":11}}]},"17":{"loc":{"start":{"line":330,"column":12},"end":{"line":333,"column":13}},"type":"if","locations":[{"start":{"line":330,"column":12},"end":{"line":333,"column":13}}]},"18":{"loc":{"start":{"line":336,"column":25},"end":{"line":336,"column":41}},"type":"binary-expr","locations":[{"start":{"line":336,"column":25},"end":{"line":336,"column":33}},{"start":{"line":336,"column":37},"end":{"line":336,"column":41}}]},"19":{"loc":{"start":{"line":339,"column":10},"end":{"line":343,"column":11}},"type":"if","locations":[{"start":{"line":339,"column":10},"end":{"line":343,"column":11}},{"start":{"line":341,"column":17},"end":{"line":343,"column":11}}]},"20":{"loc":{"start":{"line":345,"column":8},"end":{"line":347,"column":9}},"type":"if","locations":[{"start":{"line":345,"column":8},"end":{"line":347,"column":9}}]},"21":{"loc":{"start":{"line":345,"column":12},"end":{"line":345,"column":57}},"type":"binary-expr","locations":[{"start":{"line":345,"column":12},"end":{"line":345,"column":19}},{"start":{"line":345,"column":23},"end":{"line":345,"column":57}}]},"22":{"loc":{"start":{"line":350,"column":4},"end":{"line":352,"column":5}},"type":"if","locations":[{"start":{"line":350,"column":4},"end":{"line":352,"column":5}}]}},"s":{"0":1,"1":1,"2":1,"3":1,"4":1,"5":96,"6":85,"7":11,"8":96,"9":96,"10":3,"11":1,"12":114,"13":114,"14":22,"15":92,"16":92,"17":15,"18":77,"19":77,"20":0,"21":77,"22":77,"23":77,"24":0,"25":362,"26":362,"27":9,"28":5,"29":5,"30":5,"31":0,"32":5,"33":4,"34":4,"35":4,"36":0,"37":0,"38":0,"39":0,"40":114,"41":114,"42":0,"43":114,"44":22,"45":15,"46":77,"47":0,"48":37,"49":29,"50":29,"51":29,"52":115,"53":8,"54":8,"55":8,"56":8,"57":62,"58":77,"59":69,"60":102,"61":69,"62":69,"63":102,"64":8,"65":8,"66":8,"67":62,"68":8,"69":8,"70":62,"71":521,"72":450,"73":450,"74":0,"75":0,"76":0,"77":450,"78":389,"79":61,"80":71,"81":125,"82":125,"83":124,"84":1,"85":1,"86":0,"87":0,"88":1,"89":123,"90":125,"91":64,"92":1,"93":63,"94":125,"95":61,"96":71,"97":20,"98":51,"99":1},"f":{"0":96,"1":3,"2":114,"3":362,"4":9,"5":0,"6":114,"7":37,"8":115,"9":62,"10":77,"11":102,"12":102,"13":62,"14":521,"15":125,"16":125,"17":124,"18":64},"b":{"0":[85,11],"1":[22],"2":[15],"3":[0],"4":[77],"5":[5],"6":[0],"7":[0],"8":[22,15,77,0],"9":[29],"10":[115,0],"11":[62,0],"12":[69],"13":[450],"14":[0],"15":[389],"16":[1],"17":[0],"18":[123,0],"19":[1,63],"20":[61],"21":[125,61],"22":[20]}}
,"/Users/andy/Development/erc725/src/schemas/index.ts": {"path":"/Users/andy/Development/erc725/src/schemas/index.ts","statementMap":{"0":{"start":{"line":3,"column":0},"end":{"line":3,"column":77}},"1":{"start":{"line":4,"column":0},"end":{"line":4,"column":67}},"2":{"start":{"line":5,"column":0},"end":{"line":5,"column":64}},"3":{"start":{"line":6,"column":0},"end":{"line":6,"column":76}},"4":{"start":{"line":7,"column":0},"end":{"line":7,"column":66}},"5":{"start":{"line":8,"column":0},"end":{"line":8,"column":62}},"6":{"start":{"line":9,"column":0},"end":{"line":9,"column":76}},"7":{"start":{"line":10,"column":0},"end":{"line":10,"column":57}},"8":{"start":{"line":11,"column":0},"end":{"line":11,"column":68}},"9":{"start":{"line":12,"column":0},"end":{"line":12,"column":66}},"10":{"start":{"line":13,"column":0},"end":{"line":13,"column":71}},"11":{"start":{"line":17,"column":13},"end":{"line":17,"column":null}},"12":{"start":{"line":18,"column":13},"end":{"line":18,"column":null}},"13":{"start":{"line":19,"column":13},"end":{"line":19,"column":null}},"14":{"start":{"line":20,"column":13},"end":{"line":20,"column":null}},"15":{"start":{"line":21,"column":13},"end":{"line":21,"column":null}},"16":{"start":{"line":22,"column":13},"end":{"line":22,"column":null}},"17":{"start":{"line":23,"column":13},"end":{"line":23,"column":null}},"18":{"start":{"line":24,"column":13},"end":{"line":24,"column":null}},"19":{"start":{"line":25,"column":13},"end":{"line":25,"column":null}},"20":{"start":{"line":26,"column":13},"end":{"line":26,"column":null}},"21":{"start":{"line":27,"column":13},"end":{"line":27,"column":null}},"22":{"start":{"line":29,"column":19},"end":{"line":39,"column":null}},"23":{"start":{"line":42,"column":0},"end":{"line":42,"column":null}}},"fnMap":{},"branchMap":{},"s":{"0":1,"1":1,"2":1,"3":1,"4":1,"5":1,"6":1,"7":1,"8":1,"9":1,"10":1,"11":1,"12":1,"13":1,"14":1,"15":1,"16":1,"17":1,"18":1,"19":1,"20":1,"21":1,"22":1,"23":1},"f":{},"b":{}}
,"/Users/andy/Development/erc725/src/types/ERC725JSONSchema.ts": {"path":"/Users/andy/Development/erc725/src/types/ERC725JSONSchema.ts","statementMap":{"0":{"start":{"line":143,"column":0},"end":{"line":143,"column":16}},"1":{"start":{"line":23,"column":13},"end":{"line":139,"column":null}},"2":{"start":{"line":146,"column":2},"end":{"line":146,"column":null}}},"fnMap":{"0":{"name":"isValidValueType","decl":{"start":{"line":143,"column":16},"end":{"line":143,"column":32}},"loc":{"start":{"line":144,"column":15},"end":{"line":147,"column":1}}}},"branchMap":{},"s":{"0":1,"1":1,"2":75},"f":{"0":75},"b":{}}
,"/Users/andy/Development/erc725/src/types/Method.ts": {"path":"/Users/andy/Development/erc725/src/types/Method.ts","statementMap":{"0":{"start":{"line":1,"column":0},"end":{"line":1,"column":null}},"1":{"start":{"line":2,"column":2},"end":{"line":2,"column":null}},"2":{"start":{"line":3,"column":2},"end":{"line":3,"column":null}},"3":{"start":{"line":4,"column":2},"end":{"line":4,"column":null}},"4":{"start":{"line":5,"column":2},"end":{"line":5,"column":null}},"5":{"start":{"line":6,"column":2},"end":{"line":6,"column":null}},"6":{"start":{"line":7,"column":2},"end":{"line":7,"column":null}},"7":{"start":{"line":10,"column":0},"end":{"line":10,"column":null}},"8":{"start":{"line":11,"column":2},"end":{"line":11,"column":null}},"9":{"start":{"line":12,"column":2},"end":{"line":12,"column":null}},"10":{"start":{"line":13,"column":2},"end":{"line":13,"column":null}},"11":{"start":{"line":14,"column":2},"end":{"line":14,"column":null}},"12":{"start":{"line":15,"column":2},"end":{"line":15,"column":null}},"13":{"start":{"line":16,"column":2},"end":{"line":16,"column":null}},"14":{"start":{"line":17,"column":2},"end":{"line":17,"column":null}}},"fnMap":{"0":{"name":"(anonymous_0)","decl":{"start":{"line":1,"column":0},"end":{"line":1,"column":12}},"loc":{"start":{"line":1,"column":18},"end":{"line":8,"column":1}}},"1":{"name":"(anonymous_1)","decl":{"start":{"line":10,"column":0},"end":{"line":10,"column":12}},"loc":{"start":{"line":10,"column":20},"end":{"line":18,"column":1}}}},"branchMap":{"0":{"loc":{"start":{"line":1,"column":12},"end":{"line":1,"column":null}},"type":"binary-expr","locations":[{"start":{"line":1,"column":12},"end":{"line":1,"column":18}},{"start":{"line":1,"column":18},"end":{"line":1,"column":null}}]},"1":{"loc":{"start":{"line":10,"column":12},"end":{"line":10,"column":null}},"type":"binary-expr","locations":[{"start":{"line":10,"column":12},"end":{"line":10,"column":20}},{"start":{"line":10,"column":20},"end":{"line":10,"column":null}}]}},"s":{"0":1,"1":1,"2":1,"3":1,"4":1,"5":1,"6":1,"7":1,"8":1,"9":1,"10":1,"11":1,"12":1,"13":1,"14":1},"f":{"0":1,"1":1},"b":{"0":[1,1],"1":[1,1]}}
,"/Users/andy/Development/erc725/src/types/provider.ts": {"path":"/Users/andy/Development/erc725/src/types/provider.ts","statementMap":{"0":{"start":{"line":1,"column":0},"end":{"line":1,"column":null}},"1":{"start":{"line":2,"column":2},"end":{"line":2,"column":null}},"2":{"start":{"line":3,"column":2},"end":{"line":3,"column":null}}},"fnMap":{"0":{"name":"(anonymous_0)","decl":{"start":{"line":1,"column":0},"end":{"line":1,"column":12}},"loc":{"start":{"line":1,"column":25},"end":{"line":4,"column":1}}}},"branchMap":{"0":{"loc":{"start":{"line":1,"column":12},"end":{"line":1,"column":null}},"type":"binary-expr","locations":[{"start":{"line":1,"column":12},"end":{"line":1,"column":25}},{"start":{"line":1,"column":25},"end":{"line":1,"column":null}}]}},"s":{"0":1,"1":1,"2":1},"f":{"0":1},"b":{"0":[1,1]}}
}
