{"/home/rryter/Projects/alliance-erc725.js/src/index.ts":{"path":"/home/rryter/Projects/alliance-erc725.js/src/index.ts","statementMap":{"0":{"start":{"line":16,"column":22},"end":{"line":18,"column":1}},"1":{"start":{"line":17,"column":4},"end":{"line":17,"column":62}},"2":{"start":{"line":19,"column":0},"end":{"line":19,"column":62}},"3":{"start":{"line":20,"column":0},"end":{"line":20,"column":24}},"4":{"start":{"line":26,"column":21},"end":{"line":26,"column":42}},"5":{"start":{"line":27,"column":34},"end":{"line":27,"column":97}},"6":{"start":{"line":28,"column":30},"end":{"line":28,"column":89}},"7":{"start":{"line":29,"column":34},"end":{"line":29,"column":97}},"8":{"start":{"line":30,"column":16},"end":{"line":30,"column":38}},"9":{"start":{"line":32,"column":0},"end":{"line":36,"column":40}},"10":{"start":{"line":33,"column":4},"end":{"line":33,"column":36}},"11":{"start":{"line":34,"column":4},"end":{"line":34,"column":42}},"12":{"start":{"line":35,"column":4},"end":{"line":35,"column":34}},"13":{"start":{"line":82,"column":8},"end":{"line":84,"column":9}},"14":{"start":{"line":83,"column":12},"end":{"line":83,"column":47}},"15":{"start":{"line":85,"column":30},"end":{"line":87,"column":9}},"16":{"start":{"line":89,"column":8},"end":{"line":94,"column":10}},"17":{"start":{"line":96,"column":8},"end":{"line":97,"column":19}},"18":{"start":{"line":97,"column":12},"end":{"line":97,"column":19}},"19":{"start":{"line":98,"column":30},"end":{"line":98,"column":59}},"20":{"start":{"line":100,"column":8},"end":{"line":123,"column":9}},"21":{"start":{"line":101,"column":12},"end":{"line":101,"column":59}},"22":{"start":{"line":102,"column":12},"end":{"line":102,"column":89}},"23":{"start":{"line":104,"column":31},"end":{"line":104,"column":177}},"24":{"start":{"line":105,"column":12},"end":{"line":107,"column":13}},"25":{"start":{"line":106,"column":16},"end":{"line":106,"column":79}},"26":{"start":{"line":110,"column":13},"end":{"line":123,"column":9}},"27":{"start":{"line":111,"column":12},"end":{"line":111,"column":62}},"28":{"start":{"line":112,"column":12},"end":{"line":112,"column":89}},"29":{"start":{"line":115,"column":13},"end":{"line":123,"column":9}},"30":{"start":{"line":117,"column":12},"end":{"line":117,"column":58}},"31":{"start":{"line":118,"column":12},"end":{"line":118,"column":85}},"32":{"start":{"line":122,"column":12},"end":{"line":122,"column":82}},"33":{"start":{"line":149,"column":8},"end":{"line":151,"column":9}},"34":{"start":{"line":150,"column":12},"end":{"line":150,"column":64}},"35":{"start":{"line":152,"column":8},"end":{"line":154,"column":9}},"36":{"start":{"line":153,"column":12},"end":{"line":153,"column":49}},"37":{"start":{"line":155,"column":23},"end":{"line":155,"column":74}},"38":{"start":{"line":156,"column":26},"end":{"line":156,"column":63}},"39":{"start":{"line":158,"column":24},"end":{"line":158,"column":96}},"40":{"start":{"line":160,"column":8},"end":{"line":169,"column":9}},"41":{"start":{"line":161,"column":24},"end":{"line":161,"column":64}},"42":{"start":{"line":162,"column":24},"end":{"line":162,"column":66}},"43":{"start":{"line":164,"column":12},"end":{"line":167,"column":13}},"44":{"start":{"line":165,"column":16},"end":{"line":165,"column":33}},"45":{"start":{"line":166,"column":16},"end":{"line":166,"column":57}},"46":{"start":{"line":168,"column":12},"end":{"line":168,"column":22}},"47":{"start":{"line":170,"column":8},"end":{"line":170,"column":53}},"48":{"start":{"line":201,"column":24},"end":{"line":201,"column":26}},"49":{"start":{"line":203,"column":8},"end":{"line":205,"column":9}},"50":{"start":{"line":204,"column":12},"end":{"line":204,"column":64}},"51":{"start":{"line":206,"column":8},"end":{"line":208,"column":9}},"52":{"start":{"line":207,"column":12},"end":{"line":207,"column":49}},"53":{"start":{"line":210,"column":26},"end":{"line":210,"column":63}},"54":{"start":{"line":210,"column":57},"end":{"line":210,"column":62}},"55":{"start":{"line":212,"column":25},"end":{"line":212,"column":96}},"56":{"start":{"line":214,"column":8},"end":{"line":214,"column":70}},"57":{"start":{"line":214,"column":52},"end":{"line":214,"column":68}},"58":{"start":{"line":215,"column":8},"end":{"line":232,"column":9}},"59":{"start":{"line":217,"column":12},"end":{"line":217,"column":73}},"60":{"start":{"line":221,"column":33},"end":{"line":221,"column":103}},"61":{"start":{"line":221,"column":67},"end":{"line":221,"column":102}},"62":{"start":{"line":223,"column":12},"end":{"line":227,"column":13}},"63":{"start":{"line":223,"column":29},"end":{"line":223,"column":30}},"64":{"start":{"line":224,"column":38},"end":{"line":224,"column":57}},"65":{"start":{"line":225,"column":36},"end":{"line":225,"column":89}},"66":{"start":{"line":226,"column":16},"end":{"line":226,"column":63}},"67":{"start":{"line":226,"column":43},"end":{"line":226,"column":61}},"68":{"start":{"line":228,"column":12},"end":{"line":230,"column":15}},"69":{"start":{"line":229,"column":16},"end":{"line":229,"column":45}},"70":{"start":{"line":231,"column":12},"end":{"line":231,"column":73}},"71":{"start":{"line":235,"column":8},"end":{"line":237,"column":11}},"72":{"start":{"line":236,"column":12},"end":{"line":236,"column":41}},"73":{"start":{"line":239,"column":8},"end":{"line":243,"column":9}},"74":{"start":{"line":239,"column":25},"end":{"line":239,"column":26}},"75":{"start":{"line":240,"column":24},"end":{"line":240,"column":47}},"76":{"start":{"line":241,"column":28},"end":{"line":241,"column":36}},"77":{"start":{"line":242,"column":12},"end":{"line":242,"column":35}},"78":{"start":{"line":244,"column":8},"end":{"line":244,"column":23}},"79":{"start":{"line":277,"column":23},"end":{"line":277,"column":74}},"80":{"start":{"line":278,"column":26},"end":{"line":278,"column":63}},"81":{"start":{"line":279,"column":23},"end":{"line":279,"column":60}},"82":{"start":{"line":280,"column":8},"end":{"line":281,"column":24}},"83":{"start":{"line":281,"column":12},"end":{"line":281,"column":24}},"84":{"start":{"line":283,"column":8},"end":{"line":285,"column":9}},"85":{"start":{"line":284,"column":12},"end":{"line":284,"column":88}},"86":{"start":{"line":286,"column":8},"end":{"line":310,"column":9}},"87":{"start":{"line":289,"column":46},"end":{"line":289,"column":79}},"88":{"start":{"line":291,"column":16},"end":{"line":302,"column":17}},"89":{"start":{"line":292,"column":20},"end":{"line":297,"column":23}},"90":{"start":{"line":293,"column":24},"end":{"line":295,"column":25}},"91":{"start":{"line":294,"column":28},"end":{"line":294,"column":92}},"92":{"start":{"line":294,"column":68},"end":{"line":294,"column":90}},"93":{"start":{"line":296,"column":24},"end":{"line":296,"column":40}},"94":{"start":{"line":300,"column":20},"end":{"line":300,"column":80}},"95":{"start":{"line":301,"column":20},"end":{"line":301,"column":32}},"96":{"start":{"line":303,"column":16},"end":{"line":306,"column":27}},"97":{"start":{"line":309,"column":16},"end":{"line":309,"column":30}},"98":{"start":{"line":360,"column":8},"end":{"line":360,"column":64}},"99":{"start":{"line":363,"column":23},"end":{"line":363,"column":73}},"100":{"start":{"line":364,"column":8},"end":{"line":364,"column":47}},"101":{"start":{"line":413,"column":8},"end":{"line":413,"column":64}},"102":{"start":{"line":448,"column":23},"end":{"line":448,"column":73}},"103":{"start":{"line":449,"column":8},"end":{"line":449,"column":47}},"104":{"start":{"line":475,"column":8},"end":{"line":475,"column":79}},"105":{"start":{"line":486,"column":25},"end":{"line":486,"column":70}},"106":{"start":{"line":488,"column":8},"end":{"line":493,"column":9}},"107":{"start":{"line":489,"column":12},"end":{"line":492,"column":13}},"108":{"start":{"line":494,"column":8},"end":{"line":494,"column":20}},"109":{"start":{"line":505,"column":8},"end":{"line":508,"column":9}},"110":{"start":{"line":506,"column":12},"end":{"line":507,"column":20}},"111":{"start":{"line":509,"column":24},"end":{"line":509,"column":26}},"112":{"start":{"line":511,"column":22},"end":{"line":511,"column":60}},"113":{"start":{"line":511,"column":39},"end":{"line":511,"column":59}},"114":{"start":{"line":512,"column":8},"end":{"line":514,"column":9}},"115":{"start":{"line":513,"column":12},"end":{"line":513,"column":27}},"116":{"start":{"line":515,"column":28},"end":{"line":515,"column":77}},"117":{"start":{"line":517,"column":8},"end":{"line":531,"column":9}},"118":{"start":{"line":517,"column":25},"end":{"line":517,"column":26}},"119":{"start":{"line":519,"column":36},"end":{"line":519,"column":77}},"120":{"start":{"line":522,"column":12},"end":{"line":522,"column":71}},"121":{"start":{"line":522,"column":44},"end":{"line":522,"column":69}},"122":{"start":{"line":523,"column":12},"end":{"line":530,"column":13}},"123":{"start":{"line":525,"column":16},"end":{"line":525,"column":106}},"124":{"start":{"line":526,"column":16},"end":{"line":529,"column":19}},"125":{"start":{"line":532,"column":8},"end":{"line":532,"column":23}},"126":{"start":{"line":535,"column":0},"end":{"line":535,"column":24}},"127":{"start":{"line":536,"column":0},"end":{"line":536,"column":25}}},"fnMap":{"0":{"name":"(anonymous_0)","decl":{"start":{"line":16,"column":56},"end":{"line":16,"column":57}},"loc":{"start":{"line":16,"column":71},"end":{"line":18,"column":1}},"line":16},"1":{"name":"(anonymous_1)","decl":{"start":{"line":32,"column":1},"end":{"line":32,"column":2}},"loc":{"start":{"line":32,"column":25},"end":{"line":36,"column":1}},"line":32},"2":{"name":"(anonymous_2)","decl":{"start":{"line":78,"column":4},"end":{"line":78,"column":5}},"loc":{"start":{"line":78,"column":51},"end":{"line":124,"column":5}},"line":78},"3":{"name":"(anonymous_3)","decl":{"start":{"line":148,"column":4},"end":{"line":148,"column":5}},"loc":{"start":{"line":148,"column":37},"end":{"line":171,"column":5}},"line":148},"4":{"name":"(anonymous_4)","decl":{"start":{"line":200,"column":4},"end":{"line":200,"column":5}},"loc":{"start":{"line":200,"column":23},"end":{"line":245,"column":5}},"line":200},"5":{"name":"(anonymous_5)","decl":{"start":{"line":210,"column":50},"end":{"line":210,"column":51}},"loc":{"start":{"line":210,"column":57},"end":{"line":210,"column":62}},"line":210},"6":{"name":"(anonymous_6)","decl":{"start":{"line":214,"column":45},"end":{"line":214,"column":46}},"loc":{"start":{"line":214,"column":52},"end":{"line":214,"column":68}},"line":214},"7":{"name":"(anonymous_7)","decl":{"start":{"line":221,"column":60},"end":{"line":221,"column":61}},"loc":{"start":{"line":221,"column":67},"end":{"line":221,"column":102}},"line":221},"8":{"name":"(anonymous_8)","decl":{"start":{"line":226,"column":36},"end":{"line":226,"column":37}},"loc":{"start":{"line":226,"column":43},"end":{"line":226,"column":61}},"line":226},"9":{"name":"(anonymous_9)","decl":{"start":{"line":228,"column":40},"end":{"line":228,"column":41}},"loc":{"start":{"line":228,"column":53},"end":{"line":230,"column":13}},"line":228},"10":{"name":"(anonymous_10)","decl":{"start":{"line":235,"column":36},"end":{"line":235,"column":37}},"loc":{"start":{"line":235,"column":49},"end":{"line":237,"column":9}},"line":235},"11":{"name":"(anonymous_11)","decl":{"start":{"line":276,"column":4},"end":{"line":276,"column":5}},"loc":{"start":{"line":276,"column":39},"end":{"line":311,"column":5}},"line":276},"12":{"name":"(anonymous_12)","decl":{"start":{"line":292,"column":60},"end":{"line":292,"column":61}},"loc":{"start":{"line":292,"column":67},"end":{"line":297,"column":21}},"line":292},"13":{"name":"(anonymous_13)","decl":{"start":{"line":294,"column":56},"end":{"line":294,"column":57}},"loc":{"start":{"line":294,"column":68},"end":{"line":294,"column":90}},"line":294},"14":{"name":"(anonymous_14)","decl":{"start":{"line":359,"column":4},"end":{"line":359,"column":5}},"loc":{"start":{"line":359,"column":24},"end":{"line":361,"column":5}},"line":359},"15":{"name":"(anonymous_15)","decl":{"start":{"line":362,"column":4},"end":{"line":362,"column":5}},"loc":{"start":{"line":362,"column":26},"end":{"line":365,"column":5}},"line":362},"16":{"name":"(anonymous_16)","decl":{"start":{"line":412,"column":4},"end":{"line":412,"column":5}},"loc":{"start":{"line":412,"column":24},"end":{"line":414,"column":5}},"line":412},"17":{"name":"(anonymous_17)","decl":{"start":{"line":447,"column":4},"end":{"line":447,"column":5}},"loc":{"start":{"line":447,"column":26},"end":{"line":450,"column":5}},"line":447},"18":{"name":"(anonymous_18)","decl":{"start":{"line":474,"column":4},"end":{"line":474,"column":5}},"loc":{"start":{"line":474,"column":22},"end":{"line":476,"column":5}},"line":474},"19":{"name":"(anonymous_19)","decl":{"start":{"line":485,"column":4},"end":{"line":485,"column":5}},"loc":{"start":{"line":485,"column":55},"end":{"line":495,"column":5}},"line":485},"20":{"name":"(anonymous_20)","decl":{"start":{"line":504,"column":4},"end":{"line":504,"column":5}},"loc":{"start":{"line":504,"column":40},"end":{"line":533,"column":5}},"line":504},"21":{"name":"(anonymous_21)","decl":{"start":{"line":511,"column":32},"end":{"line":511,"column":33}},"loc":{"start":{"line":511,"column":39},"end":{"line":511,"column":59}},"line":511},"22":{"name":"(anonymous_22)","decl":{"start":{"line":522,"column":37},"end":{"line":522,"column":38}},"loc":{"start":{"line":522,"column":44},"end":{"line":522,"column":69}},"line":522}},"branchMap":{"0":{"loc":{"start":{"line":16,"column":22},"end":{"line":18,"column":1}},"type":"binary-expr","locations":[{"start":{"line":16,"column":23},"end":{"line":16,"column":27}},{"start":{"line":16,"column":31},"end":{"line":16,"column":51}},{"start":{"line":16,"column":56},"end":{"line":18,"column":1}}],"line":16},"1":{"loc":{"start":{"line":17,"column":11},"end":{"line":17,"column":61}},"type":"cond-expr","locations":[{"start":{"line":17,"column":37},"end":{"line":17,"column":40}},{"start":{"line":17,"column":43},"end":{"line":17,"column":61}}],"line":17},"2":{"loc":{"start":{"line":17,"column":12},"end":{"line":17,"column":33}},"type":"binary-expr","locations":[{"start":{"line":17,"column":12},"end":{"line":17,"column":15}},{"start":{"line":17,"column":19},"end":{"line":17,"column":33}}],"line":17},"3":{"loc":{"start":{"line":36,"column":3},"end":{"line":36,"column":38}},"type":"binary-expr","locations":[{"start":{"line":36,"column":3},"end":{"line":36,"column":15}},{"start":{"line":36,"column":20},"end":{"line":36,"column":37}}],"line":36},"4":{"loc":{"start":{"line":82,"column":8},"end":{"line":84,"column":9}},"type":"if","locations":[{"start":{"line":82,"column":8},"end":{"line":84,"column":9}},{"start":{"line":82,"column":8},"end":{"line":84,"column":9}}],"line":82},"5":{"loc":{"start":{"line":96,"column":8},"end":{"line":97,"column":19}},"type":"if","locations":[{"start":{"line":96,"column":8},"end":{"line":97,"column":19}},{"start":{"line":96,"column":8},"end":{"line":97,"column":19}}],"line":96},"6":{"loc":{"start":{"line":98,"column":30},"end":{"line":98,"column":59}},"type":"binary-expr","locations":[{"start":{"line":98,"column":30},"end":{"line":98,"column":47}},{"start":{"line":98,"column":51},"end":{"line":98,"column":59}}],"line":98},"7":{"loc":{"start":{"line":100,"column":8},"end":{"line":123,"column":9}},"type":"if","locations":[{"start":{"line":100,"column":8},"end":{"line":123,"column":9}},{"start":{"line":100,"column":8},"end":{"line":123,"column":9}}],"line":100},"8":{"loc":{"start":{"line":104,"column":31},"end":{"line":104,"column":177}},"type":"cond-expr","locations":[{"start":{"line":104,"column":140},"end":{"line":104,"column":146}},{"start":{"line":104,"column":149},"end":{"line":104,"column":177}}],"line":104},"9":{"loc":{"start":{"line":104,"column":31},"end":{"line":104,"column":137}},"type":"binary-expr","locations":[{"start":{"line":104,"column":31},"end":{"line":104,"column":120}},{"start":{"line":104,"column":124},"end":{"line":104,"column":137}}],"line":104},"10":{"loc":{"start":{"line":104,"column":37},"end":{"line":104,"column":110}},"type":"cond-expr","locations":[{"start":{"line":104,"column":91},"end":{"line":104,"column":97}},{"start":{"line":104,"column":100},"end":{"line":104,"column":110}}],"line":104},"11":{"loc":{"start":{"line":104,"column":37},"end":{"line":104,"column":88}},"type":"binary-expr","locations":[{"start":{"line":104,"column":37},"end":{"line":104,"column":71}},{"start":{"line":104,"column":75},"end":{"line":104,"column":88}}],"line":104},"12":{"loc":{"start":{"line":105,"column":12},"end":{"line":107,"column":13}},"type":"if","locations":[{"start":{"line":105,"column":12},"end":{"line":107,"column":13}},{"start":{"line":105,"column":12},"end":{"line":107,"column":13}}],"line":105},"13":{"loc":{"start":{"line":105,"column":16},"end":{"line":105,"column":38}},"type":"binary-expr","locations":[{"start":{"line":105,"column":16},"end":{"line":105,"column":27}},{"start":{"line":105,"column":31},"end":{"line":105,"column":38}}],"line":105},"14":{"loc":{"start":{"line":110,"column":13},"end":{"line":123,"column":9}},"type":"if","locations":[{"start":{"line":110,"column":13},"end":{"line":123,"column":9}},{"start":{"line":110,"column":13},"end":{"line":123,"column":9}}],"line":110},"15":{"loc":{"start":{"line":110,"column":17},"end":{"line":110,"column":73}},"type":"binary-expr","locations":[{"start":{"line":110,"column":17},"end":{"line":110,"column":33}},{"start":{"line":110,"column":37},"end":{"line":110,"column":73}}],"line":110},"16":{"loc":{"start":{"line":115,"column":13},"end":{"line":123,"column":9}},"type":"if","locations":[{"start":{"line":115,"column":13},"end":{"line":123,"column":9}},{"start":{"line":115,"column":13},"end":{"line":123,"column":9}}],"line":115},"17":{"loc":{"start":{"line":115,"column":17},"end":{"line":116,"column":44}},"type":"binary-expr","locations":[{"start":{"line":115,"column":18},"end":{"line":115,"column":35}},{"start":{"line":115,"column":39},"end":{"line":115,"column":52}},{"start":{"line":116,"column":12},"end":{"line":116,"column":44}}],"line":115},"18":{"loc":{"start":{"line":149,"column":8},"end":{"line":151,"column":9}},"type":"if","locations":[{"start":{"line":149,"column":8},"end":{"line":151,"column":9}},{"start":{"line":149,"column":8},"end":{"line":151,"column":9}}],"line":149},"19":{"loc":{"start":{"line":152,"column":8},"end":{"line":154,"column":9}},"type":"if","locations":[{"start":{"line":152,"column":8},"end":{"line":154,"column":9}},{"start":{"line":152,"column":8},"end":{"line":154,"column":9}}],"line":152},"20":{"loc":{"start":{"line":155,"column":23},"end":{"line":155,"column":74}},"type":"cond-expr","locations":[{"start":{"line":155,"column":38},"end":{"line":155,"column":52}},{"start":{"line":155,"column":55},"end":{"line":155,"column":74}}],"line":155},"21":{"loc":{"start":{"line":160,"column":8},"end":{"line":169,"column":9}},"type":"if","locations":[{"start":{"line":160,"column":8},"end":{"line":169,"column":9}},{"start":{"line":160,"column":8},"end":{"line":169,"column":9}}],"line":160},"22":{"loc":{"start":{"line":164,"column":12},"end":{"line":167,"column":13}},"type":"if","locations":[{"start":{"line":164,"column":12},"end":{"line":167,"column":13}},{"start":{"line":164,"column":12},"end":{"line":167,"column":13}}],"line":164},"23":{"loc":{"start":{"line":164,"column":16},"end":{"line":164,"column":37}},"type":"binary-expr","locations":[{"start":{"line":164,"column":16},"end":{"line":164,"column":19}},{"start":{"line":164,"column":23},"end":{"line":164,"column":37}}],"line":164},"24":{"loc":{"start":{"line":203,"column":8},"end":{"line":205,"column":9}},"type":"if","locations":[{"start":{"line":203,"column":8},"end":{"line":205,"column":9}},{"start":{"line":203,"column":8},"end":{"line":205,"column":9}}],"line":203},"25":{"loc":{"start":{"line":206,"column":8},"end":{"line":208,"column":9}},"type":"if","locations":[{"start":{"line":206,"column":8},"end":{"line":208,"column":9}},{"start":{"line":206,"column":8},"end":{"line":208,"column":9}}],"line":206},"26":{"loc":{"start":{"line":215,"column":8},"end":{"line":232,"column":9}},"type":"if","locations":[{"start":{"line":215,"column":8},"end":{"line":232,"column":9}},{"start":{"line":215,"column":8},"end":{"line":232,"column":9}}],"line":215},"27":{"loc":{"start":{"line":277,"column":23},"end":{"line":277,"column":74}},"type":"cond-expr","locations":[{"start":{"line":277,"column":38},"end":{"line":277,"column":52}},{"start":{"line":277,"column":55},"end":{"line":277,"column":74}}],"line":277},"28":{"loc":{"start":{"line":280,"column":8},"end":{"line":281,"column":24}},"type":"if","locations":[{"start":{"line":280,"column":8},"end":{"line":281,"column":24}},{"start":{"line":280,"column":8},"end":{"line":281,"column":24}}],"line":280},"29":{"loc":{"start":{"line":283,"column":8},"end":{"line":285,"column":9}},"type":"if","locations":[{"start":{"line":283,"column":8},"end":{"line":285,"column":9}},{"start":{"line":283,"column":8},"end":{"line":285,"column":9}}],"line":283},"30":{"loc":{"start":{"line":283,"column":12},"end":{"line":283,"column":72}},"type":"binary-expr","locations":[{"start":{"line":283,"column":12},"end":{"line":283,"column":18}},{"start":{"line":283,"column":22},"end":{"line":283,"column":32}},{"start":{"line":283,"column":36},"end":{"line":283,"column":72}}],"line":283},"31":{"loc":{"start":{"line":286,"column":8},"end":{"line":310,"column":9}},"type":"switch","locations":[{"start":{"line":287,"column":12},"end":{"line":287,"column":27}},{"start":{"line":288,"column":12},"end":{"line":307,"column":13}},{"start":{"line":308,"column":12},"end":{"line":309,"column":30}}],"line":286},"32":{"loc":{"start":{"line":293,"column":24},"end":{"line":295,"column":25}},"type":"if","locations":[{"start":{"line":293,"column":24},"end":{"line":295,"column":25}},{"start":{"line":293,"column":24},"end":{"line":295,"column":25}}],"line":293},"33":{"loc":{"start":{"line":303,"column":23},"end":{"line":306,"column":26}},"type":"cond-expr","locations":[{"start":{"line":305,"column":22},"end":{"line":305,"column":30}},{"start":{"line":306,"column":22},"end":{"line":306,"column":26}}],"line":303},"34":{"loc":{"start":{"line":303,"column":23},"end":{"line":304,"column":86}},"type":"binary-expr","locations":[{"start":{"line":303,"column":23},"end":{"line":303,"column":31}},{"start":{"line":304,"column":20},"end":{"line":304,"column":86}}],"line":303},"35":{"loc":{"start":{"line":475,"column":46},"end":{"line":475,"column":77}},"type":"binary-expr","locations":[{"start":{"line":475,"column":46},"end":{"line":475,"column":53}},{"start":{"line":475,"column":57},"end":{"line":475,"column":77}}],"line":475},"36":{"loc":{"start":{"line":488,"column":8},"end":{"line":493,"column":9}},"type":"if","locations":[{"start":{"line":488,"column":8},"end":{"line":493,"column":9}},{"start":{"line":488,"column":8},"end":{"line":493,"column":9}}],"line":488},"37":{"loc":{"start":{"line":505,"column":8},"end":{"line":508,"column":9}},"type":"if","locations":[{"start":{"line":505,"column":8},"end":{"line":508,"column":9}},{"start":{"line":505,"column":8},"end":{"line":508,"column":9}}],"line":505},"38":{"loc":{"start":{"line":512,"column":8},"end":{"line":514,"column":9}},"type":"if","locations":[{"start":{"line":512,"column":8},"end":{"line":514,"column":9}},{"start":{"line":512,"column":8},"end":{"line":514,"column":9}}],"line":512},"39":{"loc":{"start":{"line":512,"column":12},"end":{"line":512,"column":34}},"type":"binary-expr","locations":[{"start":{"line":512,"column":12},"end":{"line":512,"column":18}},{"start":{"line":512,"column":22},"end":{"line":512,"column":34}}],"line":512},"40":{"loc":{"start":{"line":523,"column":12},"end":{"line":530,"column":13}},"type":"if","locations":[{"start":{"line":523,"column":12},"end":{"line":530,"column":13}},{"start":{"line":523,"column":12},"end":{"line":530,"column":13}}],"line":523}},"s":{"0":1,"1":3,"2":1,"3":1,"4":1,"5":1,"6":1,"7":1,"8":1,"9":1,"10":1,"11":1,"12":1,"13":118,"14":0,"15":118,"16":118,"17":118,"18":46,"19":72,"20":72,"21":23,"22":23,"23":23,"24":23,"25":23,"26":49,"27":1,"28":1,"29":48,"30":48,"31":48,"32":0,"33":69,"34":0,"35":69,"36":0,"37":69,"38":69,"39":69,"40":69,"41":9,"42":9,"43":9,"44":9,"45":9,"46":0,"47":60,"48":3,"49":3,"50":0,"51":3,"52":0,"53":3,"54":66,"55":3,"56":3,"57":72,"58":3,"59":1,"60":2,"61":44,"62":2,"63":2,"64":6,"65":6,"66":6,"67":12,"68":2,"69":44,"70":2,"71":3,"72":66,"73":3,"74":3,"75":66,"76":66,"77":66,"78":3,"79":3,"80":3,"81":3,"82":3,"83":0,"84":3,"85":3,"86":3,"87":3,"88":3,"89":3,"90":3,"91":1,"92":1,"93":2,"94":0,"95":0,"96":3,"97":0,"98":1,"99":22,"100":22,"101":1,"102":22,"103":22,"104":0,"105":3,"106":3,"107":0,"108":3,"109":15,"110":0,"111":15,"112":15,"113":69,"114":15,"115":0,"116":15,"117":15,"118":15,"119":30,"120":30,"121":306,"122":30,"123":30,"124":30,"125":15,"126":1,"127":1},"f":{"0":3,"1":1,"2":118,"3":69,"4":3,"5":66,"6":72,"7":44,"8":12,"9":44,"10":66,"11":3,"12":3,"13":1,"14":1,"15":22,"16":1,"17":22,"18":0,"19":3,"20":15,"21":69,"22":306},"b":{"0":[1,1,1],"1":[3,0],"2":[3,3],"3":[1,1],"4":[0,118],"5":[46,72],"6":[72,49],"7":[23,49],"8":[23,0],"9":[23,23],"10":[23,0],"11":[23,23],"12":[23,0],"13":[23,23],"14":[1,48],"15":[49,48],"16":[48,0],"17":[48,48,0],"18":[0,69],"19":[0,69],"20":[0,69],"21":[9,60],"22":[9,0],"23":[9,9],"24":[0,3],"25":[0,3],"26":[1,2],"27":[0,3],"28":[0,3],"29":[3,0],"30":[3,3,3],"31":[2,3,0],"32":[1,2],"33":[3,0],"34":[3,3],"35":[0,0],"36":[0,3],"37":[0,15],"38":[0,15],"39":[15,15],"40":[30,0]},"inputSourceMap":{"version":3,"file":"/home/rryter/Projects/alliance-erc725.js/src/index.ts","sources":["/home/rryter/Projects/alliance-erc725.js/src/index.ts"],"names":[],"mappings":";AAAA,gDAAgD;AAChD;;;;;;;;;;;;EAYE;;;;;;AAEF;;;;GAIG;AAEH,2CAA0D;AAE1D,kGAA8D;AAC9D,0FAAyD;AACzD,kGAAiE;AACjE,uCASqB;AAWrB,IAAK,YAIJ;AAJD,WAAK,YAAY;IACf,+BAAe,CAAA;IACf,qCAAqB,CAAA;IACrB,6BAAa,CAAA;AACf,CAAC,EAJI,YAAY,KAAZ,YAAY,QAIhB;AASD;;;;;GAKG;AACH,MAAa,MAAM;IASjB;;;;;;;;;;;;;;;;;;;;;;;;;;;;;;;;;OAiCG;IACH,YACE,MAAsB,EACtB,OAAgB,EAChB,QAAc,EACd,MAAqB;QAErB,+FAA+F;;QAE/F,qCAAqC;QACrC,IAAI,CAAC,MAAM,EAAE;YACX,MAAM,IAAI,KAAK,CAAC,iBAAiB,CAAC,CAAC;SACpC;QAED,MAAM,aAAa,GAAG;YACpB,WAAW,EAAE,mCAAmC;SACjD,CAAC;QAEF,sBAAsB;QACtB,IAAI,CAAC,OAAO,GAAG;YACb,MAAM;YACN,OAAO;YACP,YAAY,EAAE,IAAI;YAClB,MAAM,kCACD,aAAa,GACb,MAAM,CACV;SACF,CAAC;QAEF,6BAA6B;QAC7B,IAAI,CAAC,QAAQ;YAAE,OAAO;QAEtB,MAAM,aAAa,GAAG,QAAQ,CAAC,QAAQ,IAAI,QAAQ,CAAC;QAEpD,yBAAyB;QAEzB,IAAI,QAAQ,CAAC,IAAI,KAAK,cAAc,EAAE;YACpC,IAAI,CAAC,OAAO,CAAC,YAAY,GAAG,YAAY,CAAC,KAAK,CAAC;YAC/C,IAAI,CAAC,OAAO,CAAC,QAAQ,GAAG,IAAI,iCAAW,CAAC,aAAa,CAAC,CAAC;YAEvD,oGAAoG;YACpG,MAAM,UAAU,GAAG,MAAA,MAAA,aAAa,CAAC,IAAI,0CAAE,OAAO,0CAAE,GAAG,CAAC,QAAQ,CAAC,WAAW,CAAC,CAAC;YAC1E,IAAI,CAAC,UAAU,IAAI,OAAO,EAAE;gBAC1B,IAAI,CAAC,OAAO,CAAC,OAAO,GAAG,8BAAiB,CAAC,OAAO,CAAC,CAAC;aACnD;YAED,0BAA0B;SAC3B;aAAM,IAAI,QAAQ,CAAC,OAAO,IAAI,QAAQ,CAAC,IAAI,KAAK,kBAAkB,EAAE;YACnE,IAAI,CAAC,OAAO,CAAC,YAAY,GAAG,YAAY,CAAC,QAAQ,CAAC;YAClD,IAAI,CAAC,OAAO,CAAC,QAAQ,GAAG,IAAI,iCAAc,CAAC,aAAa,CAAC,CAAC;YAE1D,6CAA6C;SAC9C;aAAM,IACL,CAAC,CAAC,QAAQ,CAAC,OAAO,IAAI,QAAQ,CAAC,IAAI,CAAC;YACpC,QAAQ,CAAC,IAAI,KAAK,cAAc,EAChC;YACA,IAAI,CAAC,OAAO,CAAC,YAAY,GAAG,YAAY,CAAC,IAAI,CAAC;YAC9C,IAAI,CAAC,OAAO,CAAC,QAAQ,GAAG,IAAI,6BAAU,CAAC,aAAa,CAAC,CAAC;YAEtD,yBAAyB;SAC1B;aAAM;YACL,MAAM,IAAI,KAAK,CAAC,qCAAqC,aAAa,EAAE,CAAC,CAAC;SACvE;IACH,CAAC;IAED;;;;;;;;;;;;;;;;;;;;;;OAsBG;IACH,KAAK,CAAC,OAAO,CAAC,GAAW,EAAE,YAA2B;QACpD,IAAI,CAAC,sBAAS,CAAC,IAAI,CAAC,OAAO,CAAC,OAAO,CAAC,EAAE;YACpC,MAAM,IAAI,KAAK,CAAC,kCAAkC,CAAC,CAAC;SACrD;QACD,IAAI,CAAC,IAAI,CAAC,OAAO,CAAC,QAAQ,EAAE;YAC1B,MAAM,IAAI,KAAK,CAAC,mBAAmB,CAAC,CAAC;SACtC;QAED,MAAM,MAAM,GAAG,YAAY,CAAC,CAAC,CAAC,CAAC,YAAY,CAAC,CAAC,CAAC,CAAC,IAAI,CAAC,OAAO,CAAC,MAAM,CAAC;QACnE,MAAM,SAAS,GAAG,wBAAgB,CAAC,MAAM,EAAE,GAAG,CAAC,CAAC;QAEhD,iCAAiC;QACjC,MAAM,OAAO,GAAG,MAAM,IAAI,CAAC,OAAO,CAAC,QAAQ,CAAC,OAAO,CACjD,IAAI,CAAC,OAAO,CAAC,OAAO,EACpB,SAAS,CAAC,GAAG,CACd,CAAC;QACF,6BAA6B;QAE7B,IAAI,SAAS,CAAC,OAAO,CAAC,WAAW,EAAE,KAAK,OAAO,EAAE;YAC/C,MAAM,GAAG,GAAG,CAAC,EAAE,GAAG,EAAE,SAAS,CAAC,GAAG,EAAE,KAAK,EAAE,OAAO,EAAE,CAAC,CAAC;YACrD,MAAM,GAAG,GAAG,MAAM,IAAI,CAAC,eAAe,CAAC,SAAS,EAAE,GAAG,CAAC,CAAC;YAEvD,sBAAsB;YACtB,IAAI,GAAG,IAAI,GAAG,CAAC,MAAM,GAAG,CAAC,EAAE;gBACzB,GAAG,CAAC,IAAI,CAAC,GAAG,CAAC,CAAC,CAAC,CAAC,CAAC,CAAC,gCAAgC;gBAClD,OAAO,iBAAS,CAAC,SAAS,EAAE,GAAG,CAAC,CAAC;aAClC;YAED,OAAO,EAAE,CAAC,CAAC,mCAAmC;SAC/C;QAED,OAAO,iBAAS,CAAC,SAAS,EAAE,OAAO,CAAC,CAAC;IACvC,CAAC;IAED;;;;;;;;;;;;;;;;;;;;;;;;;;;OA2BG;IACH,KAAK,CAAC,UAAU;QACd,MAAM,OAAO,GAAG,EAAE,CAAC;QACnB,IAAI,GAAG,CAAC;QACR,IAAI,CAAC,sBAAS,CAAC,IAAI,CAAC,OAAO,CAAC,OAAO,CAAC,EAAE;YACpC,MAAM,IAAI,KAAK,CAAC,kCAAkC,CAAC,CAAC;SACrD;QACD,IAAI,CAAC,IAAI,CAAC,OAAO,CAAC,QAAQ,EAAE;YAC1B,MAAM,IAAI,KAAK,CAAC,mBAAmB,CAAC,CAAC;SACtC;QAED,yCAAyC;QACzC,MAAM,SAAS,GAAG,IAAI,CAAC,OAAO,CAAC,MAAM,CAAC,GAAG,CAAC,CAAC,CAAC,EAAE,EAAE,CAAC,CAAC,CAAC,GAAG,CAAC,CAAC;QACxD,oEAAoE;QACpE,IAAI,UAAU,GAAG,MAAM,IAAI,CAAC,OAAO,CAAC,QAAQ,CAAC,UAAU,CACrD,IAAI,CAAC,OAAO,CAAC,OAAO,EACpB,SAAS,CACV,CAAC;QAEF,sEAAsE;QACtE,UAAU,GAAG,MAAM,UAAU,CAAC,MAAM,CAAC,CAAC,CAAC,EAAE,EAAE,CAAC,CAAC,CAAC,KAAK,KAAK,IAAI,CAAC,CAAC;QAE9D,IAAI,IAAI,CAAC,OAAO,CAAC,YAAY,KAAK,YAAY,CAAC,KAAK,EAAE;YACpD,iGAAiG;YACjG,GAAG,GAAG,qBAAa,CAAC,IAAI,CAAC,OAAO,CAAC,MAAM,EAAE,UAAU,CAAC,CAAC;SACtD;aAAM;YACL,uGAAuG;YACvG,MAAM,YAAY,GAAG,IAAI,CAAC,OAAO,CAAC,MAAM,CAAC,MAAM,CAC7C,CAAC,CAAC,EAAE,EAAE,CAAC,CAAC,CAAC,OAAO,CAAC,WAAW,EAAE,KAAK,OAAO,CAC3C,CAAC;YAEF,0DAA0D;YAC1D,KAAK,IAAI,KAAK,GAAG,CAAC,EAAE,KAAK,GAAG,YAAY,CAAC,MAAM,EAAE,KAAK,EAAE,EAAE;gBACxD,MAAM,aAAa,GAAG,YAAY,CAAC,KAAK,CAAC,CAAC;gBAC1C,MAAM,WAAW,GAAG,MAAM,IAAI,CAAC,eAAe,CAC5C,aAAa,EACb,UAAU,CACX,CAAC;gBACF,WAAW,CAAC,OAAO,CAAC,CAAC,CAAC,EAAE,EAAE,CAAC,UAAU,CAAC,IAAI,CAAC,CAAC,CAAC,CAAC,CAAC;aAChD;YAED,IAAI,CAAC,OAAO,CAAC,MAAM,CAAC,OAAO,CAAC,CAAC,OAAO,EAAE,EAAE;gBACtC,OAAO,CAAC,OAAO,CAAC,IAAI,CAAC,GAAG,IAAI,CAAC;YAC/B,CAAC,CAAC,CAAC;YACH,GAAG,GAAG,qBAAa,CAAC,IAAI,CAAC,OAAO,CAAC,MAAM,EAAE,UAAU,CAAC,CAAC;SACtD;QAED,yDAAyD;QAEzD,2EAA2E;QAC3E,IAAI,CAAC,OAAO,CAAC,MAAM,CAAC,OAAO,CAAC,CAAC,OAAO,EAAE,EAAE;YACtC,OAAO,CAAC,OAAO,CAAC,IAAI,CAAC,GAAG,IAAI,CAAC;QAC/B,CAAC,CAAC,CAAC;QAEH,0DAA0D;QAC1D,KAAK,IAAI,KAAK,GAAG,CAAC,EAAE,KAAK,GAAG,MAAM,CAAC,IAAI,CAAC,GAAG,CAAC,CAAC,MAAM,EAAE,KAAK,EAAE,EAAE;YAC5D,MAAM,GAAG,GAAG,MAAM,CAAC,IAAI,CAAC,GAAG,CAAC,CAAC,KAAK,CAAC,CAAC;YACpC,MAAM,OAAO,GAAG,GAAG,CAAC,GAAG,CAAC,CAAC;YACzB,OAAO,CAAC,GAAG,CAAC,GAAG,OAAO,CAAC;SACxB;QAED,OAAO,OAAO,CAAC;IACjB,CAAC;IAED;;;;;;;;;;;;;;;;;;;;;;;;;;;;;OA6BG;IACH,KAAK,CAAC,SAAS,CAAC,GAAW,EAAE,YAA2B;QACtD,MAAM,MAAM,GAAG,YAAY,CAAC,CAAC,CAAC,CAAC,YAAY,CAAC,CAAC,CAAC,CAAC,IAAI,CAAC,OAAO,CAAC,MAAM,CAAC;QACnE,MAAM,SAAS,GAAG,wBAAgB,CAAC,MAAM,EAAE,GAAG,CAAC,CAAC;QAEhD,MAAM,MAAM,GAAG,MAAM,IAAI,CAAC,OAAO,CAAC,GAAG,EAAE,YAAY,CAAC,CAAC;QAErD,IAAI,CAAC,MAAM;YAAE,OAAO,IAAI,CAAC;QAEzB,mBAAmB;QACnB,IAAI,MAAM,IAAI,MAAM,CAAC,GAAG,IAAI,MAAM,CAAC,GAAG,CAAC,OAAO,CAAC,SAAS,CAAC,KAAK,CAAC,CAAC,EAAE;YAChE,MAAM,CAAC,GAAG,GAAG,MAAM,CAAC,GAAG,CAAC,OAAO,CAC7B,SAAS,EACT,IAAI,CAAC,OAAO,CAAC,MAAM,CAAC,WAAW,CAChC,CAAC;SACH;QAED,QAAQ,SAAS,CAAC,YAAY,CAAC,WAAW,EAAE,EAAE;YAC5C,KAAK,SAAS,CAAC;YACf,KAAK,UAAU,CAAC,CAAC;gBACf,MAAM,qBAAqB,GAAG,MAAM,CAAC,YAAY,CAAC,WAAW,EAAE,CAAC;gBAEhE,IAAI,QAAQ,CAAC;gBACb,IAAI;oBACF,QAAQ,GAAG,MAAM,KAAK,CAAC,MAAM,CAAC,GAAG,CAAC,CAAC,IAAI,CAAC,CAAC,CAAC,EAAE,EAAE;wBAC5C,IAAI,qBAAqB,KAAK,kBAAkB,EAAE;4BAChD,OAAO,CAAC,CAAC,WAAW,EAAE,CAAC,IAAI,CAAC,CAAC,MAAM,EAAE,EAAE,CAAC,IAAI,UAAU,CAAC,MAAM,CAAC,CAAC,CAAC;yBACjE;wBAED,OAAO,CAAC,CAAC,IAAI,EAAE,CAAC;oBAClB,CAAC,CAAC,CAAC;iBACJ;gBAAC,OAAO,KAAK,EAAE;oBACd,OAAO,CAAC,KAAK,CAAC,KAAK,EAAE,kBAAkB,MAAM,CAAC,GAAG,SAAS,CAAC,CAAC;oBAC5D,MAAM,KAAK,CAAC;iBACb;gBAED,OAAO,QAAQ;oBACb,IAAI,CAAC,eAAe,CAAC,QAAQ,EAAE,MAAM,CAAC,IAAI,EAAE,qBAAqB,CAAC;oBAClE,CAAC,CAAC,QAAQ;oBACV,CAAC,CAAC,IAAI,CAAC;aACV;YACD;gBACE,OAAO,MAAM,CAAC;SACjB;IACH,CAAC;IAED;;;;;;;;;;;;;;;;;;;;;;;;;;;;;;;;;;;;;;;;;;;;;;OA8CG;IACH,aAAa,CAAC,IAAI;QAChB,OAAO,qBAAa,CAAC,IAAI,CAAC,OAAO,CAAC,MAAM,EAAE,IAAI,CAAC,CAAC;IAClD,CAAC;IAsCD,UAAU,CAAC,GAAW,EAAE,IAAI;QAC1B,MAAM,MAAM,GAAG,wBAAgB,CAAC,IAAI,CAAC,OAAO,CAAC,MAAM,EAAE,GAAG,CAAC,CAAC;QAC1D,OAAO,iBAAS,CAAC,MAAM,EAAE,IAAI,CAAC,CAAC;IACjC,CAAC;IAED;;;;;;;;;;;;;;;;;;;;;;;;;;;;;;;;;;;;;;;;;;;;;OA6CG;IACH,aAAa,CAAC,IAAsC;QAClD,OAAO,qBAAa,CAAC,IAAI,CAAC,OAAO,CAAC,MAAM,EAAE,IAAI,CAAC,CAAC;IAClD,CAAC;IAED;;;;;;;;;;;;;;;;;;;;;;;;;;;;;;;OA+BG;IACH,UAAU,CAAC,GAAW,EAAE,IAAI;QAC1B,MAAM,MAAM,GAAG,wBAAgB,CAAC,IAAI,CAAC,OAAO,CAAC,MAAM,EAAE,GAAG,CAAC,CAAC;QAC1D,OAAO,iBAAS,CAAC,MAAM,EAAE,IAAI,CAAC,CAAC;IACjC,CAAC;IAED;;;;;;;;;;;;;;;;;;;;;;OAsBG;IACH,QAAQ,CAAC,OAAgB;QACvB,OAAO,IAAI,CAAC,OAAO,CAAC,QAAQ,CAAC,QAAQ,CAAC,OAAO,IAAI,IAAI,CAAC,OAAO,CAAC,OAAO,CAAC,CAAC;IACzE,CAAC;IAED;;;;;;OAMG;IACH,kDAAkD;IAClD,eAAe,CAAC,IAAI,EAAE,IAAY,EAAE,qBAA6B;QAC/D,MAAM,QAAQ,GAAG,gBAAQ,CAAC,IAAI,EAAE,qBAAqB,CAAC,CAAC;QAEvD,+BAA+B;QAC/B,IAAI,QAAQ,KAAK,IAAI,EAAE;YACrB,MAAM,IAAI,KAAK,CAAC;+CACyB,QAAQ;yDACE,IAAI;WAClD,CAAC,CAAC;SACR;QAED,OAAO,IAAI,CAAC;IACd,CAAC;IAED;;;;;;;OAOG;IACH,KAAK,CAAC,eAAe,CAAC,MAAoB,EAAE,IAAyB;QACnE,IAAI,MAAM,CAAC,OAAO,KAAK,OAAO,EAAE;YAC9B,MAAM,IAAI,KAAK,CACb;UACE,MAAM,EAAE,CACX,CAAC;SACH;QACD,MAAM,OAAO,GAA6B,EAAE,CAAC;QAE7C,0BAA0B;QAC1B,MAAM,KAAK,GAAG,IAAI,CAAC,IAAI,CAAC,CAAC,CAAC,EAAE,EAAE,CAAC,CAAC,CAAC,GAAG,KAAK,MAAM,CAAC,GAAG,CAAC,CAAC,CAAC,gCAAgC;QAEtF,IAAI,CAAC,KAAK,IAAI,CAAC,KAAK,CAAC,KAAK,EAAE;YAC1B,OAAO,OAAO,CAAC;SAChB,CAAC,kCAAkC;QACpC,MAAM,WAAW,GAAG,MAAM,sBAAc,CAAC,MAAM,EAAE,KAAK,CAAC,KAAK,CAAC,CAAC,CAAC,2BAA2B;QAE1F,sDAAsD;QACtD,KAAK,IAAI,KAAK,GAAG,CAAC,EAAE,KAAK,GAAG,WAAW,EAAE,KAAK,EAAE,EAAE;YAChD,6BAA6B;YAC7B,MAAM,eAAe,GAAG,sBAAc,CAAC,MAAM,CAAC,GAAG,EAAE,KAAK,CAAC,CAAC;YAC1D,IAAI,YAAY,CAAC;YAEjB,yCAAyC;YACzC,YAAY,GAAG,IAAI,CAAC,IAAI,CAAC,CAAC,CAAC,EAAE,EAAE,CAAC,CAAC,CAAC,GAAG,KAAK,eAAe,CAAC,CAAC;YAE3D,IAAI,CAAC,YAAY,EAAE;gBACjB,kDAAkD;gBAClD,YAAY,GAAG,MAAM,IAAI,CAAC,OAAO,CAAC,QAAQ,CAAC,OAAO,CAChD,IAAI,CAAC,OAAO,CAAC,OAAO,EACpB,eAAe,CAChB,CAAC;gBAEF,OAAO,CAAC,IAAI,CAAC;oBACX,GAAG,EAAE,eAAe;oBACpB,KAAK,EAAE,YAAY;iBACpB,CAAC,CAAC;aACJ;SACF;QAED,OAAO,OAAO,CAAC;IACjB,CAAC;CACF;AAhmBD,wBAgmBC;AAED,kBAAe,MAAM,CAAC","sourcesContent":["/* eslint-disable lines-between-class-members */\n/*\n    This file is part of ERC725.js.\n    ERC725.js is free software: you can redistribute it and/or modify\n    it under the terms of the GNU Lesser General Public License as published by\n    the Free Software Foundation, either version 3 of the License, or\n    (at your option) any later version.\n    ERC725.js is distributed in the hope that it will be useful,\n    but WITHOUT ANY WARRANTY; without even the implied warranty of\n    MERCHANTABILITY or FITNESS FOR A PARTICULAR PURPOSE.  See the\n    GNU Lesser General Public License for more details.\n    You should have received a copy of the GNU Lesser General Public License\n    along with ERC725.js.  If not, see <http://www.gnu.org/licenses/>.\n*/\n\n/**\n * @file index.ts\n * @author Robert McLeod <@robertdavid010>, Fabian Vogelsteller <fabian@lukso.network>\n * @date 2020\n */\n\nimport { isAddress, toChecksumAddress } from 'web3-utils';\n\nimport GraphSource from './providers/subgraphProviderWrapper';\nimport Web3Source from './providers/web3ProviderWrapper';\nimport EthereumSource from './providers/ethereumProviderWrapper';\nimport {\n  decodeAllData,\n  decodeKey,\n  decodeKeyValue,\n  encodeAllData,\n  encodeArrayKey,\n  encodeKey,\n  getSchemaElement,\n  hashData,\n} from './lib/utils';\n\nimport {\n  Erc725Schema,\n  Erc725SchemaKeyType,\n  Erc725SchemaValueContent,\n  Erc725SchemaValueType,\n} from './types/Erc725Schema';\n\nimport { ERC725Config } from './types/Config';\n\nenum ProviderType {\n  GRAPH = 'graph',\n  ETHEREUM = 'ethereum',\n  WEB3 = 'web3',\n}\n\nexport {\n  Erc725Schema,\n  Erc725SchemaKeyType,\n  Erc725SchemaValueContent,\n  Erc725SchemaValueType,\n};\n\n/**\n * :::caution\n * This package is currently in early stages of development, use only for testing or experimentation purposes.\n * :::\n *\n */\nexport class ERC725 {\n  options: {\n    schema;\n    address?;\n    providerType?: ProviderType | null;\n    provider?;\n    config: ERC725Config;\n  };\n\n  /**\n   * Creates an instance of ERC725.\n   *\n   * **Example**\n   *\n   * ```js\n   * import ERC725 from 'erc725.js';\n   * import Web3 from 'web3';\n   *\n   * const schema = [\n   *     {\n   *         name: \"LSP3Profile\",\n   *         key: \"0x5ef83ad9559033e6e941db7d7c495acdce616347d28e90c7ce47cbfcfcad3bc5\",\n   *         keyType: \"Singleton\",\n   *         valueContent: \"JSONURL\",\n   *         valueType: \"bytes\",\n   *     },\n   * ];\n   *\n   * const address = \"0x0c03fba782b07bcf810deb3b7f0595024a444f4e\";\n   * const provider = new Web3.providers.HttpProvider(\"https://rpc.l14.lukso.network\");\n   * const config = {\n   *    ipfsGateway: 'https://ipfs.lukso.network/ipfs/'\n   * }\n   *\n   * const myERC725 = new ERC725(schema, address, provider, config);\n   * ```\n   *\n   * @param {Erc725Schema[]} schema More information available here: [LSP-2-ERC725YJSONSchema](https://github.com/lukso-network/LIPs/blob/master/LSPs/LSP-2-ERC725YJSONSchema.md)\n   * @param {string} address Address of the ERC725 contract you want to interact with\n   * @param {any} provider\n   * @param {ERC725Config} config Configuration object.\n   *\n   */\n  constructor(\n    schema: Erc725Schema[],\n    address?: string,\n    provider?: any,\n    config?: ERC725Config,\n  ) {\n    // NOTE: provider param can be either the provider, or and object with {provider:xxx ,type:xxx}\n\n    // TODO: Add check for schema format?\n    if (!schema) {\n      throw new Error('Missing schema.');\n    }\n\n    const defaultConfig = {\n      ipfsGateway: 'https://cloudflare-ipfs.com/ipfs/',\n    };\n\n    // Init options member\n    this.options = {\n      schema,\n      address,\n      providerType: null,\n      config: {\n        ...defaultConfig,\n        ...config,\n      },\n    };\n\n    // do not fail on no-provider\n    if (!provider) return;\n\n    const givenProvider = provider.provider || provider;\n\n    // CASE: GraphQL provider\n\n    if (provider.type === 'ApolloClient') {\n      this.options.providerType = ProviderType.GRAPH;\n      this.options.provider = new GraphSource(givenProvider);\n\n      // This checks to see if its a subgraph, since TheGraph subgraphs cannot checksum addresses to store\n      const isSubgraph = givenProvider.link?.options?.uri.includes('/subgraph');\n      if (!isSubgraph && address) {\n        this.options.address = toChecksumAddress(address);\n      }\n\n      // CASE: Ethereum provider\n    } else if (provider.request || provider.type === 'EthereumProvider') {\n      this.options.providerType = ProviderType.ETHEREUM;\n      this.options.provider = new EthereumSource(givenProvider);\n\n      // CASE: Web3 or deprecated ethereum provider\n    } else if (\n      (!provider.request && provider.send) ||\n      provider.type === 'Web3Provider'\n    ) {\n      this.options.providerType = ProviderType.WEB3;\n      this.options.provider = new Web3Source(givenProvider);\n\n      // CASE: Unknown provider\n    } else {\n      throw new Error(`Incorrect or unsupported provider ${givenProvider}`);\n    }\n  }\n\n  /**\n   * Get decoded data from the contract key value store.\n   * @param {string} key Either the schema name or key of a schema element on the class instance.\n   * @param {Erc725Schema} customSchema An optional schema to override attached schema of ERC725 class instance.\n   * @returns Returns decoded data as defined and expected in the schema.\n   *\n   * **Example**\n   *\n   * ```javascript\n   * await myERC725.getData(\"SupportedStandards:ERC725Account\");\n   * // > '0xafdeb5d6'\n   *\n   * await myERC725.getData('LSP3Profile');\n   * // > {\n   * //   hashFunction: 'keccak256(utf8)',\n   * //   hash: '0xd96ff7776660095f661d16010c4349aa7478a9129ce0670f771596a6ff2d864a',\n   * //   url: 'ipfs://QmbTmcbp8ZW23vkQrqkasMFqNg2z1iP4e3BCUMz9PKDsSV'\n   * // }\n   * ```\n   * :::note Try it\n   * https://stackblitz.com/edit/erc725js-get-data?devtoolsheight=66&file=index.js\n   * :::\n   */\n  async getData(key: string, customSchema?: Erc725Schema) {\n    if (!isAddress(this.options.address)) {\n      throw new Error('Missing ERC725 contract address.');\n    }\n    if (!this.options.provider) {\n      throw new Error('Missing provider.');\n    }\n\n    const schema = customSchema ? [customSchema] : this.options.schema;\n    const keySchema = getSchemaElement(schema, key);\n\n    // Get all the raw data possible.\n    const rawData = await this.options.provider.getData(\n      this.options.address,\n      keySchema.key,\n    );\n    // Decode and return the data\n\n    if (keySchema.keyType.toLowerCase() === 'array') {\n      const dat = [{ key: keySchema.key, value: rawData }];\n      const res = await this._getArrayValues(keySchema, dat);\n\n      // Handle empty arrays\n      if (res && res.length > 0) {\n        res.push(dat[0]); // add the raw data array length\n        return decodeKey(keySchema, res);\n      }\n\n      return []; // return empty array if no results\n    }\n\n    return decodeKey(keySchema, rawData);\n  }\n\n  /**\n   * Get all available data from the contract as per the class schema definition.\n   * @returns An object with schema element key names as properties, with corresponding associated decoded data as values.\n   *\n   * **Example**\n   *\n   * ```javascript\n   * await myERC725.getAllData();\n   * // >\n   * // {\n   * //     'SupportedStandards:ERC725Account': '0xafdeb5d6',\n   * //     LSP3Profile: {\n   * //       hashFunction: 'keccak256(utf8)',\n   * //       hash: '0x8700cccf72722106436cbc5309a8ebb308224d5f601990c070ea751a6bed4fc0',\n   * //       url: 'ipfs://QmV8K2ZPZHErvVzjSE7vewgEzvfLnhdea8RLJRqZGNu9Je'\n   * //     },\n   * //     LSP1UniversalReceiverDelegate: '0x1183790f29BE3cDfD0A102862fEA1a4a30b3AdAb',\n   * //     'LSP3IssuedAssets[]': [\n   * //       '0xD94353D9B005B3c0A9Da169b768a31C57844e490',\n   * //       '0xDaea594E385Fc724449E3118B2Db7E86dFBa1826',\n   * //       ...\n   * //     ]\n   * // }\n   * ```\n   * :::note Try it\n   * https://stackblitz.com/edit/erc725js-get-all-data?devtoolsheight=33&file=index.js\n   * :::\n   */\n  async getAllData() {\n    const results = {};\n    let res;\n    if (!isAddress(this.options.address)) {\n      throw new Error('Missing ERC725 contract address.');\n    }\n    if (!this.options.provider) {\n      throw new Error('Missing provider.');\n    }\n\n    // Get all the key hashes from the schema\n    const keyHashes = this.options.schema.map((e) => e.key);\n    // Get all the raw data from the provider based on schema key hashes\n    let allRawData = await this.options.provider.getAllData(\n      this.options.address,\n      keyHashes,\n    );\n\n    // Take out null data values, since data may not fulfill entire schema\n    allRawData = await allRawData.filter((e) => e.value !== null);\n\n    if (this.options.providerType === ProviderType.GRAPH) {\n      // If the provider type is a graphql client, we assume it can get ALL keys (including array keys)\n      res = decodeAllData(this.options.schema, allRawData);\n    } else {\n      // Otherwise we assume the array element keys are not available in raw results, so they must be fetched\n      const arraySchemas = this.options.schema.filter(\n        (e) => e.keyType.toLowerCase() === 'array',\n      );\n\n      // Get missing 'Array' fields for all arrays, as necessary\n      for (let index = 0; index < arraySchemas.length; index++) {\n        const schemaElement = arraySchemas[index];\n        const arrayValues = await this._getArrayValues(\n          schemaElement,\n          allRawData,\n        );\n        arrayValues.forEach((e) => allRawData.push(e));\n      }\n\n      this.options.schema.forEach((element) => {\n        results[element.name] = null;\n      });\n      res = decodeAllData(this.options.schema, allRawData);\n    }\n\n    // Now that we can safely assume we have all array values\n\n    // initialize values as null, to all schema name elements on results object\n    this.options.schema.forEach((element) => {\n      results[element.name] = null;\n    });\n\n    // Put the values in associated elements for return object\n    for (let index = 0; index < Object.keys(res).length; index++) {\n      const key = Object.keys(res)[index];\n      const element = res[key];\n      results[key] = element;\n    }\n\n    return results;\n  }\n\n  /**\n   * Fetches data from IPFS or an HTTP(s) endpoint stored as `JSONURL`, or `ASSETURL` valueContent type and\n   * compares the hash of the downloaded JSON with the hash stored on the blockchain. More details available here:\n   * https://github.com/lukso-network/LIPs/blob/master/LSPs/LSP-2-ERC725YJSONSchema.md#jsonurl\n   *\n   * @param {string} key The name (or the encoded name as the schema ‘key’) of the schema element in the class instance’s schema.\n   * @param {Erc725Schema} customSchema An optional custom schema element to use for decoding the returned value. Overrides attached schema of the class instance on this call only.\n   * @returns Returns the fetched and decoded value depending ‘valueContent’ for the schema element, otherwise works like getData\n   *\n   * **Example**\n   *\n   * ```javascript\n   * await myERC725.fetchData('LSP3Profile');\n   * // > {\n   * //   LSP3Profile: {\n   * //     name: 'the-dematerialised',\n   * //     description: 'The Destination for Digital Fashion. We are a Web 3.0 Marketplace, Authenticated on the LUKSO Blockchain. The Future is Dematerialised.',\n   * //     profileImage: [ [Object], [Object], [Object], [Object], [Object] ],\n   * //     backgroundImage: [ [Object], [Object], [Object], [Object], [Object] ],\n   * //     tags: [ 'marketplace' ],\n   * //     links: [ [Object], [Object], [Object], [Object] ]\n   * //   }\n   * // }\n   * ```\n   *\n   * :::note Try it\n   * https://stackblitz.com/edit/erc725js-fetch-data?devtoolsheight=66&file=index.js\n   * :::\n   *\n   */\n  async fetchData(key: string, customSchema?: Erc725Schema) {\n    const schema = customSchema ? [customSchema] : this.options.schema;\n    const keySchema = getSchemaElement(schema, key);\n\n    const result = await this.getData(key, customSchema);\n\n    if (!result) return null;\n\n    // change ipfs urls\n    if (result && result.url && result.url.indexOf('ipfs://') !== -1) {\n      result.url = result.url.replace(\n        'ipfs://',\n        this.options.config.ipfsGateway,\n      );\n    }\n\n    switch (keySchema.valueContent.toLowerCase()) {\n      case 'jsonurl':\n      case 'asseturl': {\n        const lowerCaseHashFunction = result.hashFunction.toLowerCase();\n\n        let response;\n        try {\n          response = await fetch(result.url).then((a) => {\n            if (lowerCaseHashFunction === 'keccak256(bytes)') {\n              return a.arrayBuffer().then((buffer) => new Uint8Array(buffer));\n            }\n\n            return a.json();\n          });\n        } catch (error) {\n          console.error(error, `GET request to ${result.url} failed`);\n          throw error;\n        }\n\n        return response &&\n          this._hashAndCompare(response, result.hash, lowerCaseHashFunction)\n          ? response\n          : null;\n      }\n      default:\n        return result;\n    }\n  }\n\n  /**\n   * @param data An object of keys matching to corresponding schema element names, with associated data.\n   * @returns all encoded data as per required by the schema and provided data\n   *\n   * **Example**\n   *\n   * ```javascript\n   * myERC725.encodeAllData({\n   *   LSP3Profile: {\n   *     hashFunction: 'keccak256(utf8)',\n   *     hash: '0x820464ddfac1bec070cc14a8daf04129871d458f2ca94368aae8391311af6361',\n   *     url: 'ifps://QmYr1VJLwerg6pEoscdhVGugo39pa6rycEZLjtRPDfW84UAx'\n   *   },\n   *   'LSP3IssuedAssets[]': [\n   *     '0xD94353D9B005B3c0A9Da169b768a31C57844e490',\n   *     '0xDaea594E385Fc724449E3118B2Db7E86dFBa1826'\n   *   ],\n   *   LSP1UniversalReceiverDelegate: '0x1183790f29BE3cDfD0A102862fEA1a4a30b3AdAb'\n   * });\n   *\n   * // > [\n   * //  {\n   * //      \"key\": \"0x5ef83ad9559033e6e941db7d7c495acdce616347d28e90c7ce47cbfcfcad3bc5\",\n   * //      \"value\": \"0x6f357c6a820464ddfac1bec070cc14a8daf04129871d458f2ca94368aae8391311af6361696670733a2f2f516d597231564a4c776572673670456f73636468564775676f3339706136727963455a4c6a7452504466573834554178\"\n   * //  },\n   * //  {\n   * //      \"key\": \"0x0cfc51aec37c55a4d0b1a65c6255c4bf2fbdf6277f3cc0730c45b828b6db8b47\",\n   * //      \"value\": \"0x1183790f29be3cdfd0a102862fea1a4a30b3adab\"\n   * //  },\n   * //  {\n   * //      \"key\": \"0x3a47ab5bd3a594c3a8995f8fa58d0876c96819ca4516bd76100c92462f2f9dc0\",\n   * //      \"value\": \"0x0000000000000000000000000000000000000000000000000000000000000002\"\n   * //  },\n   * //  {\n   * //      \"key\": \"0x3a47ab5bd3a594c3a8995f8fa58d087600000000000000000000000000000000\",\n   * //      \"value\": \"0xd94353d9b005b3c0a9da169b768a31c57844e490\"\n   * //  },\n   * //  {\n   * //      \"key\": \"0x3a47ab5bd3a594c3a8995f8fa58d087600000000000000000000000000000001\",\n   * //      \"value\": \"0xdaea594e385fc724449e3118b2db7e86dfba1826\"\n   * //  }\n   * // ]\n   * ```\n   * :::note Try it\n   * https://stackblitz.com/edit/erc725js-encode-all-data?devtoolsheight=66&file=index.js\n   * :::\n   */\n  encodeAllData(data) {\n    return encodeAllData(this.options.schema, data);\n  }\n\n  /**\n   * Encode data according to schema.\n   * @param key The name (or the encoded name as the schema ‘key’) of the schema element in the class instance’s schema.\n   * @param data Data structured according to the corresponding schema definition.\n   * @returns Returns encoded data as defined and expected in the schema (single value for keyTypes ‘Singleton’ & ‘Mapping’, or an array of encoded key-value objects for keyType ‘Array).\n   *\n   * **Example**\n   *\n   * ```javascript\n   * myERC725.encodeData('LSP3IssuedAssets[]', [\n   *     '0xD94353D9B005B3c0A9Da169b768a31C57844e490',\n   *     '0xDaea594E385Fc724449E3118B2Db7E86dFBa1826'\n   * ]);\n   * // > [\n   * //     {\n   * //         key: '0x3a47ab5bd3a594c3a8995f8fa58d0876c96819ca4516bd76100c92462f2f9dc0',\n   * //         value: '0x0000000000000000000000000000000000000000000000000000000000000002'\n   * //     },\n   * //     {\n   * //         key: '0x3a47ab5bd3a594c3a8995f8fa58d087600000000000000000000000000000000',\n   * //         value: '0xd94353d9b005b3c0a9da169b768a31c57844e490'\n   * //     },\n   * //     {\n   * //         key: '0x3a47ab5bd3a594c3a8995f8fa58d087600000000000000000000000000000001',\n   * //         value: '0xdaea594e385fc724449e3118b2db7e86dfba1826'\n   * //     }\n   * // ]\n   * ```\n   * :::note Try it\n   * https://stackblitz.com/edit/erc725js-encode-data?devtoolsheight=66&file=index.js\n   * :::\n   */\n  encodeData(\n    key: string,\n    data: { json: unknown; url: string; hashFunction: string },\n  ): string;\n  encodeData(key: string, data) {\n    const schema = getSchemaElement(this.options.schema, key);\n    return encodeKey(schema, data);\n  }\n\n  /**\n   * Decode all data available, as per the schema definition, in the contract.\n   * @param data An array of encoded key:value pairs.\n   * @returns An object with keys matching the ERC725 instance schema keys, with attached decoded data as expected by the schema.\n   *\n   * **Example**\n   *\n   * ```javascript\n   * myERC725.decodeAllData([\n   *    {\n   *        // Array length of LSP3IssuedAssets[]\n   *        key: '0x3a47ab5bd3a594c3a8995f8fa58d0876c96819ca4516bd76100c92462f2f9dc0',\n   *        value: '0x0000000000000000000000000000000000000000000000000000000000000002'\n   *    },\n   *    {\n   *        // First LSP3IssuedAssets[] array element\n   *        key: '0x3a47ab5bd3a594c3a8995f8fa58d087600000000000000000000000000000000',\n   *        value: '0xd94353d9b005b3c0a9da169b768a31c57844e490'\n   *    },\n   *    {\n   *        // Second LSP3IssuedAssets[] array element\n   *        key: '0x3a47ab5bd3a594c3a8995f8fa58d087600000000000000000000000000000001',\n   *        value: '0xdaea594e385fc724449e3118b2db7e86dfba1826'\n   *    },\n   *    {\n   *        // LSP3Profile\n   *        key: '0x5ef83ad9559033e6e941db7d7c495acdce616347d28e90c7ce47cbfcfcad3bc5',\n   *        value: '0x6f357c6a820464ddfac1bec070cc14a8daf04129871d458f2ca94368aae8391311af6361696670733a2f2f516d597231564a4c776572673670456f73636468564775676f3339706136727963455a4c6a7452504466573834554178'\n   *    }\n   * ]);\n   * // > {\n   * //   LSP3Profile: {\n   * //     hashFunction: 'keccak256(utf8)',\n   * //     hash: '0x820464ddfac1bec070cc14a8daf04129871d458f2ca94368aae8391311af6361',\n   * //     url: 'ifps://QmYr1VJLwerg6pEoscdhVGugo39pa6rycEZLjtRPDfW84UAx'\n   * //   },\n   * //   'LSP3IssuedAssets[]': [\n   * //     '0xD94353D9B005B3c0A9Da169b768a31C57844e490',\n   * //     '0xDaea594E385Fc724449E3118B2Db7E86dFBa1826'\n   * //   ]\n   * // }\n   * ```\n   * :::note Try it\n   * https://stackblitz.com/edit/erc725js-decode-all-data?devtoolsheight=33&file=index.js\n   * :::\n   */\n  decodeAllData(data: { key: string; value: string }[]) {\n    return decodeAllData(this.options.schema, data);\n  }\n\n  /**\n   * Decode data from contract store.\n   * @param {string} key Either the schema element name or key.\n   * @param data Either a single object, or an array of objects of key: value: pairs.\n   * @returns Returns decoded data as defined and expected in the schema:\n   *\n   * **Example**\n   *\n   * ```javascript\n   * myERC725.decodeData('LSP3IssuedAssets[]', [\n   *    {\n   *        key: '0x3a47ab5bd3a594c3a8995f8fa58d0876c96819ca4516bd76100c92462f2f9dc0',\n   *        value: '0x0000000000000000000000000000000000000000000000000000000000000002'\n   *    },\n   *    {\n   *        key: '0x3a47ab5bd3a594c3a8995f8fa58d087600000000000000000000000000000000',\n   *        value: '0xd94353d9b005b3c0a9da169b768a31c57844e490'\n   *    },\n   *    {\n   *        key: '0x3a47ab5bd3a594c3a8995f8fa58d087600000000000000000000000000000001',\n   *        value: '0xdaea594e385fc724449e3118b2db7e86dfba1826'\n   *    }\n   * ]);\n   * // > [\n   * //   '0xD94353D9B005B3c0A9Da169b768a31C57844e490',\n   * //   '0xDaea594E385Fc724449E3118B2Db7E86dFBa1826'\n   * // ]\n   * ```\n   * :::note Try it\n   * https://stackblitz.com/edit/erc725js-decode-data?devtoolsheight=33&file=index.js\n   * :::\n   */\n  decodeData(key: string, data) {\n    const schema = getSchemaElement(this.options.schema, key);\n    return decodeKey(schema, data);\n  }\n\n  /**\n   * An added utility method which simply returns the owner of the contract.\n   * Not directly related to ERC725 specifications.\n   *\n   * @param {string} [address]\n   * @returns The address of the contract owner as stored in the contract.\n   *\n   * :::caution\n   *\n   *    This method is not yet supported when using the `graph` provider type.\n   *\n   * :::\n   *\n   * **Example**\n   *\n   * ```javascript\n   * await myERC725.getOwner();\n   * // > '0x94933413384997F9402cc07a650e8A34d60F437A'\n   *\n   * await myERC725.getOwner(\"0x3000783905Cc7170cCCe49a4112Deda952DDBe24\");\n   * // > '0x7f1b797b2Ba023Da2482654b50724e92EB5a7091'\n   * ```\n   */\n  getOwner(address?: string): string {\n    return this.options.provider.getOwner(address || this.options.address);\n  }\n\n  /**\n   * Hashes the data received with the specified hashing function,\n   * and compares the result with the provided hash.\n   *\n   * @throws *Error* in case of a mismatch of the hashes.\n   * @internal\n   */\n  // eslint-disable-next-line class-methods-use-this\n  _hashAndCompare(data, hash: string, lowerCaseHashFunction: string) {\n    const jsonHash = hashData(data, lowerCaseHashFunction);\n\n    // throw error if hash mismatch\n    if (jsonHash !== hash) {\n      throw new Error(`\n              Hash mismatch, returned JSON (\"${jsonHash}\") is different than the one \n              linked from the ERC725Y Smart contract: \"${hash}\"\n          `);\n    }\n\n    return true;\n  }\n\n  /**\n   * @internal\n   * @param schema associated with the schema with keyType = 'Array'\n   *               the data includes the raw (encoded) length key-value pair for the array\n   * @param data array of key-value pairs, one of which is the length key for the schema array\n   *             Data can hold other field data not relevant here, and will be ignored\n   * @return an array of keys/values\n   */\n  async _getArrayValues(schema: Erc725Schema, data: Record<string, any>) {\n    if (schema.keyType !== 'Array') {\n      throw new Error(\n        `The \"_getArrayFields\" method requires a schema definition with \"keyType: Array\",\n        ${schema}`,\n      );\n    }\n    const results: { key: string; value }[] = [];\n\n    // 1. get the array length\n    const value = data.find((e) => e.key === schema.key); // get the length key/value pair\n\n    if (!value || !value.value) {\n      return results;\n    } // Handle empty/non-existent array\n    const arrayLength = await decodeKeyValue(schema, value.value); // get the int array length\n\n    // 2. Get the array values for the length of the array\n    for (let index = 0; index < arrayLength; index++) {\n      // 2.1 get the new schema key\n      const arrayElementKey = encodeArrayKey(schema.key, index);\n      let arrayElement;\n\n      // 2.2 Check the data first just in case.\n      arrayElement = data.find((e) => e.key === arrayElementKey);\n\n      if (!arrayElement) {\n        // 3. Otherwise we get the array key element value\n        arrayElement = await this.options.provider.getData(\n          this.options.address,\n          arrayElementKey,\n        );\n\n        results.push({\n          key: arrayElementKey,\n          value: arrayElement,\n        });\n      }\n    }\n\n    return results;\n  }\n}\n\nexport default ERC725;\n"]},"_coverageSchema":"1a1c01bbd47fc00a2c39e90264f33305004495a9","hash":"6cbe0ab5e8bfa297c5e1d71491a3c7f1c5c025b5","contentHash":"e030b343a9812244bb6afc860f929a20abbc01984ecae391cce72c405e4e5b34"},"/home/rryter/Projects/alliance-erc725.js/src/providers/subgraphProviderWrapper.ts":{"path":"/home/rryter/Projects/alliance-erc725.js/src/providers/subgraphProviderWrapper.ts","statementMap":{"0":{"start":{"line":20,"column":0},"end":{"line":20,"column":62}},"1":{"start":{"line":25,"column":18},"end":{"line":25,"column":43}},"2":{"start":{"line":29,"column":8},"end":{"line":29,"column":27}},"3":{"start":{"line":30,"column":8},"end":{"line":30,"column":33}},"4":{"start":{"line":34,"column":8},"end":{"line":34,"column":100}},"5":{"start":{"line":37,"column":8},"end":{"line":40,"column":9}},"6":{"start":{"line":39,"column":12},"end":{"line":39,"column":79}},"7":{"start":{"line":42,"column":22},"end":{"line":42,"column":67}},"8":{"start":{"line":43,"column":23},"end":{"line":43,"column":59}},"9":{"start":{"line":45,"column":20},"end":{"line":46,"column":61}},"10":{"start":{"line":47,"column":8},"end":{"line":47,"column":33}},"11":{"start":{"line":50,"column":22},"end":{"line":50,"column":59}},"12":{"start":{"line":51,"column":23},"end":{"line":51,"column":59}},"13":{"start":{"line":53,"column":8},"end":{"line":53,"column":56}},"14":{"start":{"line":56,"column":0},"end":{"line":56,"column":30}}},"fnMap":{"0":{"name":"(anonymous_0)","decl":{"start":{"line":27,"column":4},"end":{"line":27,"column":5}},"loc":{"start":{"line":27,"column":26},"end":{"line":31,"column":5}},"line":27},"1":{"name":"(anonymous_1)","decl":{"start":{"line":33,"column":4},"end":{"line":33,"column":5}},"loc":{"start":{"line":33,"column":15},"end":{"line":35,"column":5}},"line":33},"2":{"name":"(anonymous_2)","decl":{"start":{"line":36,"column":4},"end":{"line":36,"column":5}},"loc":{"start":{"line":36,"column":33},"end":{"line":48,"column":5}},"line":36},"3":{"name":"(anonymous_3)","decl":{"start":{"line":49,"column":4},"end":{"line":49,"column":5}},"loc":{"start":{"line":49,"column":30},"end":{"line":54,"column":5}},"line":49}},"branchMap":{"0":{"loc":{"start":{"line":37,"column":8},"end":{"line":40,"column":9}},"type":"if","locations":[{"start":{"line":37,"column":8},"end":{"line":40,"column":9}},{"start":{"line":37,"column":8},"end":{"line":40,"column":9}}],"line":37},"1":{"loc":{"start":{"line":37,"column":12},"end":{"line":37,"column":40}},"type":"binary-expr","locations":[{"start":{"line":37,"column":12},"end":{"line":37,"column":17}},{"start":{"line":37,"column":21},"end":{"line":37,"column":40}}],"line":37},"2":{"loc":{"start":{"line":45,"column":20},"end":{"line":46,"column":61}},"type":"binary-expr","locations":[{"start":{"line":45,"column":20},"end":{"line":45,"column":63}},{"start":{"line":46,"column":12},"end":{"line":46,"column":61}}],"line":45},"3":{"loc":{"start":{"line":47,"column":15},"end":{"line":47,"column":32}},"type":"cond-expr","locations":[{"start":{"line":47,"column":22},"end":{"line":47,"column":26}},{"start":{"line":47,"column":29},"end":{"line":47,"column":32}}],"line":47}},"s":{"0":1,"1":1,"2":23,"3":23,"4":0,"5":28,"6":0,"7":28,"8":28,"9":28,"10":28,"11":1,"12":1,"13":1,"14":1},"f":{"0":23,"1":0,"2":28,"3":1},"b":{"0":[0,28],"1":[28,28],"2":[28,28],"3":[0,28]},"inputSourceMap":{"version":3,"file":"/home/rryter/Projects/alliance-erc725.js/src/providers/subgraphProviderWrapper.ts","sources":["/home/rryter/Projects/alliance-erc725.js/src/providers/subgraphProviderWrapper.ts"],"names":[],"mappings":";AAAA;;;;;;;;;;;;EAYE;AACF;;;;GAIG;;AAEH;;;EAGE;AAEF,4CAAyC;AAEzC,MAAqB,WAAW;IAI9B,YAAY,QAAa;QAHzB,+CAA+C;QACxC,aAAQ,GAAQ,EAAE,CAAC;QAGxB,IAAI,CAAC,QAAQ,GAAG,QAAQ,CAAC;IAC3B,CAAC;IAED,kDAAkD;IAClD,QAAQ;QACN,MAAM,IAAI,KAAK,CACb,0EAA0E,CAC3E,CAAC;IACJ,CAAC;IAED,KAAK,CAAC,OAAO,CAAC,OAAO,EAAE,IAAI;QACzB,IAAI,CAAC,IAAI,IAAI,KAAK,CAAC,OAAO,CAAC,IAAI,CAAC,EAAE;YAChC,8BAA8B;YAC9B,MAAM,IAAI,KAAK,CAAC,2CAA2C,IAAI,EAAE,CAAC,CAAC;SACpE;QACD,4CAA4C;QAC5C,MAAM,KAAK,GAAG,iBAAO,CAAC,YAAY,CAAC,OAAO,EAAE,IAAI,CAAC,CAAC;QAClD,MAAM,MAAM,GAAG,MAAM,IAAI,CAAC,QAAQ,CAAC,KAAK,CAAC,EAAE,KAAK,EAAE,CAAC,CAAC;QACpD,0CAA0C;QAC1C,MAAM,GAAG,GACP,MAAM,CAAC,IAAI,CAAC,MAAM,CAAC,IAAI,CAAC,MAAM,CAAC,IAAI,CAAC,CAAC,CAAC,CAAC,CAAC,CAAC,CAAC,CAAC;YAC3C,MAAM,CAAC,IAAI,CAAC,MAAM,CAAC,IAAI,CAAC,MAAM,CAAC,IAAI,CAAC,CAAC,CAAC,CAAC,CAAC,CAAC,CAAC,CAAC,CAAC,KAAK,CAAC;QACpD,OAAO,CAAC,GAAG,CAAC,CAAC,CAAC,IAAI,CAAC,CAAC,CAAC,GAAG,CAAC;IAC3B,CAAC;IAED,KAAK,CAAC,UAAU,CAAC,OAAO;QACtB,MAAM,KAAK,GAAG,iBAAO,CAAC,UAAU,CAAC,OAAO,CAAC,CAAC;QAC1C,MAAM,MAAM,GAAG,MAAM,IAAI,CAAC,QAAQ,CAAC,KAAK,CAAC,EAAE,KAAK,EAAE,CAAC,CAAC;QACpD,8BAA8B;QAC9B,OAAO,MAAM,CAAC,IAAI,CAAC,MAAM,CAAC,IAAI,CAAC,MAAM,CAAC,IAAI,CAAC,CAAC,CAAC,CAAC,CAAC,CAAC;IAClD,CAAC;CACF;AApCD,8BAoCC","sourcesContent":["/*\n    This file is part of ERC725.js.\n    ERC725.js is free software: you can redistribute it and/or modify\n    it under the terms of the GNU Lesser General Public License as published by\n    the Free Software Foundation, either version 3 of the License, or\n    (at your option) any later version.\n    ERC725.js is distributed in the hope that it will be useful,\n    but WITHOUT ANY WARRANTY; without even the implied warranty of\n    MERCHANTABILITY or FITNESS FOR A PARTICULAR PURPOSE.  See the\n    GNU Lesser General Public License for more details.\n    You should have received a copy of the GNU Lesser General Public License\n    along with web3.js.  If not, see <http://www.gnu.org/licenses/>.\n*/\n/**\n * @file providers/subgraphProviderWrapper.ts\n * @author Robert McLeod <@robertdavid010>, Fabian Vogelsteller <fabian@lukso.network>\n * @date 2020\n */\n\n/*\n  This file will handle querying the graphql sever\n  in accordance with implementation of datastore in subgraph definition\n*/\n\nimport { queries } from '../lib/queries';\n\nexport default class GraphSource {\n  // TODO: provide correct interface for provider\n  public provider: any = {};\n\n  constructor(provider: any) {\n    this.provider = provider;\n  }\n\n  // eslint-disable-next-line class-methods-use-this\n  getOwner() {\n    throw new Error(\n      \"We're sorry, getOwner() method not yet supported in graph provider type.\",\n    );\n  }\n\n  async getData(address, keys) {\n    if (!keys || Array.isArray(keys)) {\n      // TODO: support array of keys\n      throw new Error(`Incorrect parameter 'keys' in getData() ${keys}`);\n    }\n    // Get the value for the specific single key\n    const query = queries.getDataByKey(address, keys);\n    const result = await this.provider.query({ query });\n    // Single out the first result as expected\n    const ret =\n      result.data[Object.keys(result.data)[0]][0] &&\n      result.data[Object.keys(result.data)[0]][0].value;\n    return !ret ? null : ret;\n  }\n\n  async getAllData(address) {\n    const query = queries.getAllData(address);\n    const result = await this.provider.query({ query });\n    // Return the data query array\n    return result.data[Object.keys(result.data)[0]];\n  }\n}\n"]},"_coverageSchema":"1a1c01bbd47fc00a2c39e90264f33305004495a9","hash":"4c4ad04756312b671b8a2c84a7f8184a3c048859","contentHash":"f9a84b6a1a7b360ab5049b48103495bdd43d867e7598d814887f5ef22a90b7ea"},"/home/rryter/Projects/alliance-erc725.js/src/lib/queries.ts":{"path":"/home/rryter/Projects/alliance-erc725.js/src/lib/queries.ts","statementMap":{"0":{"start":{"line":2,"column":0},"end":{"line":2,"column":62}},"1":{"start":{"line":3,"column":0},"end":{"line":3,"column":25}},"2":{"start":{"line":6,"column":22},"end":{"line":6,"column":44}},"3":{"start":{"line":7,"column":0},"end":{"line":38,"column":2}},"4":{"start":{"line":12,"column":8},"end":{"line":21,"column":6}},"5":{"start":{"line":27,"column":8},"end":{"line":36,"column":6}}},"fnMap":{"0":{"name":"(anonymous_0)","decl":{"start":{"line":11,"column":4},"end":{"line":11,"column":5}},"loc":{"start":{"line":11,"column":31},"end":{"line":22,"column":5}},"line":11},"1":{"name":"(anonymous_1)","decl":{"start":{"line":26,"column":4},"end":{"line":26,"column":5}},"loc":{"start":{"line":26,"column":19},"end":{"line":37,"column":5}},"line":26}},"branchMap":{},"s":{"0":1,"1":1,"2":1,"3":1,"4":28,"5":1},"f":{"0":28,"1":1},"b":{},"inputSourceMap":{"version":3,"file":"/home/rryter/Projects/alliance-erc725.js/src/lib/queries.ts","sources":["/home/rryter/Projects/alliance-erc725.js/src/lib/queries.ts"],"names":[],"mappings":";;;AAAA,8BAA8B;AAC9B,oBAAoB;AACpB,6CAAkC;AAErB,QAAA,OAAO,GAAG;IACrB;;OAEG;IACH,YAAY,CAAC,OAAe,EAAE,GAAW;QACvC,OAAO,iBAAG,CAAA;;0CAE4B,OAAO,UAAU,GAAG;;;;;;;KAOzD,CAAC;IACJ,CAAC;IAED;;OAEG;IACH,UAAU,CAAC,EAAU;QACnB,OAAO,iBAAG,CAAA;;0CAE4B,EAAE;;;;;;;KAOvC,CAAC;IACJ,CAAC;CACF,CAAC","sourcesContent":["// Queries for ERC725 subgraph\n/* eslint-disable */\nimport { gql } from 'graphql-tag';\n\nexport const queries = {\n  /**\n   * Get data for single key from ERC725 instance\n   */\n  getDataByKey(address: string, key: string) {\n    return gql`\n    {\n      erc725DataStores (where:{address:\"${address}\",key:\"${key}\"}) {\n        id\n        address\n        key\n        value\n      }\n    }\n    `;\n  },\n\n  /**\n   * Get the ERC725 instance kv pairs\n   */\n  getAllData(id: string) {\n    return gql`\n    {\n      erc725DataStores (where:{address:\"${id}\"}) {\n        id\n        address\n        key\n        value\n      }\n    }\n    `;\n  },\n};\n"]},"_coverageSchema":"1a1c01bbd47fc00a2c39e90264f33305004495a9","hash":"ce3b8fdc962a1ef3ba7c003f479981ae65d51d04","contentHash":"266e6d76de89dcc72e0c457a8d507331edc0a3c56573e6e91bd5cd36099d2087"},"/home/rryter/Projects/alliance-erc725.js/src/providers/web3ProviderWrapper.ts":{"path":"/home/rryter/Projects/alliance-erc725.js/src/providers/web3ProviderWrapper.ts","statementMap":{"0":{"start":{"line":20,"column":22},"end":{"line":26,"column":3}},"1":{"start":{"line":21,"column":4},"end":{"line":21,"column":33}},"2":{"start":{"line":21,"column":26},"end":{"line":21,"column":33}},"3":{"start":{"line":22,"column":4},"end":{"line":22,"column":89}},"4":{"start":{"line":22,"column":71},"end":{"line":22,"column":83}},"5":{"start":{"line":24,"column":4},"end":{"line":24,"column":33}},"6":{"start":{"line":24,"column":26},"end":{"line":24,"column":33}},"7":{"start":{"line":25,"column":4},"end":{"line":25,"column":17}},"8":{"start":{"line":27,"column":25},"end":{"line":31,"column":2}},"9":{"start":{"line":28,"column":4},"end":{"line":28,"column":72}},"10":{"start":{"line":30,"column":4},"end":{"line":30,"column":21}},"11":{"start":{"line":32,"column":19},"end":{"line":38,"column":1}},"12":{"start":{"line":33,"column":4},"end":{"line":33,"column":42}},"13":{"start":{"line":33,"column":31},"end":{"line":33,"column":42}},"14":{"start":{"line":34,"column":17},"end":{"line":34,"column":19}},"15":{"start":{"line":35,"column":4},"end":{"line":35,"column":141}},"16":{"start":{"line":35,"column":21},"end":{"line":35,"column":141}},"17":{"start":{"line":35,"column":40},"end":{"line":35,"column":141}},"18":{"start":{"line":35,"column":109},"end":{"line":35,"column":141}},"19":{"start":{"line":36,"column":4},"end":{"line":36,"column":36}},"20":{"start":{"line":37,"column":4},"end":{"line":37,"column":18}},"21":{"start":{"line":39,"column":0},"end":{"line":39,"column":62}},"22":{"start":{"line":44,"column":12},"end":{"line":44,"column":49}},"23":{"start":{"line":45,"column":20},"end":{"line":45,"column":47}},"24":{"start":{"line":46,"column":17},"end":{"line":46,"column":43}},"25":{"start":{"line":48,"column":16},"end":{"line":48,"column":27}},"26":{"start":{"line":49,"column":14},"end":{"line":49,"column":15}},"27":{"start":{"line":52,"column":8},"end":{"line":52,"column":33}},"28":{"start":{"line":55,"column":23},"end":{"line":55,"column":103}},"29":{"start":{"line":57,"column":8},"end":{"line":60,"column":9}},"30":{"start":{"line":59,"column":12},"end":{"line":59,"column":31}},"31":{"start":{"line":61,"column":8},"end":{"line":61,"column":65}},"32":{"start":{"line":64,"column":8},"end":{"line":64,"column":154}},"33":{"start":{"line":68,"column":24},"end":{"line":68,"column":26}},"34":{"start":{"line":69,"column":8},"end":{"line":71,"column":9}},"35":{"start":{"line":69,"column":25},"end":{"line":69,"column":26}},"36":{"start":{"line":70,"column":12},"end":{"line":70,"column":97}},"37":{"start":{"line":73,"column":24},"end":{"line":73,"column":57}},"38":{"start":{"line":75,"column":29},"end":{"line":75,"column":31}},"39":{"start":{"line":76,"column":8},"end":{"line":81,"column":9}},"40":{"start":{"line":76,"column":25},"end":{"line":76,"column":26}},"41":{"start":{"line":77,"column":12},"end":{"line":80,"column":15}},"42":{"start":{"line":79,"column":94},"end":{"line":79,"column":126}},"43":{"start":{"line":82,"column":8},"end":{"line":82,"column":28}},"44":{"start":{"line":86,"column":8},"end":{"line":88,"column":9}},"45":{"start":{"line":87,"column":12},"end":{"line":87,"column":77}},"46":{"start":{"line":89,"column":21},"end":{"line":91,"column":55}},"47":{"start":{"line":93,"column":8},"end":{"line":106,"column":10}},"48":{"start":{"line":109,"column":8},"end":{"line":119,"column":11}},"49":{"start":{"line":111,"column":12},"end":{"line":118,"column":15}},"50":{"start":{"line":112,"column":16},"end":{"line":117,"column":17}},"51":{"start":{"line":113,"column":20},"end":{"line":113,"column":30}},"52":{"start":{"line":116,"column":20},"end":{"line":116,"column":31}},"53":{"start":{"line":123,"column":8},"end":{"line":126,"column":9}},"54":{"start":{"line":124,"column":12},"end":{"line":124,"column":81}},"55":{"start":{"line":125,"column":12},"end":{"line":125,"column":24}},"56":{"start":{"line":127,"column":26},"end":{"line":127,"column":39}},"57":{"start":{"line":128,"column":8},"end":{"line":132,"column":105}},"58":{"start":{"line":135,"column":0},"end":{"line":135,"column":29}}},"fnMap":{"0":{"name":"(anonymous_0)","decl":{"start":{"line":20,"column":74},"end":{"line":20,"column":75}},"loc":{"start":{"line":20,"column":96},"end":{"line":23,"column":1}},"line":20},"1":{"name":"(anonymous_1)","decl":{"start":{"line":22,"column":58},"end":{"line":22,"column":59}},"loc":{"start":{"line":22,"column":69},"end":{"line":22,"column":85}},"line":22},"2":{"name":"(anonymous_2)","decl":{"start":{"line":23,"column":6},"end":{"line":23,"column":7}},"loc":{"start":{"line":23,"column":28},"end":{"line":26,"column":1}},"line":23},"3":{"name":"(anonymous_3)","decl":{"start":{"line":27,"column":80},"end":{"line":27,"column":81}},"loc":{"start":{"line":27,"column":95},"end":{"line":29,"column":1}},"line":27},"4":{"name":"(anonymous_4)","decl":{"start":{"line":29,"column":5},"end":{"line":29,"column":6}},"loc":{"start":{"line":29,"column":20},"end":{"line":31,"column":1}},"line":29},"5":{"name":"(anonymous_5)","decl":{"start":{"line":32,"column":50},"end":{"line":32,"column":51}},"loc":{"start":{"line":32,"column":65},"end":{"line":38,"column":1}},"line":32},"6":{"name":"(anonymous_6)","decl":{"start":{"line":51,"column":4},"end":{"line":51,"column":5}},"loc":{"start":{"line":51,"column":26},"end":{"line":53,"column":5}},"line":51},"7":{"name":"(anonymous_7)","decl":{"start":{"line":54,"column":4},"end":{"line":54,"column":5}},"loc":{"start":{"line":54,"column":28},"end":{"line":62,"column":5}},"line":54},"8":{"name":"(anonymous_8)","decl":{"start":{"line":63,"column":4},"end":{"line":63,"column":5}},"loc":{"start":{"line":63,"column":36},"end":{"line":65,"column":5}},"line":63},"9":{"name":"(anonymous_9)","decl":{"start":{"line":66,"column":4},"end":{"line":66,"column":5}},"loc":{"start":{"line":66,"column":36},"end":{"line":83,"column":5}},"line":66},"10":{"name":"(anonymous_10)","decl":{"start":{"line":79,"column":81},"end":{"line":79,"column":82}},"loc":{"start":{"line":79,"column":94},"end":{"line":79,"column":126}},"line":79},"11":{"name":"(anonymous_11)","decl":{"start":{"line":85,"column":4},"end":{"line":85,"column":5}},"loc":{"start":{"line":85,"column":52},"end":{"line":107,"column":5}},"line":85},"12":{"name":"(anonymous_12)","decl":{"start":{"line":108,"column":4},"end":{"line":108,"column":5}},"loc":{"start":{"line":108,"column":33},"end":{"line":120,"column":5}},"line":108},"13":{"name":"(anonymous_13)","decl":{"start":{"line":109,"column":27},"end":{"line":109,"column":28}},"loc":{"start":{"line":109,"column":48},"end":{"line":119,"column":9}},"line":109},"14":{"name":"(anonymous_14)","decl":{"start":{"line":111,"column":40},"end":{"line":111,"column":41}},"loc":{"start":{"line":111,"column":50},"end":{"line":118,"column":13}},"line":111},"15":{"name":"(anonymous_15)","decl":{"start":{"line":122,"column":4},"end":{"line":122,"column":5}},"loc":{"start":{"line":122,"column":34},"end":{"line":133,"column":5}},"line":122}},"branchMap":{"0":{"loc":{"start":{"line":20,"column":22},"end":{"line":26,"column":3}},"type":"binary-expr","locations":[{"start":{"line":20,"column":23},"end":{"line":20,"column":27}},{"start":{"line":20,"column":31},"end":{"line":20,"column":51}},{"start":{"line":20,"column":57},"end":{"line":26,"column":2}}],"line":20},"1":{"loc":{"start":{"line":20,"column":57},"end":{"line":26,"column":2}},"type":"cond-expr","locations":[{"start":{"line":20,"column":74},"end":{"line":23,"column":1}},{"start":{"line":23,"column":6},"end":{"line":26,"column":1}}],"line":20},"2":{"loc":{"start":{"line":21,"column":4},"end":{"line":21,"column":33}},"type":"if","locations":[{"start":{"line":21,"column":4},"end":{"line":21,"column":33}},{"start":{"line":21,"column":4},"end":{"line":21,"column":33}}],"line":21},"3":{"loc":{"start":{"line":24,"column":4},"end":{"line":24,"column":33}},"type":"if","locations":[{"start":{"line":24,"column":4},"end":{"line":24,"column":33}},{"start":{"line":24,"column":4},"end":{"line":24,"column":33}}],"line":24},"4":{"loc":{"start":{"line":27,"column":25},"end":{"line":31,"column":2}},"type":"binary-expr","locations":[{"start":{"line":27,"column":26},"end":{"line":27,"column":30}},{"start":{"line":27,"column":34},"end":{"line":27,"column":57}},{"start":{"line":27,"column":63},"end":{"line":31,"column":1}}],"line":27},"5":{"loc":{"start":{"line":27,"column":63},"end":{"line":31,"column":1}},"type":"cond-expr","locations":[{"start":{"line":27,"column":80},"end":{"line":29,"column":1}},{"start":{"line":29,"column":5},"end":{"line":31,"column":1}}],"line":27},"6":{"loc":{"start":{"line":32,"column":19},"end":{"line":38,"column":1}},"type":"binary-expr","locations":[{"start":{"line":32,"column":20},"end":{"line":32,"column":24}},{"start":{"line":32,"column":28},"end":{"line":32,"column":45}},{"start":{"line":32,"column":50},"end":{"line":38,"column":1}}],"line":32},"7":{"loc":{"start":{"line":33,"column":4},"end":{"line":33,"column":42}},"type":"if","locations":[{"start":{"line":33,"column":4},"end":{"line":33,"column":42}},{"start":{"line":33,"column":4},"end":{"line":33,"column":42}}],"line":33},"8":{"loc":{"start":{"line":33,"column":8},"end":{"line":33,"column":29}},"type":"binary-expr","locations":[{"start":{"line":33,"column":8},"end":{"line":33,"column":11}},{"start":{"line":33,"column":15},"end":{"line":33,"column":29}}],"line":33},"9":{"loc":{"start":{"line":35,"column":4},"end":{"line":35,"column":141}},"type":"if","locations":[{"start":{"line":35,"column":4},"end":{"line":35,"column":141}},{"start":{"line":35,"column":4},"end":{"line":35,"column":141}}],"line":35},"10":{"loc":{"start":{"line":35,"column":40},"end":{"line":35,"column":141}},"type":"if","locations":[{"start":{"line":35,"column":40},"end":{"line":35,"column":141}},{"start":{"line":35,"column":40},"end":{"line":35,"column":141}}],"line":35},"11":{"loc":{"start":{"line":35,"column":44},"end":{"line":35,"column":107}},"type":"binary-expr","locations":[{"start":{"line":35,"column":44},"end":{"line":35,"column":59}},{"start":{"line":35,"column":63},"end":{"line":35,"column":107}}],"line":35},"12":{"loc":{"start":{"line":57,"column":8},"end":{"line":60,"column":9}},"type":"if","locations":[{"start":{"line":57,"column":8},"end":{"line":60,"column":9}},{"start":{"line":57,"column":8},"end":{"line":60,"column":9}}],"line":57},"13":{"loc":{"start":{"line":86,"column":8},"end":{"line":88,"column":9}},"type":"if","locations":[{"start":{"line":86,"column":8},"end":{"line":88,"column":9}},{"start":{"line":86,"column":8},"end":{"line":88,"column":9}}],"line":86},"14":{"loc":{"start":{"line":89,"column":21},"end":{"line":91,"column":55}},"type":"cond-expr","locations":[{"start":{"line":90,"column":14},"end":{"line":90,"column":87}},{"start":{"line":91,"column":14},"end":{"line":91,"column":55}}],"line":89},"15":{"loc":{"start":{"line":112,"column":16},"end":{"line":117,"column":17}},"type":"if","locations":[{"start":{"line":112,"column":16},"end":{"line":117,"column":17}},{"start":{"line":112,"column":16},"end":{"line":117,"column":17}}],"line":112},"16":{"loc":{"start":{"line":123,"column":8},"end":{"line":126,"column":9}},"type":"if","locations":[{"start":{"line":123,"column":8},"end":{"line":126,"column":9}},{"start":{"line":123,"column":8},"end":{"line":126,"column":9}}],"line":123},"17":{"loc":{"start":{"line":128,"column":15},"end":{"line":132,"column":104}},"type":"cond-expr","locations":[{"start":{"line":129,"column":14},"end":{"line":129,"column":18}},{"start":{"line":132,"column":16},"end":{"line":132,"column":104}}],"line":128}},"s":{"0":1,"1":0,"2":0,"3":0,"4":0,"5":0,"6":0,"7":0,"8":1,"9":1,"10":0,"11":1,"12":1,"13":0,"14":1,"15":1,"16":1,"17":14,"18":0,"19":1,"20":1,"21":1,"22":1,"23":1,"24":1,"25":1,"26":1,"27":48,"28":0,"29":0,"30":0,"31":0,"32":65,"33":1,"34":1,"35":1,"36":22,"37":1,"38":1,"39":1,"40":1,"41":22,"42":253,"43":1,"44":87,"45":0,"46":87,"47":87,"48":66,"49":66,"50":66,"51":0,"52":66,"53":87,"54":0,"55":0,"56":87,"57":87,"58":1},"f":{"0":0,"1":0,"2":0,"3":1,"4":0,"5":1,"6":48,"7":0,"8":65,"9":1,"10":253,"11":87,"12":66,"13":66,"14":66,"15":87},"b":{"0":[1,1,1],"1":[1,0],"2":[0,0],"3":[0,0],"4":[1,1,1],"5":[1,0],"6":[1,1,1],"7":[0,1],"8":[1,1],"9":[1,0],"10":[0,14],"11":[14,14],"12":[0,0],"13":[0,87],"14":[87,0],"15":[0,66],"16":[0,87],"17":[0,87]},"inputSourceMap":{"version
[...]
pe":"cond-expr","locations":[{"start":{"line":235,"column":19},"end":{"line":235,"column":70}},{"start":{"line":235,"column":73},"end":{"line":235,"column":77}}],"line":235},"21":{"loc":{"start":{"line":239,"column":4},"end":{"line":244,"column":5}},"type":"if","locations":[{"start":{"line":239,"column":4},"end":{"line":244,"column":5}},{"start":{"line":239,"column":4},"end":{"line":244,"column":5}}],"line":239},"22":{"loc":{"start":{"line":239,"column":8},"end":{"line":239,"column":76}},"type":"binary-expr","locations":[{"start":{"line":239,"column":8},"end":{"line":239,"column":46}},{"start":{"line":239,"column":50},"end":{"line":239,"column":76}}],"line":239},"23":{"loc":{"start":{"line":242,"column":9},"end":{"line":244,"column":5}},"type":"if","locations":[{"start":{"line":242,"column":9},"end":{"line":244,"column":5}},{"start":{"line":242,"column":9},"end":{"line":244,"column":5}}],"line":242},"24":{"loc":{"start":{"line":243,"column":15},"end":{"line":243,"column":45}},"type":"cond-expr","locations":[{"start":{"line":243,"column":32},"end":{"line":243,"column":37}},{"start":{"line":243,"column":40},"end":{"line":243,"column":45}}],"line":243},"25":{"loc":{"start":{"line":245,"column":11},"end":{"line":245,"column":78}},"type":"cond-expr","locations":[{"start":{"line":245,"column":19},"end":{"line":245,"column":70}},{"start":{"line":245,"column":73},"end":{"line":245,"column":78}}],"line":245}},"s":{"0":1,"1":1,"2":1,"3":1,"4":1,"5":1,"6":1,"7":1,"8":1,"9":19,"10":19,"11":19,"12":19,"13":0,"14":19,"15":1,"16":43,"17":43,"18":44,"19":43,"20":43,"21":43,"22":43,"23":1,"24":0,"25":0,"26":0,"27":0,"28":0,"29":55,"30":4,"31":20,"32":0,"33":0,"34":8,"35":20,"36":4,"37":10,"38":4,"39":10,"40":4,"41":10,"42":4,"43":10,"44":1,"45":4,"46":0,"47":0,"48":0,"49":20,"50":20,"51":0,"52":20,"53":10,"54":19,"55":19,"56":0,"57":40,"58":20,"59":50,"60":4,"61":10,"62":4,"63":10,"64":4,"65":11,"66":11,"67":16,"68":16,"69":16,"70":1,"71":16,"72":1,"73":15,"74":32,"75":32,"76":28,"77":0,"78":28,"79":1,"80":145,"81":0,"82":145,"83":6,"84":139,"85":1,"86":102,"87":0,"88":102,"89":8,"90":94,"91":1,"92":183,"93":0,"94":183,"95":20,"96":163,"97":1},"f":{"0":1,"1":19,"2":19,"3":43,"4":44,"5":0,"6":0,"7":0,"8":0,"9":0,"10":55,"11":4,"12":20,"13":0,"14":0,"15":8,"16":20,"17":4,"18":10,"19":4,"20":10,"21":4,"22":10,"23":4,"24":10,"25":4,"26":0,"27":0,"28":0,"29":20,"30":10,"31":19,"32":40,"33":20,"34":50,"35":4,"36":10,"37":4,"38":10,"39":4,"40":11,"41":16,"42":32,"43":28,"44":145,"45":102,"46":183},"b":{"0":[1,1,1],"1":[0,1],"2":[1,1],"3":[19,0],"4":[0,19],"5":[43,0],"6":[19,0],"7":[11,0],"8":[1,15],"9":[1,15],"10":[32,0],"11":[0,28],"12":[28,0],"13":[0,145],"14":[6,139],"15":[135,4],"16":[0,102],"17":[102,8],"18":[8,94],"19":[8,0],"20":[89,5],"21":[0,183],"22":[183,20],"23":[20,163],"24":[20,0],"25":[163,0]},"inputSourceMap":{"version":3,"file":"/home/rryter/Projects/alliance-erc725.js/src/lib/encoder.ts","sources":["/home/rryter/Projects/alliance-erc725.js/src/lib/encoder.ts"],"names":[],"mappings":";AAAA;;;;;;;;;;;;EAYE;AACF;;;;GAIG;;;;;;AAEH;;EAEE;AAEF,gEAAmC;AACnC,2CAQoB;AAEpB,2CAAwC;AACxC,mCAAmC;AAmBnC,MAAM,wBAAwB,GAAG,CAC/B,QAAgB,EAChB,QAAgB,EAChB,UAAkB,EACV,EAAE;IACV,MAAM,aAAa,GAAG,QAAQ,CAAC,WAAW,EAAE,CAAC;IAC7C,MAAM,YAAY,GAAG,qBAAS,CAAC,aAAa,CAAC,IAAI,CAC/C,CAAC,QAAQ,EAAE,EAAE,CACX,QAAQ,CAAC,IAAI,KAAK,aAAa,IAAI,QAAQ,CAAC,GAAG,KAAK,aAAa,CACpE,CAAC;IAEF,IAAI,CAAC,YAAY,EAAE;QACjB,MAAM,IAAI,KAAK,CACb,kDAAkD,GAAG,QAAQ,CAC9D,CAAC;KACH;IAED,kGAAkG;IAClG,OAAO,CACL,YAAY,CAAC,GAAG;QAChB,QAAQ,CAAC,OAAO,CAAC,IAAI,EAAE,EAAE,CAAC;QAC1B,sBAAS,CAAC,UAAU,CAAC,CAAC,OAAO,CAAC,IAAI,EAAE,EAAE,CAAC,CACxC,CAAC;AACJ,CAAC,CAAC;AAEF,MAAM,wBAAwB,GAAG,CAC/B,KAAa,EAC0D,EAAE;IACzE,MAAM,eAAe,GAAG,KAAK,CAAC,MAAM,CAAC,CAAC,EAAE,EAAE,CAAC,CAAC;IAC5C,MAAM,YAAY,GAAG,qBAAS,CAAC,aAAa,CAAC,IAAI,CAC/C,CAAC,CAAC,EAAE,EAAE,CAAC,CAAC,CAAC,GAAG,KAAK,eAAe,CACjC,CAAC;IACF,MAAM,WAAW,GAAG,KAAK,CAAC,OAAO,CAAC,IAAI,EAAE,EAAE,CAAC,CAAC,MAAM,CAAC,CAAC,CAAC,CAAC,CAAC,0CAA0C;IACjG,MAAM,QAAQ,GAAG,IAAI,GAAG,WAAW,CAAC,MAAM,CAAC,CAAC,EAAE,EAAE,CAAC,CAAC,CAAC,wBAAwB;IAC3E,MAAM,UAAU,GAAG,sBAAS,CAAC,IAAI,GAAG,WAAW,CAAC,MAAM,CAAC,EAAE,CAAC,CAAC,CAAC,CAAC,uBAAuB;IACpF,OAAO,YAAY;QACjB,CAAC,CAAC,EAAE,YAAY,EAAE,YAAY,CAAC,IAAI,EAAE,QAAQ,EAAE,UAAU,EAAE;QAC3D,CAAC,CAAC,IAAI,CAAC;AACX,CAAC,CAAC;AAEF,MAAM,oBAAoB,GAAG;IAC3B,MAAM,EAAE;QACN,aAAa;QACb,MAAM,EAAE,CAAC,KAAK,EAAE,EAAE,CAAC,sBAAO,CAAC,eAAe,CAAC,QAAQ,EAAE,KAAK,CAAC;QAC3D,aAAa;QACb,MAAM,EAAE,CAAC,KAAK,EAAE,EAAE,CAAC,sBAAO,CAAC,eAAe,CAAC,QAAQ,EAAE,KAAK,CAAC;KAC5D;IACD,OAAO,EAAE;QACP,aAAa;QACb,MAAM,EAAE,CAAC,KAAK,EAAE,EAAE,CAAC,sBAAO,CAAC,eAAe,CAAC,SAAS,EAAE,KAAK,CAAC;QAC5D,aAAa;QACb,MAAM,EAAE,CAAC,KAAK,EAAE,EAAE,CAAC,sBAAO,CAAC,eAAe,CAAC,SAAS,EAAE,KAAK,CAAC;KAC7D;IACD,oEAAoE;IACpE,OAAO,EAAE;QACP,aAAa;QACb,MAAM,EAAE,CAAC,KAAK,EAAE,EAAE,CAAC,sBAAO,CAAC,eAAe,CAAC,SAAS,EAAE,KAAK,CAAC;QAC5D,aAAa;QACb,MAAM,EAAE,CAAC,KAAK,EAAE,EAAE,CAAC,sBAAO,CAAC,eAAe,CAAC,SAAS,EAAE,KAAK,CAAC;KAC7D;IACD,OAAO,EAAE;QACP,aAAa;QACb,MAAM,EAAE,CAAC,KAAK,EAAE,EAAE,CAAC,sBAAO,CAAC,eAAe,CAAC,SAAS,EAAE,KAAK,CAAC;QAC5D,aAAa;QACb,MAAM,EAAE,CAAC,KAAK,EAAE,EAAE,CAAC,sBAAO,CAAC,eAAe,CAAC,SAAS,EAAE,KAAK,CAAC;KAC7D;IACD,KAAK,EAAE;QACL,aAAa;QACb,MAAM,EAAE,CAAC,KAAK,EAAE,EAAE,CAAC,sBAAO,CAAC,eAAe,CAAC,OAAO,EAAE,KAAK,CAAC;QAC1D,aAAa;QACb,MAAM,EAAE,CAAC,KAAK,EAAE,EAAE,CAAC,sBAAO,CAAC,eAAe,CAAC,OAAO,EAAE,KAAK,CAAC;KAC3D;IACD,UAAU,EAAE;QACV,aAAa;QACb,MAAM,EAAE,CAAC,KAAK,EAAE,EAAE,CAAC,sBAAO,CAAC,eAAe,CAAC,UAAU,EAAE,KAAK,CAAC;QAC7D,aAAa;QACb,MAAM,EAAE,CAAC,KAAK,EAAE,EAAE,CAAC,sBAAO,CAAC,eAAe,CAAC,UAAU,EAAE,KAAK,CAAC;KAC9D;IACD,WAAW,EAAE;QACX,aAAa;QACb,MAAM,EAAE,CAAC,KAAK,EAAE,EAAE,CAAC,sBAAO,CAAC,eAAe,CAAC,WAAW,EAAE,KAAK,CAAC;QAC9D,aAAa;QACb,MAAM,EAAE,CAAC,KAAK,EAAE,EAAE,CAAC,sBAAO,CAAC,eAAe,CAAC,WAAW,EAAE,KAAK,CAAC;KAC/D;IACD,WAAW,EAAE;QACX,aAAa;QACb,MAAM,EAAE,CAAC,KAAK,EAAE,EAAE,CAAC,sBAAO,CAAC,eAAe,CAAC,WAAW,EAAE,KAAK,CAAC;QAC9D,aAAa;QACb,MAAM,EAAE,CAAC,KAAK,EAAE,EAAE,CAAC,sBAAO,CAAC,eAAe,CAAC,WAAW,EAAE,KAAK,CAAC;KAC/D;IACD,WAAW,EAAE;QACX,aAAa;QACb,MAAM,EAAE,CAAC,KAAK,EAAE,EAAE,CAAC,sBAAO,CAAC,eAAe,CAAC,WAAW,EAAE,KAAK,CAAC;QAC9D,aAAa;QACb,MAAM,EAAE,CAAC,KAAK,EAAE,EAAE,CAAC,sBAAO,CAAC,eAAe,CAAC,WAAW,EAAE,KAAK,CAAC;KAC/D;IACD,SAAS,EAAE;QACT,aAAa;QACb,MAAM,EAAE,CAAC,KAAK,EAAE,EAAE,CAAC,sBAAO,CAAC,eAAe,CAAC,SAAS,EAAE,KAAK,CAAC;QAC5D,aAAa;QACb,MAAM,EAAE,CAAC,KAAK,EAAE,EAAE,CAAC,sBAAO,CAAC,eAAe,CAAC,SAAS,EAAE,KAAK,CAAC;KAC7D;CACF,CAAC;AAEF,2BAA2B;AAC3B,8EAA8E;AACjE,QAAA,uBAAuB,GAAG;IACrC,SAAS,EAAE;QACT,IAAI,EAAE,SAAS;QACf,MAAM,EAAE,CAAC,KAAK,EAAE,EAAE,CAAC,KAAK;QACxB,MAAM,EAAE,CAAC,KAAK,EAAE,EAAE,CAAC,KAAK;KACzB;IACD,oDAAoD;IACpD,WAAW,EAAE;QACX,IAAI,EAAE,SAAS;QACf,MAAM,EAAE,CAAC,KAAK,EAAE,EAAE,CAAC,oBAAO,CAAC,wBAAW,CAAC,KAAK,CAAC,EAAE,EAAE,CAAC;QAClD,MAAM,EAAE,CAAC,KAAK,EAAE,EAAE,CAAC,wBAAW,CAAC,KAAK,CAAC;KACtC;IACD,MAAM,EAAE;QACN,IAAI,EAAE,SAAS;QACf,mEAAmE;QACnE,MAAM,EAAE,CAAC,KAAK,EAAE,EAAE;YAChB,6CAA6C;YAC7C,IAAI;gBACF,6CAA6C;gBAC7C,KAAK,GAAG,QAAQ,CAAC,KAAK,EAAE,EAAE,CAAC,CAAC;aAC7B;YAAC,OAAO,KAAK,EAAE;gBACd,MAAM,IAAI,KAAK,CAAC,KAAK,CAAC,CAAC;aACxB;YAED,OAAO,oBAAO,CAAC,wBAAW,CAAC,KAAK,CAAC,EAAE,EAAE,CAAC,CAAC;QACzC,CAAC;QACD,MAAM,EAAE,CAAC,KAAK,EAAE,EAAE,CAAC,EAAE,GAAG,wBAAW,CAAC,KAAK,CAAC;KAC3C;IACD,0EAA0E;IAC1E,OAAO,EAAE;QACP,IAAI,EAAE,SAAS;QACf,MAAM,EAAE,CAAC,KAAK,EAAE,EAAE;YAChB,IAAI,sBAAS,CAAC,KAAK,CAAC,EAAE;gBACpB,OAAO,KAAK,CAAC,WAAW,EAAE,CAAC;aAC5B;YAED,MAAM,IAAI,KAAK,CAAC,YAAY,GAAG,KAAK,GAAG,0BAA0B,CAAC,CAAC;QACrE,CAAC;QACD,MAAM,EAAE,CAAC,KAAK,EAAE,EAAE,CAAC,8BAAiB,CAAC,KAAK,CAAC;KAC5C;IACD,MAAM,EAAE;QACN,IAAI,EAAE,QAAQ;QACd,MAAM,EAAE,CAAC,KAAK,EAAE,EAAE,CAAC,sBAAS,CAAC,KAAK,CAAC;QACnC,MAAM,EAAE,CAAC,KAAK,EAAE,EAAE,CAAC,sBAAS,CAAC,KAAK,CAAC;KACpC;IACD,QAAQ,EAAE;QACR,IAAI,EAAE,QAAQ;QACd,MAAM,EAAE,CAAC,KAAK,EAAE,EAAE,CAAC,sBAAS,CAAC,KAAK,CAAC;QACnC,MAAM,EAAE,CAAC,KAAK,EAAE,EAAE,CAAC,sBAAS,CAAC,KAAK,CAAC;KACpC;IACD,GAAG,EAAE;QACH,IAAI,EAAE,QAAQ;QACd,MAAM,EAAE,CAAC,KAAK,EAAE,EAAE,CAAC,sBAAS,CAAC,KAAK,CAAC;QACnC,MAAM,EAAE,CAAC,KAAK,EAAE,EAAE,CAAC,sBAAS,CAAC,KAAK,CAAC;KACpC;IACD,QAAQ,EAAE;QACR,IAAI,EAAE,QAAQ;QACd,MAAM,EAAE,CAAC,KAAK,EAAE,EAAE,CAChB,wBAAwB,CAAC,KAAK,CAAC,YAAY,EAAE,KAAK,CAAC,IAAI,EAAE,KAAK,CAAC,GAAG,CAAC;QACrE,MAAM,EAAE,CAAC,KAAK,EAAE,EAAE;YAChB,MAAM,MAAM,GAAG,wBAAwB,CAAC,KAAK,CAAC,CAAC;YAC/C,OAAO,MAAM;gBACX,CAAC,CAAC;oBACE,YAAY,EAAE,MAAM,CAAC,YAAY;oBACjC,IAAI,EAAE,MAAM,CAAC,QAAQ;oBACrB,GAAG,EAAE,MAAM,CAAC,UAAU;iBACvB;gBACH,CAAC,CAAC,IAAI,CAAC;QACX,CAAC;KACF;IACD,OAAO,EAAE;QACP,IAAI,EAAE,QAAQ;QACd,4CAA4C;QAC5C,MAAM,EAAE,CAAC,KAA0B,EAAE,EAAE;YACrC,MAAM,EAAE,IAAI,EAAE,IAAI,EAAE,YAAY,EAAE,GAAG,EAAE,GAAG,KAAK,CAAC;YAEhD,IAAI,UAAU,GAAG,IAAI,CAAC;YAEtB,IAAI,IAAI,EAAE;gBACR,UAAU,GAAG,gBAAQ,CAAC,IAAI,EAAE,YAAY,CAAC,CAAC;aAC3C;YAED,IAAI,CAAC,UAAU,EAAE;gBACf,MAAM,IAAI,KAAK,CACb,+EAA+E,CAChF,CAAC;aACH;YAED,OAAO,wBAAwB,CAAC,YAAY,EAAE,UAAU,EAAE,GAAG,CAAC,CAAC;QACjE,CAAC;QACD,MAAM,EAAE,CAAC,KAAK,EAAE,EAAE;YAChB,MAAM,MAAM,GAAG,wBAAwB,CAAC,KAAK,CAAC,CAAC;YAC/C,OAAO,MAAM;gBACX,CAAC,CAAC;oBACE,YAAY,EAAE,MAAM,CAAC,YAAY;oBACjC,IAAI,EAAE,MAAM,CAAC,QAAQ;oBACrB,GAAG,EAAE,MAAM,CAAC,UAAU;iBACvB;gBACH,CAAC,CAAC,IAAI,CAAC;QACX,CAAC;KACF;CACF,CAAC;AAEF,SAAgB,eAAe,CAAC,IAAY,EAAE,KAAa;IACzD,IAAI,CAAC,oBAAoB,CAAC,IAAI,CAAC,EAAE;QAC/B,MAAM,IAAI,KAAK,CAAC,+BAA+B,GAAG,IAAI,GAAG,IAAI,CAAC,CAAC;KAChE;IAED,OAAO,KAAK,CAAC,CAAC,CAAC,oBAAoB,CAAC,IAAI,CAAC,CAAC,MAAM,CAAC,KAAK,CAAC,CAAC,CAAC,CAAC,KAAK,CAAC;AAClE,CAAC;AAND,0CAMC;AAED,SAAgB,eAAe,CAAC,IAAY,EAAE,KAAa;IACzD,IAAI,CAAC,oBAAoB,CAAC,IAAI,CAAC,EAAE;QAC/B,MAAM,IAAI,KAAK,CAAC,+BAA+B,GAAG,IAAI,GAAG,IAAI,CAAC,CAAC;KAChE;IAED,IAAI,KAAK,KAAK,IAAI;QAAE,OAAO,IAAI,CAAC;IAEhC,OAAO,KAAK,CAAC,CAAC,CAAC,oBAAoB,CAAC,IAAI,CAAC,CAAC,MAAM,CAAC,KAAK,CAAC,CAAC,CAAC,CAAC,KAAK,CAAC;AAClE,CAAC;AARD,0CAQC;AAED,SAAgB,kBAAkB,CAChC,IAAY,EACZ,KAAa;IAEb,IAAI,CAAC,+BAAuB,CAAC,IAAI,CAAC,IAAI,IAAI,CAAC,MAAM,CAAC,CAAC,EAAE,CAAC,CAAC,KAAK,IAAI,EAAE;QAChE,MAAM,IAAI,KAAK,CAAC,kCAAkC,GAAG,IAAI,GAAG,IAAI,CAAC,CAAC;KACnE;SAAM,IAAI,IAAI,CAAC,MAAM,CAAC,CAAC,EAAE,CAAC,CAAC,KAAK,IAAI,EAAE;QACrC,OAAO,IAAI,KAAK,KAAK,CAAC,CAAC,CAAC,KAAK,CAAC,CAAC,CAAC,KAAK,CAAC;KACvC;IAED,OAAO,KAAK,CAAC,CAAC,CAAC,+BAAuB,CAAC,IAAI,CAAC,CAAC,MAAM,CAAC,KAAK,CAAC,CAAC,CAAC,CAAC,IAAI,CAAC;AACpE,CAAC;AAXD,gDAWC;AAED,SAAgB,kBAAkB,CAChC,IAAY,EACZ,KAAa;IAEb,IAAI,CAAC,+BAAuB,CAAC,IAAI,CAAC,IAAI,IAAI,CAAC,MAAM,CAAC,CAAC,EAAE,CAAC,CAAC,KAAK,IAAI,EAAE;QAChE,MAAM,IAAI,KAAK,CAAC,kCAAkC,GAAG,IAAI,GAAG,IAAI,CAAC,CAAC;KACnE;SAAM,IAAI,IAAI,CAAC,MAAM,CAAC,CAAC,EAAE,CAAC,CAAC,KAAK,IAAI,EAAE;QACrC,OAAO,IAAI,KAAK,KAAK,CAAC,CAAC,CAAC,KAAK,CAAC,CAAC,CAAC,KAAK,CAAC;KACvC;IAED,OAAO,KAAK,CAAC,CAAC,CAAC,+BAAuB,CAAC,IAAI,CAAC,CAAC,MAAM,CAAC,KAAK,CAAC,CAAC,CAAC,CAAC,KAAK,CAAC;AACrE,CAAC;AAXD,gDAWC","sourcesContent":["/*\n    This file is part of ERC725.js.\n    ERC725.js is free software: you can redistribute it and/or modify\n    it under the terms of the GNU Lesser General Public License as published by\n    the Free Software Foundation, either version 3 of the License, or\n    (at your option) any later version.\n    ERC725.js is distributed in the hope that it will be useful,\n    but WITHOUT ANY WARRANTY; without even the implied warranty of\n    MERCHANTABILITY or FITNESS FOR A PARTICULAR PURPOSE.  See the\n    GNU Lesser General Public License for more details.\n    You should have received a copy of the GNU Lesser General Public License\n    along with ERC725.js.  If not, see <http://www.gnu.org/licenses/>.\n*/\n/**\n * @file lib/encoder.ts\n * @author Robert McLeod <@robertdavid010>, Fabian Vogelsteller <fabian@lukso.network>\n * @date 2020\n */\n\n/*\n  this handles encoding and decoding as per necessary for the erc725 schema specifications\n*/\n\nimport Web3Abi from 'web3-eth-abi';\nimport {\n  hexToNumber,\n  hexToUtf8,\n  isAddress,\n  numberToHex,\n  padLeft,\n  toChecksumAddress,\n  utf8ToHex,\n} from 'web3-utils';\n\nimport { CONSTANTS } from './constants';\nimport { hashData } from './utils';\n\ninterface JSONURLData {\n  hashFunction: string;\n  url: string;\n}\n\ninterface JSONURLDataWithHash extends JSONURLData {\n  hash: string;\n  json?: never;\n}\n\ninterface JSONURLDataWithJson extends JSONURLData {\n  hash?: never;\n  json: unknown;\n}\n\ntype JSONURLDataToEncode = JSONURLDataWithHash | JSONURLDataWithJson;\n\nconst encodeDataSourceWithHash = (\n  hashType: string,\n  dataHash: string,\n  dataSource: string,\n): string => {\n  const lowerHashType = hashType.toLowerCase();\n  const hashFunction = CONSTANTS.hashFunctions.find(\n    (hashFunc) =>\n      hashFunc.name === lowerHashType || hashFunc.sig === lowerHashType,\n  );\n\n  if (!hashFunction) {\n    throw new Error(\n      'Unsupported hash type to encode hash and value: ' + hashType,\n    );\n  }\n\n  // NOTE: QUESTION: Do we need 'toHex', in case future algorithms do not output hex as keccak does?\n  return (\n    hashFunction.sig +\n    dataHash.replace('0x', '') +\n    utf8ToHex(dataSource).replace('0x', '')\n  );\n};\n\nconst decodeDataSourceWithHash = (\n  value: string,\n): { hashFunction: string; dataHash: string; dataSource: string } | null => {\n  const hashFunctionSig = value.substr(0, 10);\n  const hashFunction = CONSTANTS.hashFunctions.find(\n    (e) => e.sig === hashFunctionSig,\n  );\n  const encodedData = value.replace('0x', '').substr(8); // Rest of data string after function hash\n  const dataHash = '0x' + encodedData.substr(0, 64); // Get jsonHash 32 bytes\n  const dataSource = hexToUtf8('0x' + encodedData.substr(64)); // Get remainder as URI\n  return hashFunction\n    ? { hashFunction: hashFunction.name, dataHash, dataSource }\n    : null;\n};\n\nconst valueTypeEncodingMap = {\n  string: {\n    // @ts-ignore\n    encode: (value) => Web3Abi.encodeParameter('string', value),\n    // @ts-ignore\n    decode: (value) => Web3Abi.decodeParameter('string', value),\n  },\n  address: {\n    // @ts-ignore\n    encode: (value) => Web3Abi.encodeParameter('address', value),\n    // @ts-ignore\n    decode: (value) => Web3Abi.decodeParameter('address', value),\n  },\n  // NOTE: We could add conditional handling of numeric values here...\n  uint256: {\n    // @ts-ignore\n    encode: (value) => Web3Abi.encodeParameter('uint256', value),\n    // @ts-ignore\n    decode: (value) => Web3Abi.decodeParameter('uint256', value),\n  },\n  bytes32: {\n    // @ts-ignore\n    encode: (value) => Web3Abi.encodeParameter('bytes32', value),\n    // @ts-ignore\n    decode: (value) => Web3Abi.decodeParameter('bytes32', value),\n  },\n  bytes: {\n    // @ts-ignore\n    encode: (value) => Web3Abi.encodeParameter('bytes', value),\n    // @ts-ignore\n    decode: (value) => Web3Abi.decodeParameter('bytes', value),\n  },\n  'string[]': {\n    // @ts-ignore\n    encode: (value) => Web3Abi.encodeParameter('string[]', value),\n    // @ts-ignore\n    decode: (value) => Web3Abi.decodeParameter('string[]', value),\n  },\n  'address[]': {\n    // @ts-ignore\n    encode: (value) => Web3Abi.encodeParameter('address[]', value),\n    // @ts-ignore\n    decode: (value) => Web3Abi.decodeParameter('address[]', value),\n  },\n  'uint256[]': {\n    // @ts-ignore\n    encode: (value) => Web3Abi.encodeParameter('uint256[]', value),\n    // @ts-ignore\n    decode: (value) => Web3Abi.decodeParameter('uint256[]', value),\n  },\n  'bytes32[]': {\n    // @ts-ignore\n    encode: (value) => Web3Abi.encodeParameter('bytes32[]', value),\n    // @ts-ignore\n    decode: (value) => Web3Abi.decodeParameter('bytes32[]', value),\n  },\n  'bytes[]': {\n    // @ts-ignore\n    encode: (value) => Web3Abi.encodeParameter('bytes[]', value),\n    // @ts-ignore\n    decode: (value) => Web3Abi.decodeParameter('bytes[]', value),\n  },\n};\n\n// Use enum for type bellow\n// Is it this enum Erc725SchemaValueType? (If so, custom is missing from enum)\nexport const valueContentEncodingMap = {\n  Keccak256: {\n    type: 'bytes32',\n    encode: (value) => value,\n    decode: (value) => value,\n  },\n  // NOTE: Deprecated. For reference/testing in future\n  ArrayLength: {\n    type: 'uint256',\n    encode: (value) => padLeft(numberToHex(value), 64),\n    decode: (value) => hexToNumber(value),\n  },\n  Number: {\n    type: 'uint256',\n    // NOTE; extra logic is to handle and always return a string number\n    encode: (value) => {\n      // eslint-disable-next-line no-param-reassign\n      try {\n        // eslint-disable-next-line no-param-reassign\n        value = parseInt(value, 10);\n      } catch (error) {\n        throw new Error(error);\n      }\n\n      return padLeft(numberToHex(value), 64);\n    },\n    decode: (value) => '' + hexToNumber(value),\n  },\n  // NOTE: This is not symmetrical, and always returns a checksummed address\n  Address: {\n    type: 'address',\n    encode: (value) => {\n      if (isAddress(value)) {\n        return value.toLowerCase();\n      }\n\n      throw new Error('Address: \"' + value + '\" is an invalid address.');\n    },\n    decode: (value) => toChecksumAddress(value),\n  },\n  String: {\n    type: 'string',\n    encode: (value) => utf8ToHex(value),\n    decode: (value) => hexToUtf8(value),\n  },\n  Markdown: {\n    type: 'string',\n    encode: (value) => utf8ToHex(value),\n    decode: (value) => hexToUtf8(value),\n  },\n  URL: {\n    type: 'string',\n    encode: (value) => utf8ToHex(value),\n    decode: (value) => hexToUtf8(value),\n  },\n  AssetURL: {\n    type: 'custom',\n    encode: (value) =>\n      encodeDataSourceWithHash(value.hashFunction, value.hash, value.url),\n    decode: (value) => {\n      const result = decodeDataSourceWithHash(value);\n      return result\n        ? {\n            hashFunction: result.hashFunction,\n            hash: result.dataHash,\n            url: result.dataSource,\n          }\n        : null;\n    },\n  },\n  JSONURL: {\n    type: 'custom',\n    // eslint-disable-next-line arrow-body-style\n    encode: (value: JSONURLDataToEncode) => {\n      const { hash, json, hashFunction, url } = value;\n\n      let hashedJson = hash;\n\n      if (json) {\n        hashedJson = hashData(json, hashFunction);\n      }\n\n      if (!hashedJson) {\n        throw new Error(\n          'You have to provide either the hash or the json via the respective properties',\n        );\n      }\n\n      return encodeDataSourceWithHash(hashFunction, hashedJson, url);\n    },\n    decode: (value) => {\n      const result = decodeDataSourceWithHash(value);\n      return result\n        ? {\n            hashFunction: result.hashFunction,\n            hash: result.dataHash,\n            url: result.dataSource,\n          }\n        : null;\n    },\n  },\n};\n\nexport function encodeValueType(type: string, value: string): string {\n  if (!valueTypeEncodingMap[type]) {\n    throw new Error('Could not encode valueType: \"' + type + '\".');\n  }\n\n  return value ? valueTypeEncodingMap[type].encode(value) : value;\n}\n\nexport function decodeValueType(type: string, value: string) {\n  if (!valueTypeEncodingMap[type]) {\n    throw new Error('Could not decode valueType: \"' + type + '\".');\n  }\n\n  if (value === '0x') return null;\n\n  return value ? valueTypeEncodingMap[type].decode(value) : value;\n}\n\nexport function encodeValueContent(\n  type: string,\n  value: string,\n): string | false {\n  if (!valueContentEncodingMap[type] && type.substr(0, 2) !== '0x') {\n    throw new Error('Could not encode valueContent: \"' + type + '\".');\n  } else if (type.substr(0, 2) === '0x') {\n    return type === value ? value : false;\n  }\n\n  return value ? valueContentEncodingMap[type].encode(value) : '0x';\n}\n\nexport function decodeValueContent(\n  type: string,\n  value: string,\n): string | false {\n  if (!valueContentEncodingMap[type] && type.substr(0, 2) !== '0x') {\n    throw new Error('Could not decode valueContent: \"' + type + '\".');\n  } else if (type.substr(0, 2) === '0x') {\n    return type === value ? value : false;\n  }\n\n  return value ? valueContentEncodingMap[type].decode(value) : value;\n}\n"]},"_coverageSchema":"1a1c01bbd47fc00a2c39e90264f33305004495a9","hash":"eb6f52293eb373b1e7942121735760477946b789","contentHash":"38859a90b77165786dd277e6f6b69018dc8d8e88aa1b4f260a0f617674139ef7"}}